Using pre-set license
Built from '2021.3/staging' branch; Version is '2021.3.22f1 (b6c551784ba3) revision 11978065'; Using compiler version '192829333'; Build Type 'Release'
OS: 'Windows 11  (10.0.22621) 64bit Professional' Language: 'ko' Physical Memory: 15943 MB
BatchMode: 1, IsHumanControllingUs: 0, StartBugReporterOnCrash: 0, Is64bit: 1, IsPro: 1

COMMAND LINE ARGUMENTS:
C:\Program Files\Unity\Hub\Editor\2021.3.22f1\Editor\Unity.exe
-adb2
-batchMode
-noUpm
-name
AssetImportWorker3
-projectPath
C:/Users/USER/Documents/GitHub/2023-2-gameProgramming/My project
-logFile
Logs/AssetImportWorker3.log
-srvPort
49839
Successfully changed project path to: C:/Users/USER/Documents/GitHub/2023-2-gameProgramming/My project
C:/Users/USER/Documents/GitHub/2023-2-gameProgramming/My project
[UnityMemory] Configuration Parameters - Can be set up in boot.config
    "memorysetup-bucket-allocator-granularity=16"
    "memorysetup-bucket-allocator-bucket-count=8"
    "memorysetup-bucket-allocator-block-size=33554432"
    "memorysetup-bucket-allocator-block-count=8"
    "memorysetup-main-allocator-block-size=16777216"
    "memorysetup-thread-allocator-block-size=16777216"
    "memorysetup-gfx-main-allocator-block-size=16777216"
    "memorysetup-gfx-thread-allocator-block-size=16777216"
    "memorysetup-cache-allocator-block-size=4194304"
    "memorysetup-typetree-allocator-block-size=2097152"
    "memorysetup-profiler-bucket-allocator-granularity=16"
    "memorysetup-profiler-bucket-allocator-bucket-count=8"
    "memorysetup-profiler-bucket-allocator-block-size=33554432"
    "memorysetup-profiler-bucket-allocator-block-count=8"
    "memorysetup-profiler-allocator-block-size=16777216"
    "memorysetup-profiler-editor-allocator-block-size=1048576"
    "memorysetup-temp-allocator-size-main=16777216"
    "memorysetup-job-temp-allocator-block-size=2097152"
    "memorysetup-job-temp-allocator-block-size-background=1048576"
    "memorysetup-job-temp-allocator-reduction-small-platforms=262144"
    "memorysetup-temp-allocator-size-background-worker=32768"
    "memorysetup-temp-allocator-size-job-worker=262144"
    "memorysetup-temp-allocator-size-preload-manager=33554432"
    "memorysetup-temp-allocator-size-nav-mesh-worker=65536"
    "memorysetup-temp-allocator-size-audio-worker=65536"
    "memorysetup-temp-allocator-size-cloud-worker=32768"
    "memorysetup-temp-allocator-size-gi-baking-worker=262144"
    "memorysetup-temp-allocator-size-gfx=262144"
Player connection [28280] Host "[IP] 192.168.159.1 [Port] 0 [Flags] 2 [Guid] 2615690836 [EditorId] 2615690836 [Version] 1048832 [Id] WindowsEditor(7,DESKTOP-DEMO7D5) [Debug] 1 [PackageName] WindowsEditor [ProjectName] Editor" joined multi-casting on [225.0.0.222:54997]...

Player connection [28280] Host "[IP] 192.168.159.1 [Port] 0 [Flags] 2 [Guid] 2615690836 [EditorId] 2615690836 [Version] 1048832 [Id] WindowsEditor(7,DESKTOP-DEMO7D5) [Debug] 1 [PackageName] WindowsEditor [ProjectName] Editor" joined alternative multi-casting on [225.0.0.222:34997]...

Refreshing native plugins compatible for Editor in 74.76 ms, found 3 plugins.
Preloading 0 native plugins for Editor in 0.00 ms.
Initialize engine version: 2021.3.22f1 (b6c551784ba3)
[Subsystems] Discovering subsystems at path C:/Program Files/Unity/Hub/Editor/2021.3.22f1/Editor/Data/Resources/UnitySubsystems
[Subsystems] Discovering subsystems at path C:/Users/USER/Documents/GitHub/2023-2-gameProgramming/My project/Assets
GfxDevice: creating device client; threaded=0; jobified=0
Direct3D:
    Version:  Direct3D 11.0 [level 11.1]
    Renderer: Intel(R) Iris(R) Xe Graphics (ID=0xa7a0)
    Vendor:   Intel
    VRAM:     7971 MB
    Driver:   31.0.101.4314
Initialize mono
Mono path[0] = 'C:/Program Files/Unity/Hub/Editor/2021.3.22f1/Editor/Data/Managed'
Mono path[1] = 'C:/Program Files/Unity/Hub/Editor/2021.3.22f1/Editor/Data/MonoBleedingEdge/lib/mono/unityjit-win32'
Mono config path = 'C:/Program Files/Unity/Hub/Editor/2021.3.22f1/Editor/Data/MonoBleedingEdge/etc'
Using monoOptions --debugger-agent=transport=dt_socket,embedding=1,server=y,suspend=n,address=127.0.0.1:56276
Begin MonoManager ReloadAssembly
Registering precompiled unity dll's ...
Register platform support module: C:/Program Files/Unity/Hub/Editor/2021.3.22f1/Editor/Data/PlaybackEngines/WindowsStandaloneSupport/UnityEditor.WindowsStandalone.Extensions.dll
Registered in 0.003999 seconds.
Native extension for WindowsStandalone target not found
Refreshing native plugins compatible for Editor in 52.72 ms, found 3 plugins.
Preloading 0 native plugins for Editor in 0.00 ms.
Mono: successfully reloaded assembly
- Completed reload, in  0.450 seconds
Domain Reload Profiling:
	ReloadAssembly (451ms)
		BeginReloadAssembly (59ms)
			ExecutionOrderSort (0ms)
			DisableScriptedObjects (0ms)
			BackupInstance (0ms)
			ReleaseScriptingObjects (0ms)
			CreateAndSetChildDomain (1ms)
		EndReloadAssembly (320ms)
			LoadAssemblies (57ms)
			RebuildTransferFunctionScriptingTraits (0ms)
			SetupTypeCache (77ms)
			ReleaseScriptCaches (0ms)
			RebuildScriptCaches (19ms)
			SetupLoadedEditorAssemblies (187ms)
				LogAssemblyErrors (0ms)
				InitializePlatformSupportModulesInManaged (5ms)
				SetLoadedEditorAssemblies (0ms)
				RefreshPlugins (53ms)
				BeforeProcessingInitializeOnLoad (1ms)
				ProcessInitializeOnLoadAttributes (91ms)
				ProcessInitializeOnLoadMethodAttributes (37ms)
				AfterProcessingInitializeOnLoad (0ms)
				EditorAssembliesLoaded (0ms)
			ExecutionOrderSort2 (0ms)
			AwakeInstancesAfterBackupRestoration (0ms)
Platform modules already initialized, skipping
Registering precompiled user dll's ...
Registered in 0.004959 seconds.
Begin MonoManager ReloadAssembly
Symbol file LoadedFromMemory doesn't match image C:\Users\USER\Documents\GitHub\2023-2-gameProgramming\My project\Library\PackageCache\com.unity.visualscripting@1.8.0\Editor\VisualScripting.Core\Dependencies\YamlDotNet\Unity.VisualScripting.YamlDotNet.dll
Symbol file LoadedFromMemory doesn't match image C:\Users\USER\Documents\GitHub\2023-2-gameProgramming\My project\Library\PackageCache\com.unity.visualscripting@1.8.0\Editor\VisualScripting.Core\Dependencies\DotNetZip\Unity.VisualScripting.IonicZip.dll
Native extension for WindowsStandalone target not found
Refreshing native plugins compatible for Editor in 0.41 ms, found 3 plugins.
Preloading 0 native plugins for Editor in 0.00 ms.
Mono: successfully reloaded assembly
- Completed reload, in  1.130 seconds
Domain Reload Profiling:
	ReloadAssembly (1130ms)
		BeginReloadAssembly (94ms)
			ExecutionOrderSort (0ms)
			DisableScriptedObjects (4ms)
			BackupInstance (0ms)
			ReleaseScriptingObjects (0ms)
			CreateAndSetChildDomain (17ms)
		EndReloadAssembly (947ms)
			LoadAssemblies (74ms)
			RebuildTransferFunctionScriptingTraits (0ms)
			SetupTypeCache (386ms)
			ReleaseScriptCaches (0ms)
			RebuildScriptCaches (36ms)
			SetupLoadedEditorAssemblies (423ms)
				LogAssemblyErrors (0ms)
				InitializePlatformSupportModulesInManaged (4ms)
				SetLoadedEditorAssemblies (0ms)
				RefreshPlugins (0ms)
				BeforeProcessingInitializeOnLoad (58ms)
				ProcessInitializeOnLoadAttributes (332ms)
				ProcessInitializeOnLoadMethodAttributes (17ms)
				AfterProcessingInitializeOnLoad (10ms)
				EditorAssembliesLoaded (0ms)
			ExecutionOrderSort2 (0ms)
			AwakeInstancesAfterBackupRestoration (5ms)
Platform modules already initialized, skipping
========================================================================
Worker process is ready to serve import requests
Shader 'SimpleURPToonLitExample(With Outline)': fallback shader 'Hidden/Universal Render Pipeline/FallbackError' not found
Shader 'SimpleURPToonLitExample(With Outline)': fallback shader 'Hidden/Universal Render Pipeline/FallbackError' not found
Launched and connected shader compiler UnityShaderCompiler.exe after 0.09 seconds
Refreshing native plugins compatible for Editor in 0.44 ms, found 3 plugins.
Preloading 0 native plugins for Editor in 0.00 ms.
Unloading 3156 Unused Serialized files (Serialized files now loaded: 0)
Unloading 27 unused Assets / (206.1 KB). Loaded Objects now: 3636.
Memory consumption went from 127.0 MB to 126.8 MB.
Total: 3.183500 ms (FindLiveObjects: 0.201100 ms CreateObjectMapping: 0.088900 ms MarkObjects: 2.499900 ms  DeleteObjects: 0.392200 ms)

AssetImportParameters requested are different than current active one (requested -> active):
  custom:video-decoder-ogg-theora: a1e56fd34408186e4bbccfd4996cb3dc -> 
  custom:container-muxer-webm: aa71ff27fc2769a1b78a27578f13a17b -> 
  custom:container-demuxer-webm: 4f35f7cbe854078d1ac9338744f61a02 -> 
  custom:video-encoder-webm-vp8: eb34c28f22e8b96e1ab97ce403110664 -> 
  custom:audio-encoder-webm-vorbis: bf7c407c2cedff20999df2af8eb42d56 -> 
  custom:framework-win-MediaFoundation: 216162199b28c13a410421893ffa2e32 -> 
  custom:container-demuxer-ogg: 62fdf1f143b41e24485cea50d1cbac27 -> 
  custom:video-decoder-webm-vp8: 9c59270c3fd7afecdb556c50c9e8de78 -> 
  custom:audio-decoder-ogg-vorbis: bf7c407c2cedff20999df2af8eb42d56 -> 
========================================================================
Received Import Request.
  Time since last request: 1688.455954 seconds.
  path: Assets/52SpecialEffectPack/Effect/Effect(Shuriken)/Explode2.prefab
  artifactKey: Guid(bf6ce3cd3c47ff64cb9bcdfc16964bd6) Importer(815301076,1909f56bfc062723c751e8b465ee728b)
Start importing Assets/52SpecialEffectPack/Effect/Effect(Shuriken)/Explode2.prefab using Guid(bf6ce3cd3c47ff64cb9bcdfc16964bd6) Importer(815301076,1909f56bfc062723c751e8b465ee728b)  -> (artifact id: 'c8af1a4a7d3d1d5e5d2e5871d402624e') in 0.129518 seconds 
========================================================================
Received Import Request.
  Time since last request: 0.000026 seconds.
  path: Assets/52SpecialEffectPack/Effect/Effect(Shuriken)/DeadBall.prefab
  artifactKey: Guid(537a18d45863c794c97e81b7bc643e71) Importer(815301076,1909f56bfc062723c751e8b465ee728b)
Start importing Assets/52SpecialEffectPack/Effect/Effect(Shuriken)/DeadBall.prefab using Guid(537a18d45863c794c97e81b7bc643e71) Importer(815301076,1909f56bfc062723c751e8b465ee728b)  -> (artifact id: '86290049a303ce7d8a6a08bfacabc7cd') in 0.027151 seconds 
========================================================================
Received Import Request.
  Time since last request: 0.000026 seconds.
  path: Assets/52SpecialEffectPack/Effect/Effect(Shuriken)/Explode8.prefab
  artifactKey: Guid(be7d9c7b953f9b143861af17cf32d4ca) Importer(815301076,1909f56bfc062723c751e8b465ee728b)
Start importing Assets/52SpecialEffectPack/Effect/Effect(Shuriken)/Explode8.prefab using Guid(be7d9c7b953f9b143861af17cf32d4ca) Importer(815301076,1909f56bfc062723c751e8b465ee728b)  -> (artifact id: '6566d32270cb003ca9a7b4a44eeb5f47') in 0.049735 seconds 
========================================================================
Received Import Request.
  Time since last request: 0.000035 seconds.
  path: Assets/52SpecialEffectPack/Effect/Effect(Shuriken)/LaserFire.prefab
  artifactKey: Guid(2773c6c2c174c334890f7ce3d5f3d936) Importer(815301076,1909f56bfc062723c751e8b465ee728b)
Start importing Assets/52SpecialEffectPack/Effect/Effect(Shuriken)/LaserFire.prefab using Guid(2773c6c2c174c334890f7ce3d5f3d936) Importer(815301076,1909f56bfc062723c751e8b465ee728b)  -> (artifact id: 'fb045c333202c42c5df419509f34940d') in 0.026757 seconds 
========================================================================
Received Import Request.
  Time since last request: 0.000029 seconds.
  path: Assets/52SpecialEffectPack/Effect/Effect(Shuriken)/ElementalArrow2.prefab
  artifactKey: Guid(a8d60f6853b51ee4ba75f1966f4f358f) Importer(815301076,1909f56bfc062723c751e8b465ee728b)
Start importing Assets/52SpecialEffectPack/Effect/Effect(Shuriken)/ElementalArrow2.prefab using Guid(a8d60f6853b51ee4ba75f1966f4f358f) Importer(815301076,1909f56bfc062723c751e8b465ee728b)  -> (artifact id: '83d6a38881990f0c5911858b3947b4c2') in 0.024840 seconds 
========================================================================
Received Import Request.
  Time since last request: 0.000029 seconds.
  path: Assets/52SpecialEffectPack/Effect/Effect(Shuriken)/DeadExplode.prefab
  artifactKey: Guid(bf350f60afaca7e44b4533526bda51c2) Importer(815301076,1909f56bfc062723c751e8b465ee728b)
Start importing Assets/52SpecialEffectPack/Effect/Effect(Shuriken)/DeadExplode.prefab using Guid(bf350f60afaca7e44b4533526bda51c2) Importer(815301076,1909f56bfc062723c751e8b465ee728b)  -> (artifact id: '43418e531f30b540a353d5a70230e7e1') in 0.024197 seconds 
========================================================================
Received Import Request.
  Time since last request: 0.000024 seconds.
  path: Assets/52SpecialEffectPack/Texture/Ring5.mat
  artifactKey: Guid(c061c555d0180d54d8d4a51514f0d2d5) Importer(815301076,1909f56bfc062723c751e8b465ee728b)
Start importing Assets/52SpecialEffectPack/Texture/Ring5.mat using Guid(c061c555d0180d54d8d4a51514f0d2d5) Importer(815301076,1909f56bfc062723c751e8b465ee728b)  -> (artifact id: '5a35cd0832d043280bbe0a3a2a9793a6') in 0.047509 seconds 
========================================================================
Received Import Request.
  Time since last request: 0.000029 seconds.
  path: Assets/52SpecialEffectPack/Effect
  artifactKey: Guid(fd74533eee6aaee48aae7ca1d5b64026) Importer(815301076,1909f56bfc062723c751e8b465ee728b)
Start importing Assets/52SpecialEffectPack/Effect using Guid(fd74533eee6aaee48aae7ca1d5b64026) Importer(815301076,1909f56bfc062723c751e8b465ee728b)  -> (artifact id: '646bb9eb44108800b62c9b07e30f8450') in 0.015993 seconds 
========================================================================
Received Import Request.
  Time since last request: 0.000024 seconds.
  path: Assets/52SpecialEffectPack/Texture/Core4.mat
  artifactKey: Guid(9d59fd0bb2aa4e248b8cd728c1241ae9) Importer(815301076,1909f56bfc062723c751e8b465ee728b)
Start importing Assets/52SpecialEffectPack/Texture/Core4.mat using Guid(9d59fd0bb2aa4e248b8cd728c1241ae9) Importer(815301076,1909f56bfc062723c751e8b465ee728b)  -> (artifact id: 'a294f08e21f211f2235ee2cd7c51f075') in 0.019981 seconds 
Editor requested this worker to shutdown with reason: Scaling down because of idle timeout
AssetImportWorker is now disconnected from the server
Process exiting
Exiting without the bug reporter. Application will terminate with return code 0