Using pre-set license
Built from '2021.3/staging' branch; Version is '2021.3.22f1 (b6c551784ba3) revision 11978065'; Using compiler version '192829333'; Build Type 'Release'
OS: 'Windows 11  (10.0.22621) 64bit Professional' Language: 'ko' Physical Memory: 15943 MB
BatchMode: 1, IsHumanControllingUs: 0, StartBugReporterOnCrash: 0, Is64bit: 1, IsPro: 1

COMMAND LINE ARGUMENTS:
C:\Program Files\Unity\Hub\Editor\2021.3.22f1\Editor\Unity.exe
-adb2
-batchMode
-noUpm
-name
AssetImportWorker8
-projectPath
C:/Users/USER/Documents/GitHub/2023-2-gameProgramming/My project
-logFile
Logs/AssetImportWorker8.log
-srvPort
49839
Successfully changed project path to: C:/Users/USER/Documents/GitHub/2023-2-gameProgramming/My project
C:/Users/USER/Documents/GitHub/2023-2-gameProgramming/My project
[UnityMemory] Configuration Parameters - Can be set up in boot.config
    "memorysetup-bucket-allocator-granularity=16"
    "memorysetup-bucket-allocator-bucket-count=8"
    "memorysetup-bucket-allocator-block-size=33554432"
    "memorysetup-bucket-allocator-block-count=8"
    "memorysetup-main-allocator-block-size=16777216"
    "memorysetup-thread-allocator-block-size=16777216"
    "memorysetup-gfx-main-allocator-block-size=16777216"
    "memorysetup-gfx-thread-allocator-block-size=16777216"
    "memorysetup-cache-allocator-block-size=4194304"
    "memorysetup-typetree-allocator-block-size=2097152"
    "memorysetup-profiler-bucket-allocator-granularity=16"
    "memorysetup-profiler-bucket-allocator-bucket-count=8"
    "memorysetup-profiler-bucket-allocator-block-size=33554432"
    "memorysetup-profiler-bucket-allocator-block-count=8"
    "memorysetup-profiler-allocator-block-size=16777216"
    "memorysetup-profiler-editor-allocator-block-size=1048576"
    "memorysetup-temp-allocator-size-main=16777216"
    "memorysetup-job-temp-allocator-block-size=2097152"
    "memorysetup-job-temp-allocator-block-size-background=1048576"
    "memorysetup-job-temp-allocator-reduction-small-platforms=262144"
    "memorysetup-temp-allocator-size-background-worker=32768"
    "memorysetup-temp-allocator-size-job-worker=262144"
    "memorysetup-temp-allocator-size-preload-manager=33554432"
    "memorysetup-temp-allocator-size-nav-mesh-worker=65536"
    "memorysetup-temp-allocator-size-audio-worker=65536"
    "memorysetup-temp-allocator-size-cloud-worker=32768"
    "memorysetup-temp-allocator-size-gi-baking-worker=262144"
    "memorysetup-temp-allocator-size-gfx=262144"
Player connection [23532] Host "[IP] 192.168.159.1 [Port] 0 [Flags] 2 [Guid] 2900661237 [EditorId] 2900661237 [Version] 1048832 [Id] WindowsEditor(7,DESKTOP-DEMO7D5) [Debug] 1 [PackageName] WindowsEditor [ProjectName] Editor" joined multi-casting on [225.0.0.222:54997]...

Player connection [23532] Host "[IP] 192.168.159.1 [Port] 0 [Flags] 2 [Guid] 2900661237 [EditorId] 2900661237 [Version] 1048832 [Id] WindowsEditor(7,DESKTOP-DEMO7D5) [Debug] 1 [PackageName] WindowsEditor [ProjectName] Editor" joined alternative multi-casting on [225.0.0.222:34997]...

Refreshing native plugins compatible for Editor in 76.04 ms, found 3 plugins.
Preloading 0 native plugins for Editor in 0.00 ms.
Initialize engine version: 2021.3.22f1 (b6c551784ba3)
[Subsystems] Discovering subsystems at path C:/Program Files/Unity/Hub/Editor/2021.3.22f1/Editor/Data/Resources/UnitySubsystems
[Subsystems] Discovering subsystems at path C:/Users/USER/Documents/GitHub/2023-2-gameProgramming/My project/Assets
GfxDevice: creating device client; threaded=0; jobified=0
Direct3D:
    Version:  Direct3D 11.0 [level 11.1]
    Renderer: Intel(R) Iris(R) Xe Graphics (ID=0xa7a0)
    Vendor:   Intel
    VRAM:     7971 MB
    Driver:   31.0.101.4314
Initialize mono
Mono path[0] = 'C:/Program Files/Unity/Hub/Editor/2021.3.22f1/Editor/Data/Managed'
Mono path[1] = 'C:/Program Files/Unity/Hub/Editor/2021.3.22f1/Editor/Data/MonoBleedingEdge/lib/mono/unityjit-win32'
Mono config path = 'C:/Program Files/Unity/Hub/Editor/2021.3.22f1/Editor/Data/MonoBleedingEdge/etc'
Using monoOptions --debugger-agent=transport=dt_socket,embedding=1,server=y,suspend=n,address=127.0.0.1:56484
Begin MonoManager ReloadAssembly
Registering precompiled unity dll's ...
Register platform support module: C:/Program Files/Unity/Hub/Editor/2021.3.22f1/Editor/Data/PlaybackEngines/WindowsStandaloneSupport/UnityEditor.WindowsStandalone.Extensions.dll
Registered in 0.004085 seconds.
Native extension for WindowsStandalone target not found
Refreshing native plugins compatible for Editor in 60.64 ms, found 3 plugins.
Preloading 0 native plugins for Editor in 0.00 ms.
Mono: successfully reloaded assembly
- Completed reload, in  0.557 seconds
Domain Reload Profiling:
	ReloadAssembly (557ms)
		BeginReloadAssembly (100ms)
			ExecutionOrderSort (0ms)
			DisableScriptedObjects (0ms)
			BackupInstance (0ms)
			ReleaseScriptingObjects (0ms)
			CreateAndSetChildDomain (1ms)
		EndReloadAssembly (366ms)
			LoadAssemblies (94ms)
			RebuildTransferFunctionScriptingTraits (0ms)
			SetupTypeCache (92ms)
			ReleaseScriptCaches (0ms)
			RebuildScriptCaches (25ms)
			SetupLoadedEditorAssemblies (203ms)
				LogAssemblyErrors (0ms)
				InitializePlatformSupportModulesInManaged (7ms)
				SetLoadedEditorAssemblies (0ms)
				RefreshPlugins (61ms)
				BeforeProcessingInitializeOnLoad (1ms)
				ProcessInitializeOnLoadAttributes (96ms)
				ProcessInitializeOnLoadMethodAttributes (38ms)
				AfterProcessingInitializeOnLoad (0ms)
				EditorAssembliesLoaded (0ms)
			ExecutionOrderSort2 (0ms)
			AwakeInstancesAfterBackupRestoration (0ms)
Platform modules already initialized, skipping
Registering precompiled user dll's ...
Registered in 0.003955 seconds.
Begin MonoManager ReloadAssembly
Symbol file LoadedFromMemory doesn't match image C:\Users\USER\Documents\GitHub\2023-2-gameProgramming\My project\Library\PackageCache\com.unity.visualscripting@1.8.0\Editor\VisualScripting.Core\Dependencies\YamlDotNet\Unity.VisualScripting.YamlDotNet.dll
Symbol file LoadedFromMemory doesn't match image C:\Users\USER\Documents\GitHub\2023-2-gameProgramming\My project\Library\PackageCache\com.unity.visualscripting@1.8.0\Editor\VisualScripting.Core\Dependencies\DotNetZip\Unity.VisualScripting.IonicZip.dll
Native extension for WindowsStandalone target not found
Refreshing native plugins compatible for Editor in 0.53 ms, found 3 plugins.
Preloading 0 native plugins for Editor in 0.00 ms.
Mono: successfully reloaded assembly
- Completed reload, in  0.962 seconds
Domain Reload Profiling:
	ReloadAssembly (963ms)
		BeginReloadAssembly (95ms)
			ExecutionOrderSort (0ms)
			DisableScriptedObjects (5ms)
			BackupInstance (0ms)
			ReleaseScriptingObjects (0ms)
			CreateAndSetChildDomain (15ms)
		EndReloadAssembly (779ms)
			LoadAssemblies (71ms)
			RebuildTransferFunctionScriptingTraits (0ms)
			SetupTypeCache (211ms)
			ReleaseScriptCaches (0ms)
			RebuildScriptCaches (41ms)
			SetupLoadedEditorAssemblies (431ms)
				LogAssemblyErrors (0ms)
				InitializePlatformSupportModulesInManaged (5ms)
				SetLoadedEditorAssemblies (0ms)
				RefreshPlugins (1ms)
				BeforeProcessingInitializeOnLoad (67ms)
				ProcessInitializeOnLoadAttributes (335ms)
				ProcessInitializeOnLoadMethodAttributes (15ms)
				AfterProcessingInitializeOnLoad (7ms)
				EditorAssembliesLoaded (0ms)
			ExecutionOrderSort2 (0ms)
			AwakeInstancesAfterBackupRestoration (5ms)
Platform modules already initialized, skipping
========================================================================
Worker process is ready to serve import requests
Shader 'SimpleURPToonLitExample(With Outline)': fallback shader 'Hidden/Universal Render Pipeline/FallbackError' not found
Shader 'SimpleURPToonLitExample(With Outline)': fallback shader 'Hidden/Universal Render Pipeline/FallbackError' not found
Launched and connected shader compiler UnityShaderCompiler.exe after 0.04 seconds
Refreshing native plugins compatible for Editor in 0.44 ms, found 3 plugins.
Preloading 0 native plugins for Editor in 0.00 ms.
Unloading 3156 Unused Serialized files (Serialized files now loaded: 0)
Unloading 27 unused Assets / (206.0 KB). Loaded Objects now: 3638.
Memory consumption went from 127.0 MB to 126.8 MB.
Total: 2.840400 ms (FindLiveObjects: 0.178200 ms CreateObjectMapping: 0.064500 ms MarkObjects: 2.449800 ms  DeleteObjects: 0.146500 ms)

AssetImportParameters requested are different than current active one (requested -> active):
  custom:video-decoder-ogg-theora: a1e56fd34408186e4bbccfd4996cb3dc -> 
  custom:container-muxer-webm: aa71ff27fc2769a1b78a27578f13a17b -> 
  custom:container-demuxer-webm: 4f35f7cbe854078d1ac9338744f61a02 -> 
  custom:video-encoder-webm-vp8: eb34c28f22e8b96e1ab97ce403110664 -> 
  custom:audio-encoder-webm-vorbis: bf7c407c2cedff20999df2af8eb42d56 -> 
  custom:framework-win-MediaFoundation: 216162199b28c13a410421893ffa2e32 -> 
  custom:container-demuxer-ogg: 62fdf1f143b41e24485cea50d1cbac27 -> 
  custom:video-decoder-webm-vp8: 9c59270c3fd7afecdb556c50c9e8de78 -> 
  custom:audio-decoder-ogg-vorbis: bf7c407c2cedff20999df2af8eb42d56 -> 
========================================================================
Received Prepare
Registering precompiled user dll's ...
Registered in 0.008966 seconds.
Begin MonoManager ReloadAssembly
Symbol file LoadedFromMemory doesn't match image C:\Users\USER\Documents\GitHub\2023-2-gameProgramming\My project\Library\PackageCache\com.unity.visualscripting@1.8.0\Editor\VisualScripting.Core\Dependencies\YamlDotNet\Unity.VisualScripting.YamlDotNet.dll
Symbol file LoadedFromMemory doesn't match image C:\Users\USER\Documents\GitHub\2023-2-gameProgramming\My project\Library\PackageCache\com.unity.visualscripting@1.8.0\Editor\VisualScripting.Core\Dependencies\DotNetZip\Unity.VisualScripting.IonicZip.dll
Native extension for WindowsStandalone target not found
Refreshing native plugins compatible for Editor in 0.96 ms, found 3 plugins.
Preloading 0 native plugins for Editor in 0.00 ms.
Mono: successfully reloaded assembly
- Completed reload, in  1.331 seconds
Domain Reload Profiling:
	ReloadAssembly (1332ms)
		BeginReloadAssembly (141ms)
			ExecutionOrderSort (0ms)
			DisableScriptedObjects (4ms)
			BackupInstance (0ms)
			ReleaseScriptingObjects (0ms)
			CreateAndSetChildDomain (46ms)
		EndReloadAssembly (1102ms)
			LoadAssemblies (75ms)
			RebuildTransferFunctionScriptingTraits (0ms)
			SetupTypeCache (269ms)
			ReleaseScriptCaches (2ms)
			RebuildScriptCaches (56ms)
			SetupLoadedEditorAssemblies (617ms)
				LogAssemblyErrors (0ms)
				InitializePlatformSupportModulesInManaged (10ms)
				SetLoadedEditorAssemblies (1ms)
				RefreshPlugins (1ms)
				BeforeProcessingInitializeOnLoad (75ms)
				ProcessInitializeOnLoadAttributes (486ms)
				ProcessInitializeOnLoadMethodAttributes (31ms)
				AfterProcessingInitializeOnLoad (14ms)
				EditorAssembliesLoaded (0ms)
			ExecutionOrderSort2 (0ms)
			AwakeInstancesAfterBackupRestoration (9ms)
Platform modules already initialized, skipping
Shader 'SimpleURPToonLitExample(With Outline)': fallback shader 'Hidden/Universal Render Pipeline/FallbackError' not found
Shader 'SimpleURPToonLitExample(With Outline)': fallback shader 'Hidden/Universal Render Pipeline/FallbackError' not found
Refreshing native plugins compatible for Editor in 1.79 ms, found 3 plugins.
Preloading 0 native plugins for Editor in 0.00 ms.
Unloading 3135 Unused Serialized files (Serialized files now loaded: 0)
Unloading 20 unused Assets / (173.0 KB). Loaded Objects now: 3641.
Memory consumption went from 125.1 MB to 125.0 MB.
Total: 3.077100 ms (FindLiveObjects: 0.182000 ms CreateObjectMapping: 0.071100 ms MarkObjects: 2.685300 ms  DeleteObjects: 0.137400 ms)

AssetImportParameters requested are different than current active one (requested -> active):
  custom:video-decoder-ogg-theora: a1e56fd34408186e4bbccfd4996cb3dc -> 
  custom:container-muxer-webm: aa71ff27fc2769a1b78a27578f13a17b -> 
  custom:container-demuxer-webm: 4f35f7cbe854078d1ac9338744f61a02 -> 
  custom:video-encoder-webm-vp8: eb34c28f22e8b96e1ab97ce403110664 -> 
  custom:audio-encoder-webm-vorbis: bf7c407c2cedff20999df2af8eb42d56 -> 
  custom:framework-win-MediaFoundation: 216162199b28c13a410421893ffa2e32 -> 
  custom:container-demuxer-ogg: 62fdf1f143b41e24485cea50d1cbac27 -> 
  custom:video-decoder-webm-vp8: 9c59270c3fd7afecdb556c50c9e8de78 -> 
  custom:audio-decoder-ogg-vorbis: bf7c407c2cedff20999df2af8eb42d56 -> 
========================================================================
Received Prepare
Registering precompiled user dll's ...
Registered in 0.007026 seconds.
Begin MonoManager ReloadAssembly
Symbol file LoadedFromMemory doesn't match image C:\Users\USER\Documents\GitHub\2023-2-gameProgramming\My project\Library\PackageCache\com.unity.visualscripting@1.8.0\Editor\VisualScripting.Core\Dependencies\YamlDotNet\Unity.VisualScripting.YamlDotNet.dll
Symbol file LoadedFromMemory doesn't match image C:\Users\USER\Documents\GitHub\2023-2-gameProgramming\My project\Library\PackageCache\com.unity.visualscripting@1.8.0\Editor\VisualScripting.Core\Dependencies\DotNetZip\Unity.VisualScripting.IonicZip.dll
Native extension for WindowsStandalone target not found
Refreshing native plugins compatible for Editor in 0.56 ms, found 3 plugins.
Preloading 0 native plugins for Editor in 0.00 ms.
Mono: successfully reloaded assembly
- Completed reload, in  1.438 seconds
Domain Reload Profiling:
	ReloadAssembly (1440ms)
		BeginReloadAssembly (134ms)
			ExecutionOrderSort (0ms)
			DisableScriptedObjects (4ms)
			BackupInstance (0ms)
			ReleaseScriptingObjects (0ms)
			CreateAndSetChildDomain (38ms)
		EndReloadAssembly (1210ms)
			LoadAssemblies (88ms)
			RebuildTransferFunctionScriptingTraits (0ms)
			SetupTypeCache (376ms)
			ReleaseScriptCaches (2ms)
			RebuildScriptCaches (52ms)
			SetupLoadedEditorAssemblies (610ms)
				LogAssemblyErrors (0ms)
				InitializePlatformSupportModulesInManaged (8ms)
				SetLoadedEditorAssemblies (0ms)
				RefreshPlugins (1ms)
				BeforeProcessingInitializeOnLoad (83ms)
				ProcessInitializeOnLoadAttributes (481ms)
				ProcessInitializeOnLoadMethodAttributes (26ms)
				AfterProcessingInitializeOnLoad (12ms)
				EditorAssembliesLoaded (0ms)
			ExecutionOrderSort2 (0ms)
			AwakeInstancesAfterBackupRestoration (9ms)
Platform modules already initialized, skipping
Shader 'SimpleURPToonLitExample(With Outline)': fallback shader 'Hidden/Universal Render Pipeline/FallbackError' not found
Shader 'SimpleURPToonLitExample(With Outline)': fallback shader 'Hidden/Universal Render Pipeline/FallbackError' not found
Refreshing native plugins compatible for Editor in 2.54 ms, found 3 plugins.
Preloading 0 native plugins for Editor in 0.00 ms.
Unloading 3135 Unused Serialized files (Serialized files now loaded: 0)
Unloading 20 unused Assets / (173.1 KB). Loaded Objects now: 3644.
Memory consumption went from 125.2 MB to 125.0 MB.
Total: 2.847400 ms (FindLiveObjects: 0.178200 ms CreateObjectMapping: 0.181000 ms MarkObjects: 2.373500 ms  DeleteObjects: 0.113800 ms)

AssetImportParameters requested are different than current active one (requested -> active):
  custom:video-decoder-ogg-theora: a1e56fd34408186e4bbccfd4996cb3dc -> 
  custom:container-muxer-webm: aa71ff27fc2769a1b78a27578f13a17b -> 
  custom:container-demuxer-webm: 4f35f7cbe854078d1ac9338744f61a02 -> 
  custom:video-encoder-webm-vp8: eb34c28f22e8b96e1ab97ce403110664 -> 
  custom:audio-encoder-webm-vorbis: bf7c407c2cedff20999df2af8eb42d56 -> 
  custom:framework-win-MediaFoundation: 216162199b28c13a410421893ffa2e32 -> 
  custom:container-demuxer-ogg: 62fdf1f143b41e24485cea50d1cbac27 -> 
  custom:video-decoder-webm-vp8: 9c59270c3fd7afecdb556c50c9e8de78 -> 
  custom:audio-decoder-ogg-vorbis: bf7c407c2cedff20999df2af8eb42d56 -> 
========================================================================
Received Import Request.
  Time since last request: 2735.992552 seconds.
  path: Assets/BAO/Prefab/Canvas.prefab
  artifactKey: Guid(6f8a09e194e012e4d972f7870449b1e2) Importer(815301076,1909f56bfc062723c751e8b465ee728b)
Start importing Assets/BAO/Prefab/Canvas.prefab using Guid(6f8a09e194e012e4d972f7870449b1e2) Importer(815301076,1909f56bfc062723c751e8b465ee728b)  -> (artifact id: '7b8d0e89bf90963e849f6fdff1bbb80c') in 0.074661 seconds 
========================================================================
Received Import Request.
  Time since last request: 25.502555 seconds.
  path: Assets/52SpecialEffectPack/Effect/Effect(Shuriken)/SummonMagicCircle2.prefab
  artifactKey: Guid(2f18c32efccdebe42b56f6de27c8c92e) Importer(815301076,1909f56bfc062723c751e8b465ee728b)
Start importing Assets/52SpecialEffectPack/Effect/Effect(Shuriken)/SummonMagicCircle2.prefab using Guid(2f18c32efccdebe42b56f6de27c8c92e) Importer(815301076,1909f56bfc062723c751e8b465ee728b)  -> (artifact id: '6e8343b2869ac120870d68a4a7164aec') in 0.066572 seconds 
========================================================================
Received Import Request.
  Time since last request: 0.692597 seconds.
  path: Assets/52SpecialEffectPack/Effect/Effect(Shuriken)/SummonMagicCircle2.prefab
  artifactKey: Guid(2f18c32efccdebe42b56f6de27c8c92e) Importer(815301076,1909f56bfc062723c751e8b465ee728b)
Start importing Assets/52SpecialEffectPack/Effect/Effect(Shuriken)/SummonMagicCircle2.prefab using Guid(2f18c32efccdebe42b56f6de27c8c92e) Importer(815301076,1909f56bfc062723c751e8b465ee728b)  -> (artifact id: '5974ca289a043a0260e7fa7e3e428e8a') in 0.015468 seconds 
========================================================================
Received Import Request.
  Time since last request: 9.836141 seconds.
  path: Assets/52SpecialEffectPack/Effect/Effect(Shuriken)/BlueBall.prefab
  artifactKey: Guid(4248ba95366d5904686c308a47794818) Importer(815301076,1909f56bfc062723c751e8b465ee728b)
Start importing Assets/52SpecialEffectPack/Effect/Effect(Shuriken)/BlueBall.prefab using Guid(4248ba95366d5904686c308a47794818) Importer(815301076,1909f56bfc062723c751e8b465ee728b)  -> (artifact id: '2c5844a45818fbb106ef1b18c5b00dd6') in 0.011437 seconds 
========================================================================
Received Import Request.
  Time since last request: 14.389413 seconds.
  path: Assets/52SpecialEffectPack/Effect/Effect(Shuriken)/MagicCircleRelease.prefab
  artifactKey: Guid(fc90607984114ad4b82ab9cecd612f99) Importer(815301076,1909f56bfc062723c751e8b465ee728b)
Start importing Assets/52SpecialEffectPack/Effect/Effect(Shuriken)/MagicCircleRelease.prefab using Guid(fc90607984114ad4b82ab9cecd612f99) Importer(815301076,1909f56bfc062723c751e8b465ee728b)  -> (artifact id: '3828779b62fee7ef29447a918a6474d0') in 0.014310 seconds 
========================================================================
Received Import Request.
  Time since last request: 0.973117 seconds.
  path: Assets/52SpecialEffectPack/Effect/Effect(Shuriken)/MagicCircleRelease.prefab
  artifactKey: Guid(fc90607984114ad4b82ab9cecd612f99) Importer(815301076,1909f56bfc062723c751e8b465ee728b)
Start importing Assets/52SpecialEffectPack/Effect/Effect(Shuriken)/MagicCircleRelease.prefab using Guid(fc90607984114ad4b82ab9cecd612f99) Importer(815301076,1909f56bfc062723c751e8b465ee728b)  -> (artifact id: 'bd537e6c58dc4b82c60a9eb31560e7ba') in 0.016648 seconds 
========================================================================
Received Import Request.
  Time since last request: 2.832885 seconds.
  path: Assets/52SpecialEffectPack/Effect/Effect(Shuriken)/LightningBall.prefab
  artifactKey: Guid(8bd82d4797b26664c85cbfa5b50a59c1) Importer(815301076,1909f56bfc062723c751e8b465ee728b)
Start importing Assets/52SpecialEffectPack/Effect/Effect(Shuriken)/LightningBall.prefab using Guid(8bd82d4797b26664c85cbfa5b50a59c1) Importer(815301076,1909f56bfc062723c751e8b465ee728b)  -> (artifact id: '28a143a087a7e534e9cbdfbfa7c49571') in 0.013426 seconds 
========================================================================
Received Import Request.
  Time since last request: 2.808022 seconds.
  path: Assets/52SpecialEffectPack/Effect/Effect(Shuriken)/LightningBall.prefab
  artifactKey: Guid(8bd82d4797b26664c85cbfa5b50a59c1) Importer(815301076,1909f56bfc062723c751e8b465ee728b)
Start importing Assets/52SpecialEffectPack/Effect/Effect(Shuriken)/LightningBall.prefab using Guid(8bd82d4797b26664c85cbfa5b50a59c1) Importer(815301076,1909f56bfc062723c751e8b465ee728b)  -> (artifact id: '97d4e4221fd3a324df0f63b312a6a835') in 0.013498 seconds 
========================================================================
Received Import Request.
  Time since last request: 2.630933 seconds.
  path: Assets/52SpecialEffectPack/Effect/Effect(Shuriken)/LaserFire.prefab
  artifactKey: Guid(2773c6c2c174c334890f7ce3d5f3d936) Importer(815301076,1909f56bfc062723c751e8b465ee728b)
Start importing Assets/52SpecialEffectPack/Effect/Effect(Shuriken)/LaserFire.prefab using Guid(2773c6c2c174c334890f7ce3d5f3d936) Importer(815301076,1909f56bfc062723c751e8b465ee728b)  -> (artifact id: '94b955aa27b77b2d6fcd0c73c31c136a') in 0.023245 seconds 
========================================================================
Received Import Request.
  Time since last request: 0.964999 seconds.
  path: Assets/52SpecialEffectPack/Effect/Effect(Shuriken)/LaserFire.prefab
  artifactKey: Guid(2773c6c2c174c334890f7ce3d5f3d936) Importer(815301076,1909f56bfc062723c751e8b465ee728b)
Start importing Assets/52SpecialEffectPack/Effect/Effect(Shuriken)/LaserFire.prefab using Guid(2773c6c2c174c334890f7ce3d5f3d936) Importer(815301076,1909f56bfc062723c751e8b465ee728b)  -> (artifact id: 'a44ffad58103ce84433fb501c8680696') in 0.015897 seconds 
========================================================================
Received Import Request.
  Time since last request: 1.397584 seconds.
  path: Assets/52SpecialEffectPack/Effect/Effect(Shuriken)/LaserFire.prefab
  artifactKey: Guid(2773c6c2c174c334890f7ce3d5f3d936) Importer(815301076,1909f56bfc062723c751e8b465ee728b)
Start importing Assets/52SpecialEffectPack/Effect/Effect(Shuriken)/LaserFire.prefab using Guid(2773c6c2c174c334890f7ce3d5f3d936) Importer(815301076,1909f56bfc062723c751e8b465ee728b)  -> (artifact id: '59b0c18d083b6988c8e47c68d876b13a') in 0.016226 seconds 
========================================================================
Received Import Request.
  Time since last request: 0.995295 seconds.
  path: Assets/52SpecialEffectPack/Effect/Effect(Shuriken)/LaserFire.prefab
  artifactKey: Guid(2773c6c2c174c334890f7ce3d5f3d936) Importer(815301076,1909f56bfc062723c751e8b465ee728b)
Start importing Assets/52SpecialEffectPack/Effect/Effect(Shuriken)/LaserFire.prefab using Guid(2773c6c2c174c334890f7ce3d5f3d936) Importer(815301076,1909f56bfc062723c751e8b465ee728b)  -> (artifact id: '4933c0d08ee231b4d226ae24a2f1e5f6') in 0.014625 seconds 
========================================================================
Received Import Request.
  Time since last request: 1.193682 seconds.
  path: Assets/52SpecialEffectPack/Effect/Effect(Shuriken)/LaserFire.prefab
  artifactKey: Guid(2773c6c2c174c334890f7ce3d5f3d936) Importer(815301076,1909f56bfc062723c751e8b465ee728b)
Start importing Assets/52SpecialEffectPack/Effect/Effect(Shuriken)/LaserFire.prefab using Guid(2773c6c2c174c334890f7ce3d5f3d936) Importer(815301076,1909f56bfc062723c751e8b465ee728b)  -> (artifact id: 'b137999e841539c4d212348c39e2be1b') in 0.013916 seconds 
========================================================================
Received Import Request.
  Time since last request: 0.509295 seconds.
  path: Assets/52SpecialEffectPack/Texture/Laser2.mat
  artifactKey: Guid(2201a46990368624db57f9b3d9568de8) Importer(815301076,1909f56bfc062723c751e8b465ee728b)
Start importing Assets/52SpecialEffectPack/Texture/Laser2.mat using Guid(2201a46990368624db57f9b3d9568de8) Importer(815301076,1909f56bfc062723c751e8b465ee728b)  -> (artifact id: '3c0a2ae744acab4943586ae727a71bdf') in 0.042755 seconds 
========================================================================
Received Import Request.
  Time since last request: 0.215794 seconds.
  path: Assets/52SpecialEffectPack/Effect/Effect(Shuriken)/LaserFire.prefab
  artifactKey: Guid(2773c6c2c174c334890f7ce3d5f3d936) Importer(815301076,1909f56bfc062723c751e8b465ee728b)
Start importing Assets/52SpecialEffectPack/Effect/Effect(Shuriken)/LaserFire.prefab using Guid(2773c6c2c174c334890f7ce3d5f3d936) Importer(815301076,1909f56bfc062723c751e8b465ee728b)  -> (artifact id: '7e3f2c32b5e574cb2ef6e0722968d4b5') in 0.017725 seconds 
========================================================================
Received Import Request.
  Time since last request: 4.859824 seconds.
  path: Assets/52SpecialEffectPack/Effect/Effect(Shuriken)/Portal.prefab
  artifactKey: Guid(c98be9ff8d0b99c4f8857faf470634cf) Importer(815301076,1909f56bfc062723c751e8b465ee728b)
Start importing Assets/52SpecialEffectPack/Effect/Effect(Shuriken)/Portal.prefab using Guid(c98be9ff8d0b99c4f8857faf470634cf) Importer(815301076,1909f56bfc062723c751e8b465ee728b)  -> (artifact id: '48c6d24c4bb1771a9883e32c9b365fb5') in 0.028020 seconds 
========================================================================
Received Import Request.
  Time since last request: 2.617613 seconds.
  path: Assets/52SpecialEffectPack/Effect/Effect(Shuriken)/Portal.prefab
  artifactKey: Guid(c98be9ff8d0b99c4f8857faf470634cf) Importer(815301076,1909f56bfc062723c751e8b465ee728b)
Start importing Assets/52SpecialEffectPack/Effect/Effect(Shuriken)/Portal.prefab using Guid(c98be9ff8d0b99c4f8857faf470634cf) Importer(815301076,1909f56bfc062723c751e8b465ee728b)  -> (artifact id: 'b4db3e60864c515e0cf434ef82cc36eb') in 0.019243 seconds 
========================================================================
Received Import Request.
  Time since last request: 1.375629 seconds.
  path: Assets/52SpecialEffectPack/Effect/Effect(Shuriken)/Portal.prefab
  artifactKey: Guid(c98be9ff8d0b99c4f8857faf470634cf) Importer(815301076,1909f56bfc062723c751e8b465ee728b)
Start importing Assets/52SpecialEffectPack/Effect/Effect(Shuriken)/Portal.prefab using Guid(c98be9ff8d0b99c4f8857faf470634cf) Importer(815301076,1909f56bfc062723c751e8b465ee728b)  -> (artifact id: '71d30f926731875f57f8e5c38281177c') in 0.015663 seconds 
========================================================================
Received Import Request.
  Time since last request: 2.614498 seconds.
  path: Assets/52SpecialEffectPack/Effect/Effect(Shuriken)/Portal.prefab
  artifactKey: Guid(c98be9ff8d0b99c4f8857faf470634cf) Importer(815301076,1909f56bfc062723c751e8b465ee728b)
Start importing Assets/52SpecialEffectPack/Effect/Effect(Shuriken)/Portal.prefab using Guid(c98be9ff8d0b99c4f8857faf470634cf) Importer(815301076,1909f56bfc062723c751e8b465ee728b)  -> (artifact id: 'e3a48fb2e1aecec4d60e0898c5c66515') in 0.014522 seconds 
========================================================================
Received Import Request.
  Time since last request: 69.246229 seconds.
  path: Assets/khs/prefabs/RiseRing.prefab
  artifactKey: Guid(4d1f97be191d1a144a26361814ac8a73) Importer(815301076,1909f56bfc062723c751e8b465ee728b)
Start importing Assets/khs/prefabs/RiseRing.prefab using Guid(4d1f97be191d1a144a26361814ac8a73) Importer(815301076,1909f56bfc062723c751e8b465ee728b)  -> (artifact id: '34834a890654e52a66ed0dc477141f7a') in 0.021222 seconds 
========================================================================
Received Import Request.
  Time since last request: 33.382955 seconds.
  path: Assets/khs/prefabs/Health.prefab
  artifactKey: Guid(2f5e4bb5718e12646a71e9c6f62b748f) Importer(815301076,1909f56bfc062723c751e8b465ee728b)
Start importing Assets/khs/prefabs/Health.prefab using Guid(2f5e4bb5718e12646a71e9c6f62b748f) Importer(815301076,1909f56bfc062723c751e8b465ee728b)  -> (artifact id: '6f38223011203fc323f27aed7a0a922f') in 0.045466 seconds 
========================================================================
Received Prepare
Registering precompiled user dll's ...
Registered in 0.014430 seconds.
Begin MonoManager ReloadAssembly
Symbol file LoadedFromMemory doesn't match image C:\Users\USER\Documents\GitHub\2023-2-gameProgramming\My project\Library\PackageCache\com.unity.visualscripting@1.8.0\Editor\VisualScripting.Core\Dependencies\YamlDotNet\Unity.VisualScripting.YamlDotNet.dll
Symbol file LoadedFromMemory doesn't match image C:\Users\USER\Documents\GitHub\2023-2-gameProgramming\My project\Library\PackageCache\com.unity.visualscripting@1.8.0\Editor\VisualScripting.Core\Dependencies\DotNetZip\Unity.VisualScripting.IonicZip.dll
Native extension for WindowsStandalone target not found
Refreshing native plugins compatible for Editor in 1.16 ms, found 3 plugins.
Preloading 0 native plugins for Editor in 0.00 ms.
Mono: successfully reloaded assembly
- Completed reload, in  1.509 seconds
Domain Reload Profiling:
	ReloadAssembly (1510ms)
		BeginReloadAssembly (271ms)
			ExecutionOrderSort (0ms)
			DisableScriptedObjects (12ms)
			BackupInstance (0ms)
			ReleaseScriptingObjects (0ms)
			CreateAndSetChildDomain (73ms)
		EndReloadAssembly (1064ms)
			LoadAssemblies (198ms)
			RebuildTransferFunctionScriptingTraits (0ms)
			SetupTypeCache (436ms)
			ReleaseScriptCaches (2ms)
			RebuildScriptCaches (82ms)
			SetupLoadedEditorAssemblies (313ms)
				LogAssemblyErrors (0ms)
				InitializePlatformSupportModulesInManaged (11ms)
				SetLoadedEditorAssemblies (2ms)
				RefreshPlugins (1ms)
				BeforeProcessingInitializeOnLoad (53ms)
				ProcessInitializeOnLoadAttributes (231ms)
				ProcessInitializeOnLoadMethodAttributes (11ms)
				AfterProcessingInitializeOnLoad (4ms)
				EditorAssembliesLoaded (0ms)
			ExecutionOrderSort2 (0ms)
			AwakeInstancesAfterBackupRestoration (4ms)
Platform modules already initialized, skipping
Shader 'SimpleURPToonLitExample(With Outline)': fallback shader 'Hidden/Universal Render Pipeline/FallbackError' not found
Shader 'SimpleURPToonLitExample(With Outline)': fallback shader 'Hidden/Universal Render Pipeline/FallbackError' not found
Refreshing native plugins compatible for Editor in 1.22 ms, found 3 plugins.
Preloading 0 native plugins for Editor in 0.00 ms.
Unloading 3135 Unused Serialized files (Serialized files now loaded: 0)
Unloading 22 unused Assets / (173.8 KB). Loaded Objects now: 3689.
Memory consumption went from 129.9 MB to 129.7 MB.
Total: 3.137100 ms (FindLiveObjects: 0.179100 ms CreateObjectMapping: 0.115500 ms MarkObjects: 2.686400 ms  DeleteObjects: 0.154900 ms)

AssetImportParameters requested are different than current active one (requested -> active):
  custom:video-decoder-ogg-theora: a1e56fd34408186e4bbccfd4996cb3dc -> 
  custom:container-muxer-webm: aa71ff27fc2769a1b78a27578f13a17b -> 
  custom:container-demuxer-webm: 4f35f7cbe854078d1ac9338744f61a02 -> 
  custom:video-encoder-webm-vp8: eb34c28f22e8b96e1ab97ce403110664 -> 
  custom:audio-encoder-webm-vorbis: bf7c407c2cedff20999df2af8eb42d56 -> 
  custom:framework-win-MediaFoundation: 216162199b28c13a410421893ffa2e32 -> 
  custom:container-demuxer-ogg: 62fdf1f143b41e24485cea50d1cbac27 -> 
  custom:video-decoder-webm-vp8: 9c59270c3fd7afecdb556c50c9e8de78 -> 
  custom:audio-decoder-ogg-vorbis: bf7c407c2cedff20999df2af8eb42d56 -> 
========================================================================
Received Import Request.
  Time since last request: 6.437529 seconds.
  path: Assets/khs/prefabs/Health.prefab
  artifactKey: Guid(2f5e4bb5718e12646a71e9c6f62b748f) Importer(815301076,1909f56bfc062723c751e8b465ee728b)
Start importing Assets/khs/prefabs/Health.prefab using Guid(2f5e4bb5718e12646a71e9c6f62b748f) Importer(815301076,1909f56bfc062723c751e8b465ee728b)  -> (artifact id: '6f38223011203fc323f27aed7a0a922f') in 0.068187 seconds 
========================================================================
Received Import Request.
  Time since last request: 3.816400 seconds.
  path: Assets/khs/prefabs/Health.prefab
  artifactKey: Guid(2f5e4bb5718e12646a71e9c6f62b748f) Importer(815301076,1909f56bfc062723c751e8b465ee728b)
Start importing Assets/khs/prefabs/Health.prefab using Guid(2f5e4bb5718e12646a71e9c6f62b748f) Importer(815301076,1909f56bfc062723c751e8b465ee728b)  -> (artifact id: '0e4fcfcd78206a018ee5724a5e04b659') in 0.013470 seconds 
========================================================================
Received Prepare
Registering precompiled user dll's ...
Registered in 0.006980 seconds.
Begin MonoManager ReloadAssembly
Symbol file LoadedFromMemory doesn't match image C:\Users\USER\Documents\GitHub\2023-2-gameProgramming\My project\Library\PackageCache\com.unity.visualscripting@1.8.0\Editor\VisualScripting.Core\Dependencies\YamlDotNet\Unity.VisualScripting.YamlDotNet.dll
Symbol file LoadedFromMemory doesn't match image C:\Users\USER\Documents\GitHub\2023-2-gameProgramming\My project\Library\PackageCache\com.unity.visualscripting@1.8.0\Editor\VisualScripting.Core\Dependencies\DotNetZip\Unity.VisualScripting.IonicZip.dll
Native extension for WindowsStandalone target not found
Refreshing native plugins compatible for Editor in 0.63 ms, found 3 plugins.
Preloading 0 native plugins for Editor in 0.00 ms.
Mono: successfully reloaded assembly
- Completed reload, in  0.975 seconds
Domain Reload Profiling:
	ReloadAssembly (976ms)
		BeginReloadAssembly (99ms)
			ExecutionOrderSort (0ms)
			DisableScriptedObjects (3ms)
			BackupInstance (0ms)
			ReleaseScriptingObjects (0ms)
			CreateAndSetChildDomain (24ms)
		EndReloadAssembly (813ms)
			LoadAssemblies (63ms)
			RebuildTransferFunctionScriptingTraits (0ms)
			SetupTypeCache (171ms)
			ReleaseScriptCaches (1ms)
			RebuildScriptCaches (30ms)
			SetupLoadedEditorAssemblies (493ms)
				LogAssemblyErrors (0ms)
				InitializePlatformSupportModulesInManaged (6ms)
				SetLoadedEditorAssemblies (1ms)
				RefreshPlugins (1ms)
				BeforeProcessingInitializeOnLoad (61ms)
				ProcessInitializeOnLoadAttributes (396ms)
				ProcessInitializeOnLoadMethodAttributes (21ms)
				AfterProcessingInitializeOnLoad (8ms)
				EditorAssembliesLoaded (0ms)
			ExecutionOrderSort2 (0ms)
			AwakeInstancesAfterBackupRestoration (7ms)
Platform modules already initialized, skipping
Shader 'SimpleURPToonLitExample(With Outline)': fallback shader 'Hidden/Universal Render Pipeline/FallbackError' not found
Shader 'SimpleURPToonLitExample(With Outline)': fallback shader 'Hidden/Universal Render Pipeline/FallbackError' not found
Refreshing native plugins compatible for Editor in 2.52 ms, found 3 plugins.
Preloading 0 native plugins for Editor in 0.00 ms.
Unloading 3135 Unused Serialized files (Serialized files now loaded: 0)
Unloading 21 unused Assets / (173.1 KB). Loaded Objects now: 3692.
Memory consumption went from 129.9 MB to 129.7 MB.
Total: 3.442800 ms (FindLiveObjects: 0.286600 ms CreateObjectMapping: 0.220500 ms MarkObjects: 2.578100 ms  DeleteObjects: 0.355700 ms)

AssetImportParameters requested are different than current active one (requested -> active):
  custom:video-decoder-ogg-theora: a1e56fd34408186e4bbccfd4996cb3dc -> 
  custom:container-muxer-webm: aa71ff27fc2769a1b78a27578f13a17b -> 
  custom:container-demuxer-webm: 4f35f7cbe854078d1ac9338744f61a02 -> 
  custom:video-encoder-webm-vp8: eb34c28f22e8b96e1ab97ce403110664 -> 
  custom:audio-encoder-webm-vorbis: bf7c407c2cedff20999df2af8eb42d56 -> 
  custom:framework-win-MediaFoundation: 216162199b28c13a410421893ffa2e32 -> 
  custom:container-demuxer-ogg: 62fdf1f143b41e24485cea50d1cbac27 -> 
  custom:video-decoder-webm-vp8: 9c59270c3fd7afecdb556c50c9e8de78 -> 
  custom:audio-decoder-ogg-vorbis: bf7c407c2cedff20999df2af8eb42d56 -> 
========================================================================
Received Import Request.
  Time since last request: 28.422551 seconds.
  path: Assets/khs/prefabs/Slime_01.prefab
  artifactKey: Guid(0b8453e06b93bab4abd1026d128bd61c) Importer(815301076,1909f56bfc062723c751e8b465ee728b)
Start importing Assets/khs/prefabs/Slime_01.prefab using Guid(0b8453e06b93bab4abd1026d128bd61c) Importer(815301076,1909f56bfc062723c751e8b465ee728b)  -> (artifact id: '219beb37c52e7bdc60caa297a43411a8') in 0.136305 seconds 
========================================================================
Received Prepare
Registering precompiled user dll's ...
Registered in 0.012303 seconds.
Begin MonoManager ReloadAssembly
Symbol file LoadedFromMemory doesn't match image C:\Users\USER\Documents\GitHub\2023-2-gameProgramming\My project\Library\PackageCache\com.unity.visualscripting@1.8.0\Editor\VisualScripting.Core\Dependencies\YamlDotNet\Unity.VisualScripting.YamlDotNet.dll
Symbol file LoadedFromMemory doesn't match image C:\Users\USER\Documents\GitHub\2023-2-gameProgramming\My project\Library\PackageCache\com.unity.visualscripting@1.8.0\Editor\VisualScripting.Core\Dependencies\DotNetZip\Unity.VisualScripting.IonicZip.dll
Native extension for WindowsStandalone target not found
Refreshing native plugins compatible for Editor in 1.25 ms, found 3 plugins.
Preloading 0 native plugins for Editor in 0.00 ms.
Mono: successfully reloaded assembly
- Completed reload, in  1.933 seconds
Domain Reload Profiling:
	ReloadAssembly (1933ms)
		BeginReloadAssembly (252ms)
			ExecutionOrderSort (0ms)
			DisableScriptedObjects (9ms)
			BackupInstance (0ms)
			ReleaseScriptingObjects (0ms)
			CreateAndSetChildDomain (75ms)
		EndReloadAssembly (1516ms)
			LoadAssemblies (174ms)
			RebuildTransferFunctionScriptingTraits (0ms)
			SetupTypeCache (483ms)
			ReleaseScriptCaches (2ms)
			RebuildScriptCaches (78ms)
			SetupLoadedEditorAssemblies (743ms)
				LogAssemblyErrors (0ms)
				InitializePlatformSupportModulesInManaged (11ms)
				SetLoadedEditorAssemblies (1ms)
				RefreshPlugins (1ms)
				BeforeProcessingInitializeOnLoad (122ms)
				ProcessInitializeOnLoadAttributes (591ms)
				ProcessInitializeOnLoadMethodAttributes (12ms)
				AfterProcessingInitializeOnLoad (4ms)
				EditorAssembliesLoaded (0ms)
			ExecutionOrderSort2 (0ms)
			AwakeInstancesAfterBackupRestoration (4ms)
Platform modules already initialized, skipping
Shader 'SimpleURPToonLitExample(With Outline)': fallback shader 'Hidden/Universal Render Pipeline/FallbackError' not found
Shader 'SimpleURPToonLitExample(With Outline)': fallback shader 'Hidden/Universal Render Pipeline/FallbackError' not found
Refreshing native plugins compatible for Editor in 1.63 ms, found 3 plugins.
Preloading 0 native plugins for Editor in 0.00 ms.
Unloading 3135 Unused Serialized files (Serialized files now loaded: 0)
Unloading 20 unused Assets / (173.0 KB). Loaded Objects now: 3696.
Memory consumption went from 142.5 MB to 142.4 MB.
Total: 2.382200 ms (FindLiveObjects: 0.164500 ms CreateObjectMapping: 0.065400 ms MarkObjects: 1.980400 ms  DeleteObjects: 0.170700 ms)

AssetImportParameters requested are different than current active one (requested -> active):
  custom:video-decoder-ogg-theora: a1e56fd34408186e4bbccfd4996cb3dc -> 
  custom:container-muxer-webm: aa71ff27fc2769a1b78a27578f13a17b -> 
  custom:container-demuxer-webm: 4f35f7cbe854078d1ac9338744f61a02 -> 
  custom:video-encoder-webm-vp8: eb34c28f22e8b96e1ab97ce403110664 -> 
  custom:audio-encoder-webm-vorbis: bf7c407c2cedff20999df2af8eb42d56 -> 
  custom:framework-win-MediaFoundation: 216162199b28c13a410421893ffa2e32 -> 
  custom:container-demuxer-ogg: 62fdf1f143b41e24485cea50d1cbac27 -> 
  custom:video-decoder-webm-vp8: 9c59270c3fd7afecdb556c50c9e8de78 -> 
  custom:audio-decoder-ogg-vorbis: bf7c407c2cedff20999df2af8eb42d56 -> 
========================================================================
Received Import Request.
  Time since last request: 6.063951 seconds.
  path: Assets/khs/prefabs/Slime_01.prefab
  artifactKey: Guid(0b8453e06b93bab4abd1026d128bd61c) Importer(815301076,1909f56bfc062723c751e8b465ee728b)
Start importing Assets/khs/prefabs/Slime_01.prefab using Guid(0b8453e06b93bab4abd1026d128bd61c) Importer(815301076,1909f56bfc062723c751e8b465ee728b)  -> (artifact id: 'd983b6b1d4c533ff73f76c4cd481430d') in 0.058724 seconds 
