Using pre-set license
Built from '2021.3/staging' branch; Version is '2021.3.22f1 (b6c551784ba3) revision 11978065'; Using compiler version '192829333'; Build Type 'Release'
OS: 'Windows 11  (10.0.22621) 64bit Professional' Language: 'ko' Physical Memory: 15943 MB
BatchMode: 1, IsHumanControllingUs: 0, StartBugReporterOnCrash: 0, Is64bit: 1, IsPro: 1

COMMAND LINE ARGUMENTS:
C:\Program Files\Unity\Hub\Editor\2021.3.22f1\Editor\Unity.exe
-adb2
-batchMode
-noUpm
-name
AssetImportWorker1
-projectPath
C:/Users/USER/Documents/GitHub/2023-2-gameProgramming/My project
-logFile
Logs/AssetImportWorker1.log
-srvPort
49839
Successfully changed project path to: C:/Users/USER/Documents/GitHub/2023-2-gameProgramming/My project
C:/Users/USER/Documents/GitHub/2023-2-gameProgramming/My project
[UnityMemory] Configuration Parameters - Can be set up in boot.config
    "memorysetup-bucket-allocator-granularity=16"
    "memorysetup-bucket-allocator-bucket-count=8"
    "memorysetup-bucket-allocator-block-size=33554432"
    "memorysetup-bucket-allocator-block-count=8"
    "memorysetup-main-allocator-block-size=16777216"
    "memorysetup-thread-allocator-block-size=16777216"
    "memorysetup-gfx-main-allocator-block-size=16777216"
    "memorysetup-gfx-thread-allocator-block-size=16777216"
    "memorysetup-cache-allocator-block-size=4194304"
    "memorysetup-typetree-allocator-block-size=2097152"
    "memorysetup-profiler-bucket-allocator-granularity=16"
    "memorysetup-profiler-bucket-allocator-bucket-count=8"
    "memorysetup-profiler-bucket-allocator-block-size=33554432"
    "memorysetup-profiler-bucket-allocator-block-count=8"
    "memorysetup-profiler-allocator-block-size=16777216"
    "memorysetup-profiler-editor-allocator-block-size=1048576"
    "memorysetup-temp-allocator-size-main=16777216"
    "memorysetup-job-temp-allocator-block-size=2097152"
    "memorysetup-job-temp-allocator-block-size-background=1048576"
    "memorysetup-job-temp-allocator-reduction-small-platforms=262144"
    "memorysetup-temp-allocator-size-background-worker=32768"
    "memorysetup-temp-allocator-size-job-worker=262144"
    "memorysetup-temp-allocator-size-preload-manager=33554432"
    "memorysetup-temp-allocator-size-nav-mesh-worker=65536"
    "memorysetup-temp-allocator-size-audio-worker=65536"
    "memorysetup-temp-allocator-size-cloud-worker=32768"
    "memorysetup-temp-allocator-size-gi-baking-worker=262144"
    "memorysetup-temp-allocator-size-gfx=262144"
Player connection [23548] Host "[IP] 192.168.159.1 [Port] 0 [Flags] 2 [Guid] 2302277395 [EditorId] 2302277395 [Version] 1048832 [Id] WindowsEditor(7,DESKTOP-DEMO7D5) [Debug] 1 [PackageName] WindowsEditor [ProjectName] Editor" joined multi-casting on [225.0.0.222:54997]...

Player connection [23548] Host "[IP] 192.168.159.1 [Port] 0 [Flags] 2 [Guid] 2302277395 [EditorId] 2302277395 [Version] 1048832 [Id] WindowsEditor(7,DESKTOP-DEMO7D5) [Debug] 1 [PackageName] WindowsEditor [ProjectName] Editor" joined alternative multi-casting on [225.0.0.222:34997]...

Refreshing native plugins compatible for Editor in 53.16 ms, found 3 plugins.
Preloading 0 native plugins for Editor in 0.00 ms.
Initialize engine version: 2021.3.22f1 (b6c551784ba3)
[Subsystems] Discovering subsystems at path C:/Program Files/Unity/Hub/Editor/2021.3.22f1/Editor/Data/Resources/UnitySubsystems
[Subsystems] Discovering subsystems at path C:/Users/USER/Documents/GitHub/2023-2-gameProgramming/My project/Assets
GfxDevice: creating device client; threaded=0; jobified=0
Direct3D:
    Version:  Direct3D 11.0 [level 11.1]
    Renderer: Intel(R) Iris(R) Xe Graphics (ID=0xa7a0)
    Vendor:   Intel
    VRAM:     7971 MB
    Driver:   31.0.101.4314
Initialize mono
Mono path[0] = 'C:/Program Files/Unity/Hub/Editor/2021.3.22f1/Editor/Data/Managed'
Mono path[1] = 'C:/Program Files/Unity/Hub/Editor/2021.3.22f1/Editor/Data/MonoBleedingEdge/lib/mono/unityjit-win32'
Mono config path = 'C:/Program Files/Unity/Hub/Editor/2021.3.22f1/Editor/Data/MonoBleedingEdge/etc'
Using monoOptions --debugger-agent=transport=dt_socket,embedding=1,server=y,suspend=n,address=127.0.0.1:56988
Begin MonoManager ReloadAssembly
Registering precompiled unity dll's ...
Register platform support module: C:/Program Files/Unity/Hub/Editor/2021.3.22f1/Editor/Data/PlaybackEngines/WindowsStandaloneSupport/UnityEditor.WindowsStandalone.Extensions.dll
Registered in 0.003860 seconds.
Native extension for WindowsStandalone target not found
Refreshing native plugins compatible for Editor in 48.58 ms, found 3 plugins.
Preloading 0 native plugins for Editor in 0.00 ms.
Mono: successfully reloaded assembly
- Completed reload, in  1.154 seconds
Domain Reload Profiling:
	ReloadAssembly (1154ms)
		BeginReloadAssembly (62ms)
			ExecutionOrderSort (0ms)
			DisableScriptedObjects (0ms)
			BackupInstance (0ms)
			ReleaseScriptingObjects (0ms)
			CreateAndSetChildDomain (1ms)
		EndReloadAssembly (703ms)
			LoadAssemblies (61ms)
			RebuildTransferFunctionScriptingTraits (0ms)
			SetupTypeCache (472ms)
			ReleaseScriptCaches (0ms)
			RebuildScriptCaches (20ms)
			SetupLoadedEditorAssemblies (177ms)
				LogAssemblyErrors (0ms)
				InitializePlatformSupportModulesInManaged (5ms)
				SetLoadedEditorAssemblies (0ms)
				RefreshPlugins (49ms)
				BeforeProcessingInitializeOnLoad (1ms)
				ProcessInitializeOnLoadAttributes (81ms)
				ProcessInitializeOnLoadMethodAttributes (41ms)
				AfterProcessingInitializeOnLoad (0ms)
				EditorAssembliesLoaded (0ms)
			ExecutionOrderSort2 (0ms)
			AwakeInstancesAfterBackupRestoration (0ms)
Platform modules already initialized, skipping
Registering precompiled user dll's ...
Registered in 0.005182 seconds.
Begin MonoManager ReloadAssembly
Symbol file LoadedFromMemory doesn't match image C:\Users\USER\Documents\GitHub\2023-2-gameProgramming\My project\Library\PackageCache\com.unity.visualscripting@1.8.0\Editor\VisualScripting.Core\Dependencies\YamlDotNet\Unity.VisualScripting.YamlDotNet.dll
Symbol file LoadedFromMemory doesn't match image C:\Users\USER\Documents\GitHub\2023-2-gameProgramming\My project\Library\PackageCache\com.unity.visualscripting@1.8.0\Editor\VisualScripting.Core\Dependencies\DotNetZip\Unity.VisualScripting.IonicZip.dll
Native extension for WindowsStandalone target not found
Refreshing native plugins compatible for Editor in 0.42 ms, found 3 plugins.
Preloading 0 native plugins for Editor in 0.00 ms.
Mono: successfully reloaded assembly
- Completed reload, in  1.134 seconds
Domain Reload Profiling:
	ReloadAssembly (1135ms)
		BeginReloadAssembly (93ms)
			ExecutionOrderSort (0ms)
			DisableScriptedObjects (5ms)
			BackupInstance (0ms)
			ReleaseScriptingObjects (0ms)
			CreateAndSetChildDomain (16ms)
		EndReloadAssembly (944ms)
			LoadAssemblies (71ms)
			RebuildTransferFunctionScriptingTraits (0ms)
			SetupTypeCache (380ms)
			ReleaseScriptCaches (0ms)
			RebuildScriptCaches (36ms)
			SetupLoadedEditorAssemblies (425ms)
				LogAssemblyErrors (0ms)
				InitializePlatformSupportModulesInManaged (4ms)
				SetLoadedEditorAssemblies (0ms)
				RefreshPlugins (0ms)
				BeforeProcessingInitializeOnLoad (62ms)
				ProcessInitializeOnLoadAttributes (332ms)
				ProcessInitializeOnLoadMethodAttributes (17ms)
				AfterProcessingInitializeOnLoad (9ms)
				EditorAssembliesLoaded (0ms)
			ExecutionOrderSort2 (0ms)
			AwakeInstancesAfterBackupRestoration (4ms)
Platform modules already initialized, skipping
========================================================================
Worker process is ready to serve import requests
Shader 'SimpleURPToonLitExample(With Outline)': fallback shader 'Hidden/Universal Render Pipeline/FallbackError' not found
Shader 'SimpleURPToonLitExample(With Outline)': fallback shader 'Hidden/Universal Render Pipeline/FallbackError' not found
Launched and connected shader compiler UnityShaderCompiler.exe after 0.08 seconds
Refreshing native plugins compatible for Editor in 0.45 ms, found 3 plugins.
Preloading 0 native plugins for Editor in 0.00 ms.
Unloading 3156 Unused Serialized files (Serialized files now loaded: 0)
Unloading 27 unused Assets / (206.1 KB). Loaded Objects now: 3636.
Memory consumption went from 127.0 MB to 126.8 MB.
Total: 3.545200 ms (FindLiveObjects: 0.290900 ms CreateObjectMapping: 0.093700 ms MarkObjects: 2.862800 ms  DeleteObjects: 0.295900 ms)

AssetImportParameters requested are different than current active one (requested -> active):
  custom:video-decoder-ogg-theora: a1e56fd34408186e4bbccfd4996cb3dc -> 
  custom:container-muxer-webm: aa71ff27fc2769a1b78a27578f13a17b -> 
  custom:container-demuxer-webm: 4f35f7cbe854078d1ac9338744f61a02 -> 
  custom:video-encoder-webm-vp8: eb34c28f22e8b96e1ab97ce403110664 -> 
  custom:audio-encoder-webm-vorbis: bf7c407c2cedff20999df2af8eb42d56 -> 
  custom:framework-win-MediaFoundation: 216162199b28c13a410421893ffa2e32 -> 
  custom:container-demuxer-ogg: 62fdf1f143b41e24485cea50d1cbac27 -> 
  custom:video-decoder-webm-vp8: 9c59270c3fd7afecdb556c50c9e8de78 -> 
  custom:audio-decoder-ogg-vorbis: bf7c407c2cedff20999df2af8eb42d56 -> 
========================================================================
Received Import Request.
  Time since last request: 1688.455992 seconds.
  path: Assets/52SpecialEffectPack/Effect/Effect(Shuriken)/Kunai5.prefab
  artifactKey: Guid(feb7745303eba0d48b6df0b5c664965d) Importer(815301076,1909f56bfc062723c751e8b465ee728b)
Start importing Assets/52SpecialEffectPack/Effect/Effect(Shuriken)/Kunai5.prefab using Guid(feb7745303eba0d48b6df0b5c664965d) Importer(815301076,1909f56bfc062723c751e8b465ee728b)  -> (artifact id: 'a1c86fc0168412193450d8c1654a40d6') in 0.136970 seconds 
========================================================================
Received Import Request.
  Time since last request: 0.000027 seconds.
  path: Assets/52SpecialEffectPack/Effect/Effect(Shuriken)/Explode3.prefab
  artifactKey: Guid(ae7c9521250779a428ff1ed3b23c9596) Importer(815301076,1909f56bfc062723c751e8b465ee728b)
Start importing Assets/52SpecialEffectPack/Effect/Effect(Shuriken)/Explode3.prefab using Guid(ae7c9521250779a428ff1ed3b23c9596) Importer(815301076,1909f56bfc062723c751e8b465ee728b)  -> (artifact id: '9fb448ac687b4e52e41f6df8c736650f') in 0.024416 seconds 
========================================================================
Received Import Request.
  Time since last request: 0.000025 seconds.
  path: Assets/52SpecialEffectPack/Effect/Effect(Shuriken)/ElementalBall.prefab
  artifactKey: Guid(9826389809c2e1e41a1125953a56a236) Importer(815301076,1909f56bfc062723c751e8b465ee728b)
Start importing Assets/52SpecialEffectPack/Effect/Effect(Shuriken)/ElementalBall.prefab using Guid(9826389809c2e1e41a1125953a56a236) Importer(815301076,1909f56bfc062723c751e8b465ee728b)  -> (artifact id: 'f5f9ead2fd91577a260d1b4a09ac97d2') in 0.048280 seconds 
========================================================================
Received Import Request.
  Time since last request: 0.000023 seconds.
  path: Assets/52SpecialEffectPack/Effect/Effect(Shuriken)/FlameEmission.prefab
  artifactKey: Guid(aeae58bf37a687647adec1a709ea4bd4) Importer(815301076,1909f56bfc062723c751e8b465ee728b)
Start importing Assets/52SpecialEffectPack/Effect/Effect(Shuriken)/FlameEmission.prefab using Guid(aeae58bf37a687647adec1a709ea4bd4) Importer(815301076,1909f56bfc062723c751e8b465ee728b)  -> (artifact id: '77eed0388f0f2ef88ad80892dce95d62') in 0.024337 seconds 
========================================================================
Received Import Request.
  Time since last request: 0.000036 seconds.
  path: Assets/52SpecialEffectPack/Effect/Effect(Shuriken)/BlueBall.prefab
  artifactKey: Guid(4248ba95366d5904686c308a47794818) Importer(815301076,1909f56bfc062723c751e8b465ee728b)
Start importing Assets/52SpecialEffectPack/Effect/Effect(Shuriken)/BlueBall.prefab using Guid(4248ba95366d5904686c308a47794818) Importer(815301076,1909f56bfc062723c751e8b465ee728b)  -> (artifact id: '82dfc09c1977d260044c78b059f69594') in 0.026818 seconds 
========================================================================
Received Import Request.
  Time since last request: 0.000028 seconds.
  path: Assets/52SpecialEffectPack/Effect/Effect(Shuriken)/Explode.prefab
  artifactKey: Guid(a905d8e5159ffeb46baa8d2a7624717f) Importer(815301076,1909f56bfc062723c751e8b465ee728b)
Start importing Assets/52SpecialEffectPack/Effect/Effect(Shuriken)/Explode.prefab using Guid(a905d8e5159ffeb46baa8d2a7624717f) Importer(815301076,1909f56bfc062723c751e8b465ee728b)  -> (artifact id: '28c561b98c94750a716f01577f1609c1') in 0.027220 seconds 
========================================================================
Received Import Request.
  Time since last request: 0.000028 seconds.
  path: Assets/52SpecialEffectPack/Effect/Effect(Shuriken)/Kunai2.prefab
  artifactKey: Guid(4e354172ca9de2e45b3021f36963f995) Importer(815301076,1909f56bfc062723c751e8b465ee728b)
Start importing Assets/52SpecialEffectPack/Effect/Effect(Shuriken)/Kunai2.prefab using Guid(4e354172ca9de2e45b3021f36963f995) Importer(815301076,1909f56bfc062723c751e8b465ee728b)  -> (artifact id: 'd52648bf590c9e9b2cfbb471d474fd52') in 0.027961 seconds 
========================================================================
Received Import Request.
  Time since last request: 0.000027 seconds.
  path: Assets/52SpecialEffectPack/Effect/Effect(Shuriken)/Explode5.prefab
  artifactKey: Guid(176c17a1cb4e96d4c918b4636a95b8c7) Importer(815301076,1909f56bfc062723c751e8b465ee728b)
Start importing Assets/52SpecialEffectPack/Effect/Effect(Shuriken)/Explode5.prefab using Guid(176c17a1cb4e96d4c918b4636a95b8c7) Importer(815301076,1909f56bfc062723c751e8b465ee728b)  -> (artifact id: 'f2a537e79ccbf3cd6ecae3350c806270') in 0.033110 seconds 
========================================================================
Received Import Request.
  Time since last request: 0.000028 seconds.
  path: Assets/52SpecialEffectPack/Effect/Effect(Shuriken)/Explode9.prefab
  artifactKey: Guid(450dff828997cdd4c864f611df7d62d5) Importer(815301076,1909f56bfc062723c751e8b465ee728b)
Start importing Assets/52SpecialEffectPack/Effect/Effect(Shuriken)/Explode9.prefab using Guid(450dff828997cdd4c864f611df7d62d5) Importer(815301076,1909f56bfc062723c751e8b465ee728b)  -> (artifact id: '0188db591be8d65d39f74f6b9d42f52a') in 0.025678 seconds 
========================================================================
Received Prepare
Registering precompiled user dll's ...
Registered in 0.008694 seconds.
Begin MonoManager ReloadAssembly
Symbol file LoadedFromMemory doesn't match image C:\Users\USER\Documents\GitHub\2023-2-gameProgramming\My project\Library\PackageCache\com.unity.visualscripting@1.8.0\Editor\VisualScripting.Core\Dependencies\YamlDotNet\Unity.VisualScripting.YamlDotNet.dll
Symbol file LoadedFromMemory doesn't match image C:\Users\USER\Documents\GitHub\2023-2-gameProgramming\My project\Library\PackageCache\com.unity.visualscripting@1.8.0\Editor\VisualScripting.Core\Dependencies\DotNetZip\Unity.VisualScripting.IonicZip.dll
Native extension for WindowsStandalone target not found
Refreshing native plugins compatible for Editor in 0.46 ms, found 3 plugins.
Preloading 0 native plugins for Editor in 0.00 ms.
Mono: successfully reloaded assembly
- Completed reload, in  0.794 seconds
Domain Reload Profiling:
	ReloadAssembly (794ms)
		BeginReloadAssembly (106ms)
			ExecutionOrderSort (0ms)
			DisableScriptedObjects (3ms)
			BackupInstance (0ms)
			ReleaseScriptingObjects (0ms)
			CreateAndSetChildDomain (30ms)
		EndReloadAssembly (620ms)
			LoadAssemblies (62ms)
			RebuildTransferFunctionScriptingTraits (0ms)
			SetupTypeCache (169ms)
			ReleaseScriptCaches (1ms)
			RebuildScriptCaches (26ms)
			SetupLoadedEditorAssemblies (338ms)
				LogAssemblyErrors (0ms)
				InitializePlatformSupportModulesInManaged (4ms)
				SetLoadedEditorAssemblies (0ms)
				RefreshPlugins (1ms)
				BeforeProcessingInitializeOnLoad (43ms)
				ProcessInitializeOnLoadAttributes (271ms)
				ProcessInitializeOnLoadMethodAttributes (14ms)
				AfterProcessingInitializeOnLoad (6ms)
				EditorAssembliesLoaded (0ms)
			ExecutionOrderSort2 (0ms)
			AwakeInstancesAfterBackupRestoration (5ms)
Platform modules already initialized, skipping
Shader 'SimpleURPToonLitExample(With Outline)': fallback shader 'Hidden/Universal Render Pipeline/FallbackError' not found
Shader 'SimpleURPToonLitExample(With Outline)': fallback shader 'Hidden/Universal Render Pipeline/FallbackError' not found
Refreshing native plugins compatible for Editor in 1.41 ms, found 3 plugins.
Preloading 0 native plugins for Editor in 0.00 ms.
Unloading 3135 Unused Serialized files (Serialized files now loaded: 0)
Unloading 21 unused Assets / (173.5 KB). Loaded Objects now: 3651.
Memory consumption went from 129.8 MB to 129.6 MB.
Total: 2.578300 ms (FindLiveObjects: 0.163200 ms CreateObjectMapping: 0.071800 ms MarkObjects: 2.195300 ms  DeleteObjects: 0.146800 ms)

AssetImportParameters requested are different than current active one (requested -> active):
  custom:video-decoder-ogg-theora: a1e56fd34408186e4bbccfd4996cb3dc -> 
  custom:container-muxer-webm: aa71ff27fc2769a1b78a27578f13a17b -> 
  custom:container-demuxer-webm: 4f35f7cbe854078d1ac9338744f61a02 -> 
  custom:video-encoder-webm-vp8: eb34c28f22e8b96e1ab97ce403110664 -> 
  custom:audio-encoder-webm-vorbis: bf7c407c2cedff20999df2af8eb42d56 -> 
  custom:framework-win-MediaFoundation: 216162199b28c13a410421893ffa2e32 -> 
  custom:container-demuxer-ogg: 62fdf1f143b41e24485cea50d1cbac27 -> 
  custom:video-decoder-webm-vp8: 9c59270c3fd7afecdb556c50c9e8de78 -> 
  custom:audio-decoder-ogg-vorbis: bf7c407c2cedff20999df2af8eb42d56 -> 
========================================================================
Received Prepare
Registering precompiled user dll's ...
Registered in 0.006631 seconds.
Begin MonoManager ReloadAssembly
Symbol file LoadedFromMemory doesn't match image C:\Users\USER\Documents\GitHub\2023-2-gameProgramming\My project\Library\PackageCache\com.unity.visualscripting@1.8.0\Editor\VisualScripting.Core\Dependencies\YamlDotNet\Unity.VisualScripting.YamlDotNet.dll
Symbol file LoadedFromMemory doesn't match image C:\Users\USER\Documents\GitHub\2023-2-gameProgramming\My project\Library\PackageCache\com.unity.visualscripting@1.8.0\Editor\VisualScripting.Core\Dependencies\DotNetZip\Unity.VisualScripting.IonicZip.dll
Native extension for WindowsStandalone target not found
Refreshing native plugins compatible for Editor in 0.92 ms, found 3 plugins.
Preloading 0 native plugins for Editor in 0.00 ms.
Mono: successfully reloaded assembly
- Completed reload, in  1.170 seconds
Domain Reload Profiling:
	ReloadAssembly (1171ms)
		BeginReloadAssembly (109ms)
			ExecutionOrderSort (0ms)
			DisableScriptedObjects (4ms)
			BackupInstance (0ms)
			ReleaseScriptingObjects (0ms)
			CreateAndSetChildDomain (34ms)
		EndReloadAssembly (997ms)
			LoadAssemblies (64ms)
			RebuildTransferFunctionScriptingTraits (0ms)
			SetupTypeCache (272ms)
			ReleaseScriptCaches (1ms)
			RebuildScriptCaches (45ms)
			SetupLoadedEditorAssemblies (542ms)
				LogAssemblyErrors (0ms)
				InitializePlatformSupportModulesInManaged (6ms)
				SetLoadedEditorAssemblies (1ms)
				RefreshPlugins (1ms)
				BeforeProcessingInitializeOnLoad (55ms)
				ProcessInitializeOnLoadAttributes (447ms)
				ProcessInitializeOnLoadMethodAttributes (24ms)
				AfterProcessingInitializeOnLoad (8ms)
				EditorAssembliesLoaded (0ms)
			ExecutionOrderSort2 (0ms)
			AwakeInstancesAfterBackupRestoration (8ms)
Platform modules already initialized, skipping
Shader 'SimpleURPToonLitExample(With Outline)': fallback shader 'Hidden/Universal Render Pipeline/FallbackError' not found
Shader 'SimpleURPToonLitExample(With Outline)': fallback shader 'Hidden/Universal Render Pipeline/FallbackError' not found
Refreshing native plugins compatible for Editor in 2.14 ms, found 3 plugins.
Preloading 0 native plugins for Editor in 0.00 ms.
Unloading 3135 Unused Serialized files (Serialized files now loaded: 0)
Unloading 20 unused Assets / (173.3 KB). Loaded Objects now: 3654.
Memory consumption went from 129.8 MB to 129.6 MB.
Total: 3.159100 ms (FindLiveObjects: 0.179800 ms CreateObjectMapping: 0.101600 ms MarkObjects: 2.724700 ms  DeleteObjects: 0.151600 ms)

AssetImportParameters requested are different than current active one (requested -> active):
  custom:video-decoder-ogg-theora: a1e56fd34408186e4bbccfd4996cb3dc -> 
  custom:container-muxer-webm: aa71ff27fc2769a1b78a27578f13a17b -> 
  custom:container-demuxer-webm: 4f35f7cbe854078d1ac9338744f61a02 -> 
  custom:video-encoder-webm-vp8: eb34c28f22e8b96e1ab97ce403110664 -> 
  custom:audio-encoder-webm-vorbis: bf7c407c2cedff20999df2af8eb42d56 -> 
  custom:framework-win-MediaFoundation: 216162199b28c13a410421893ffa2e32 -> 
  custom:container-demuxer-ogg: 62fdf1f143b41e24485cea50d1cbac27 -> 
  custom:video-decoder-webm-vp8: 9c59270c3fd7afecdb556c50c9e8de78 -> 
  custom:audio-decoder-ogg-vorbis: bf7c407c2cedff20999df2af8eb42d56 -> 
========================================================================
Received Import Request.
  Time since last request: 343.461266 seconds.
  path: Assets/khs/prefabs/Slime_01.prefab
  artifactKey: Guid(0b8453e06b93bab4abd1026d128bd61c) Importer(815301076,1909f56bfc062723c751e8b465ee728b)
Start importing Assets/khs/prefabs/Slime_01.prefab using Guid(0b8453e06b93bab4abd1026d128bd61c) Importer(815301076,1909f56bfc062723c751e8b465ee728b)  -> (artifact id: '224eb654132fa180c64319e64b172556') in 0.057865 seconds 
========================================================================
Received Prepare
Registering precompiled user dll's ...
Registered in 0.003469 seconds.
Begin MonoManager ReloadAssembly
Symbol file LoadedFromMemory doesn't match image C:\Users\USER\Documents\GitHub\2023-2-gameProgramming\My project\Library\PackageCache\com.unity.visualscripting@1.8.0\Editor\VisualScripting.Core\Dependencies\YamlDotNet\Unity.VisualScripting.YamlDotNet.dll
Symbol file LoadedFromMemory doesn't match image C:\Users\USER\Documents\GitHub\2023-2-gameProgramming\My project\Library\PackageCache\com.unity.visualscripting@1.8.0\Editor\VisualScripting.Core\Dependencies\DotNetZip\Unity.VisualScripting.IonicZip.dll
Native extension for WindowsStandalone target not found
Refreshing native plugins compatible for Editor in 0.50 ms, found 3 plugins.
Preloading 0 native plugins for Editor in 0.00 ms.
Mono: successfully reloaded assembly
- Completed reload, in  1.092 seconds
Domain Reload Profiling:
	ReloadAssembly (1093ms)
		BeginReloadAssembly (101ms)
			ExecutionOrderSort (0ms)
			DisableScriptedObjects (3ms)
			BackupInstance (0ms)
			ReleaseScriptingObjects (0ms)
			CreateAndSetChildDomain (25ms)
		EndReloadAssembly (921ms)
			LoadAssemblies (62ms)
			RebuildTransferFunctionScriptingTraits (0ms)
			SetupTypeCache (196ms)
			ReleaseScriptCaches (2ms)
			RebuildScriptCaches (47ms)
			SetupLoadedEditorAssemblies (546ms)
				LogAssemblyErrors (0ms)
				InitializePlatformSupportModulesInManaged (7ms)
				SetLoadedEditorAssemblies (1ms)
				RefreshPlugins (1ms)
				BeforeProcessingInitializeOnLoad (68ms)
				ProcessInitializeOnLoadAttributes (437ms)
				ProcessInitializeOnLoadMethodAttributes (24ms)
				AfterProcessingInitializeOnLoad (9ms)
				EditorAssembliesLoaded (0ms)
			ExecutionOrderSort2 (0ms)
			AwakeInstancesAfterBackupRestoration (8ms)
Platform modules already initialized, skipping
Shader 'SimpleURPToonLitExample(With Outline)': fallback shader 'Hidden/Universal Render Pipeline/FallbackError' not found
Shader 'SimpleURPToonLitExample(With Outline)': fallback shader 'Hidden/Universal Render Pipeline/FallbackError' not found
Refreshing native plugins compatible for Editor in 2.18 ms, found 3 plugins.
Preloading 0 native plugins for Editor in 0.00 ms.
Unloading 3135 Unused Serialized files (Serialized files now loaded: 0)
Unloading 20 unused Assets / (173.4 KB). Loaded Objects now: 3658.
Memory consumption went from 142.4 MB to 142.2 MB.
Total: 3.197400 ms (FindLiveObjects: 0.175100 ms CreateObjectMapping: 0.061500 ms MarkObjects: 2.803800 ms  DeleteObjects: 0.156000 ms)

AssetImportParameters requested are different than current active one (requested -> active):
  custom:video-decoder-ogg-theora: a1e56fd34408186e4bbccfd4996cb3dc -> 
  custom:container-muxer-webm: aa71ff27fc2769a1b78a27578f13a17b -> 
  custom:container-demuxer-webm: 4f35f7cbe854078d1ac9338744f61a02 -> 
  custom:video-encoder-webm-vp8: eb34c28f22e8b96e1ab97ce403110664 -> 
  custom:audio-encoder-webm-vorbis: bf7c407c2cedff20999df2af8eb42d56 -> 
  custom:framework-win-MediaFoundation: 216162199b28c13a410421893ffa2e32 -> 
  custom:container-demuxer-ogg: 62fdf1f143b41e24485cea50d1cbac27 -> 
  custom:video-decoder-webm-vp8: 9c59270c3fd7afecdb556c50c9e8de78 -> 
  custom:audio-decoder-ogg-vorbis: bf7c407c2cedff20999df2af8eb42d56 -> 
========================================================================
Received Prepare
Registering precompiled user dll's ...
Registered in 0.016995 seconds.
Begin MonoManager ReloadAssembly
Symbol file LoadedFromMemory doesn't match image C:\Users\USER\Documents\GitHub\2023-2-gameProgramming\My project\Library\PackageCache\com.unity.visualscripting@1.8.0\Editor\VisualScripting.Core\Dependencies\YamlDotNet\Unity.VisualScripting.YamlDotNet.dll
Symbol file LoadedFromMemory doesn't match image C:\Users\USER\Documents\GitHub\2023-2-gameProgramming\My project\Library\PackageCache\com.unity.visualscripting@1.8.0\Editor\VisualScripting.Core\Dependencies\DotNetZip\Unity.VisualScripting.IonicZip.dll
Native extension for WindowsStandalone target not found
Refreshing native plugins compatible for Editor in 1.26 ms, found 3 plugins.
Preloading 0 native plugins for Editor in 0.00 ms.
Mono: successfully reloaded assembly
- Completed reload, in  1.768 seconds
Domain Reload Profiling:
	ReloadAssembly (1769ms)
		BeginReloadAssembly (279ms)
			ExecutionOrderSort (0ms)
			DisableScriptedObjects (16ms)
			BackupInstance (0ms)
			ReleaseScriptingObjects (0ms)
			CreateAndSetChildDomain (72ms)
		EndReloadAssembly (1296ms)
			LoadAssemblies (177ms)
			RebuildTransferFunctionScriptingTraits (0ms)
			SetupTypeCache (584ms)
			ReleaseScriptCaches (55ms)
			RebuildScriptCaches (40ms)
			SetupLoadedEditorAssemblies (443ms)
				LogAssemblyErrors (0ms)
				InitializePlatformSupportModulesInManaged (6ms)
				SetLoadedEditorAssemblies (1ms)
				RefreshPlugins (1ms)
				BeforeProcessingInitializeOnLoad (58ms)
				ProcessInitializeOnLoadAttributes (352ms)
				ProcessInitializeOnLoadMethodAttributes (15ms)
				AfterProcessingInitializeOnLoad (8ms)
				EditorAssembliesLoaded (0ms)
			ExecutionOrderSort2 (0ms)
			AwakeInstancesAfterBackupRestoration (6ms)
Platform modules already initialized, skipping
Shader 'SimpleURPToonLitExample(With Outline)': fallback shader 'Hidden/Universal Render Pipeline/FallbackError' not found
Shader 'SimpleURPToonLitExample(With Outline)': fallback shader 'Hidden/Universal Render Pipeline/FallbackError' not found
Refreshing native plugins compatible for Editor in 2.82 ms, found 3 plugins.
Preloading 0 native plugins for Editor in 0.00 ms.
Unloading 3135 Unused Serialized files (Serialized files now loaded: 0)
Unloading 20 unused Assets / (173.3 KB). Loaded Objects now: 3661.
Memory consumption went from 142.4 MB to 142.2 MB.
Total: 2.593000 ms (FindLiveObjects: 0.181300 ms CreateObjectMapping: 0.063400 ms MarkObjects: 2.210700 ms  DeleteObjects: 0.136200 ms)

AssetImportParameters requested are different than current active one (requested -> active):
  custom:video-decoder-ogg-theora: a1e56fd34408186e4bbccfd4996cb3dc -> 
  custom:container-muxer-webm: aa71ff27fc2769a1b78a27578f13a17b -> 
  custom:container-demuxer-webm: 4f35f7cbe854078d1ac9338744f61a02 -> 
  custom:video-encoder-webm-vp8: eb34c28f22e8b96e1ab97ce403110664 -> 
  custom:audio-encoder-webm-vorbis: bf7c407c2cedff20999df2af8eb42d56 -> 
  custom:framework-win-MediaFoundation: 216162199b28c13a410421893ffa2e32 -> 
  custom:container-demuxer-ogg: 62fdf1f143b41e24485cea50d1cbac27 -> 
  custom:video-decoder-webm-vp8: 9c59270c3fd7afecdb556c50c9e8de78 -> 
  custom:audio-decoder-ogg-vorbis: bf7c407c2cedff20999df2af8eb42d56 -> 
========================================================================
Received Prepare
Registering precompiled user dll's ...
Registered in 0.004210 seconds.
Begin MonoManager ReloadAssembly
Symbol file LoadedFromMemory doesn't match image C:\Users\USER\Documents\GitHub\2023-2-gameProgramming\My project\Library\PackageCache\com.unity.visualscripting@1.8.0\Editor\VisualScripting.Core\Dependencies\YamlDotNet\Unity.VisualScripting.YamlDotNet.dll
Symbol file LoadedFromMemory doesn't match image C:\Users\USER\Documents\GitHub\2023-2-gameProgramming\My project\Library\PackageCache\com.unity.visualscripting@1.8.0\Editor\VisualScripting.Core\Dependencies\DotNetZip\Unity.VisualScripting.IonicZip.dll
Native extension for WindowsStandalone target not found
Refreshing native plugins compatible for Editor in 0.80 ms, found 3 plugins.
Preloading 0 native plugins for Editor in 0.00 ms.
Mono: successfully reloaded assembly
- Completed reload, in  1.486 seconds
Domain Reload Profiling:
	ReloadAssembly (1488ms)
		BeginReloadAssembly (176ms)
			ExecutionOrderSort (0ms)
			DisableScriptedObjects (7ms)
			BackupInstance (0ms)
			ReleaseScriptingObjects (0ms)
			CreateAndSetChildDomain (44ms)
		EndReloadAssembly (1186ms)
			LoadAssemblies (112ms)
			RebuildTransferFunctionScriptingTraits (0ms)
			SetupTypeCache (335ms)
			ReleaseScriptCaches (2ms)
			RebuildScriptCaches (63ms)
			SetupLoadedEditorAssemblies (618ms)
				LogAssemblyErrors (0ms)
				InitializePlatformSupportModulesInManaged (8ms)
				SetLoadedEditorAssemblies (1ms)
				RefreshPlugins (1ms)
				BeforeProcessingInitializeOnLoad (74ms)
				ProcessInitializeOnLoadAttributes (500ms)
				ProcessInitializeOnLoadMethodAttributes (25ms)
				AfterProcessingInitializeOnLoad (9ms)
				EditorAssembliesLoaded (0ms)
			ExecutionOrderSort2 (0ms)
			AwakeInstancesAfterBackupRestoration (9ms)
Platform modules already initialized, skipping
Shader 'SimpleURPToonLitExample(With Outline)': fallback shader 'Hidden/Universal Render Pipeline/FallbackError' not found
Shader 'SimpleURPToonLitExample(With Outline)': fallback shader 'Hidden/Universal Render Pipeline/FallbackError' not found
Refreshing native plugins compatible for Editor in 2.32 ms, found 3 plugins.
Preloading 0 native plugins for Editor in 0.00 ms.
Unloading 3135 Unused Serialized files (Serialized files now loaded: 0)
Unloading 20 unused Assets / (173.3 KB). Loaded Objects now: 3664.
Memory consumption went from 142.4 MB to 142.2 MB.
Total: 3.858500 ms (FindLiveObjects: 0.244400 ms CreateObjectMapping: 0.097200 ms MarkObjects: 3.222500 ms  DeleteObjects: 0.292600 ms)

AssetImportParameters requested are different than current active one (requested -> active):
  custom:video-decoder-ogg-theora: a1e56fd34408186e4bbccfd4996cb3dc -> 
  custom:container-muxer-webm: aa71ff27fc2769a1b78a27578f13a17b -> 
  custom:container-demuxer-webm: 4f35f7cbe854078d1ac9338744f61a02 -> 
  custom:video-encoder-webm-vp8: eb34c28f22e8b96e1ab97ce403110664 -> 
  custom:audio-encoder-webm-vorbis: bf7c407c2cedff20999df2af8eb42d56 -> 
  custom:framework-win-MediaFoundation: 216162199b28c13a410421893ffa2e32 -> 
  custom:container-demuxer-ogg: 62fdf1f143b41e24485cea50d1cbac27 -> 
  custom:video-decoder-webm-vp8: 9c59270c3fd7afecdb556c50c9e8de78 -> 
  custom:audio-decoder-ogg-vorbis: bf7c407c2cedff20999df2af8eb42d56 -> 
========================================================================
Received Prepare
Registering precompiled user dll's ...
Registered in 0.006580 seconds.
Begin MonoManager ReloadAssembly
Symbol file LoadedFromMemory doesn't match image C:\Users\USER\Documents\GitHub\2023-2-gameProgramming\My project\Library\PackageCache\com.unity.visualscripting@1.8.0\Editor\VisualScripting.Core\Dependencies\YamlDotNet\Unity.VisualScripting.YamlDotNet.dll
Symbol file LoadedFromMemory doesn't match image C:\Users\USER\Documents\GitHub\2023-2-gameProgramming\My project\Library\PackageCache\com.unity.visualscripting@1.8.0\Editor\VisualScripting.Core\Dependencies\DotNetZip\Unity.VisualScripting.IonicZip.dll
Native extension for WindowsStandalone target not found
Refreshing native plugins compatible for Editor in 0.58 ms, found 3 plugins.
Preloading 0 native plugins for Editor in 0.00 ms.
Mono: successfully reloaded assembly
- Completed reload, in  1.155 seconds
Domain Reload Profiling:
	ReloadAssembly (1155ms)
		BeginReloadAssembly (108ms)
			ExecutionOrderSort (0ms)
			DisableScriptedObjects (4ms)
			BackupInstance (0ms)
			ReleaseScriptingObjects (0ms)
			CreateAndSetChildDomain (26ms)
		EndReloadAssembly (961ms)
			LoadAssemblies (69ms)
			RebuildTransferFunctionScriptingTraits (0ms)
			SetupTypeCache (201ms)
			ReleaseScriptCaches (1ms)
			RebuildScriptCaches (47ms)
			SetupLoadedEditorAssemblies (578ms)
				LogAssemblyErrors (0ms)
				InitializePlatformSupportModulesInManaged (7ms)
				SetLoadedEditorAssemblies (1ms)
				RefreshPlugins (1ms)
				BeforeProcessingInitializeOnLoad (67ms)
				ProcessInitializeOnLoadAttributes (464ms)
				ProcessInitializeOnLoadMethodAttributes (26ms)
				AfterProcessingInitializeOnLoad (11ms)
				EditorAssembliesLoaded (0ms)
			ExecutionOrderSort2 (0ms)
			AwakeInstancesAfterBackupRestoration (9ms)
Platform modules already initialized, skipping
Shader 'SimpleURPToonLitExample(With Outline)': fallback shader 'Hidden/Universal Render Pipeline/FallbackError' not found
Shader 'SimpleURPToonLitExample(With Outline)': fallback shader 'Hidden/Universal Render Pipeline/FallbackError' not found
Refreshing native plugins compatible for Editor in 2.51 ms, found 3 plugins.
Preloading 0 native plugins for Editor in 0.00 ms.
Unloading 3135 Unused Serialized files (Serialized files now loaded: 0)
Unloading 20 unused Assets / (173.3 KB). Loaded Objects now: 3667.
Memory consumption went from 142.4 MB to 142.2 MB.
Total: 3.987300 ms (FindLiveObjects: 0.296700 ms CreateObjectMapping: 0.089800 ms MarkObjects: 3.410500 ms  DeleteObjects: 0.188300 ms)

AssetImportParameters requested are different than current active one (requested -> active):
  custom:video-decoder-ogg-theora: a1e56fd34408186e4bbccfd4996cb3dc -> 
  custom:container-muxer-webm: aa71ff27fc2769a1b78a27578f13a17b -> 
  custom:container-demuxer-webm: 4f35f7cbe854078d1ac9338744f61a02 -> 
  custom:video-encoder-webm-vp8: eb34c28f22e8b96e1ab97ce403110664 -> 
  custom:audio-encoder-webm-vorbis: bf7c407c2cedff20999df2af8eb42d56 -> 
  custom:framework-win-MediaFoundation: 216162199b28c13a410421893ffa2e32 -> 
  custom:container-demuxer-ogg: 62fdf1f143b41e24485cea50d1cbac27 -> 
  custom:video-decoder-webm-vp8: 9c59270c3fd7afecdb556c50c9e8de78 -> 
  custom:audio-decoder-ogg-vorbis: bf7c407c2cedff20999df2af8eb42d56 -> 
========================================================================
Received Import Request.
  Time since last request: 168.855090 seconds.
  path: Assets/khs/prefabs/Slime_01.prefab
  artifactKey: Guid(0b8453e06b93bab4abd1026d128bd61c) Importer(815301076,1909f56bfc062723c751e8b465ee728b)
Start importing Assets/khs/prefabs/Slime_01.prefab using Guid(0b8453e06b93bab4abd1026d128bd61c) Importer(815301076,1909f56bfc062723c751e8b465ee728b)  -> (artifact id: '24c5cb7370841772337137a6d481b9d1') in 0.069064 seconds 
========================================================================
Received Prepare
Registering precompiled user dll's ...
Registered in 0.007589 seconds.
Begin MonoManager ReloadAssembly
Symbol file LoadedFromMemory doesn't match image C:\Users\USER\Documents\GitHub\2023-2-gameProgramming\My project\Library\PackageCache\com.unity.visualscripting@1.8.0\Editor\VisualScripting.Core\Dependencies\YamlDotNet\Unity.VisualScripting.YamlDotNet.dll
Symbol file LoadedFromMemory doesn't match image C:\Users\USER\Documents\GitHub\2023-2-gameProgramming\My project\Library\PackageCache\com.unity.visualscripting@1.8.0\Editor\VisualScripting.Core\Dependencies\DotNetZip\Unity.VisualScripting.IonicZip.dll
Native extension for WindowsStandalone target not found
Refreshing native plugins compatible for Editor in 0.47 ms, found 3 plugins.
Preloading 0 native plugins for Editor in 0.00 ms.
Mono: successfully reloaded assembly
- Completed reload, in  1.043 seconds
Domain Reload Profiling:
	ReloadAssembly (1044ms)
		BeginReloadAssembly (99ms)
			ExecutionOrderSort (0ms)
			DisableScriptedObjects (3ms)
			BackupInstance (0ms)
			ReleaseScriptingObjects (0ms)
			CreateAndSetChildDomain (24ms)
		EndReloadAssembly (873ms)
			LoadAssemblies (63ms)
			RebuildTransferFunctionScriptingTraits (0ms)
			SetupTypeCache (179ms)
			ReleaseScriptCaches (1ms)
			RebuildScriptCaches (37ms)
			SetupLoadedEditorAssemblies (530ms)
				LogAssemblyErrors (0ms)
				InitializePlatformSupportModulesInManaged (6ms)
				SetLoadedEditorAssemblies (0ms)
				RefreshPlugins (1ms)
				BeforeProcessingInitializeOnLoad (63ms)
				ProcessInitializeOnLoadAttributes (433ms)
				ProcessInitializeOnLoadMethodAttributes (18ms)
				AfterProcessingInitializeOnLoad (8ms)
				EditorAssembliesLoaded (0ms)
			ExecutionOrderSort2 (0ms)
			AwakeInstancesAfterBackupRestoration (8ms)
Platform modules already initialized, skipping
Shader 'SimpleURPToonLitExample(With Outline)': fallback shader 'Hidden/Universal Render Pipeline/FallbackError' not found
Shader 'SimpleURPToonLitExample(With Outline)': fallback shader 'Hidden/Universal Render Pipeline/FallbackError' not found
Refreshing native plugins compatible for Editor in 2.50 ms, found 3 plugins.
Preloading 0 native plugins for Editor in 0.00 ms.
Unloading 3135 Unused Serialized files (Serialized files now loaded: 0)
Unloading 20 unused Assets / (173.1 KB). Loaded Objects now: 3670.
Memory consumption went from 142.4 MB to 142.2 MB.
Total: 3.657700 ms (FindLiveObjects: 0.249400 ms CreateObjectMapping: 0.088300 ms MarkObjects: 3.140700 ms  DeleteObjects: 0.177200 ms)

AssetImportParameters requested are different than current active one (requested -> active):
  custom:video-decoder-ogg-theora: a1e56fd34408186e4bbccfd4996cb3dc -> 
  custom:container-muxer-webm: aa71ff27fc2769a1b78a27578f13a17b -> 
  custom:container-demuxer-webm: 4f35f7cbe854078d1ac9338744f61a02 -> 
  custom:video-encoder-webm-vp8: eb34c28f22e8b96e1ab97ce403110664 -> 
  custom:audio-encoder-webm-vorbis: bf7c407c2cedff20999df2af8eb42d56 -> 
  custom:framework-win-MediaFoundation: 216162199b28c13a410421893ffa2e32 -> 
  custom:container-demuxer-ogg: 62fdf1f143b41e24485cea50d1cbac27 -> 
  custom:video-decoder-webm-vp8: 9c59270c3fd7afecdb556c50c9e8de78 -> 
  custom:audio-decoder-ogg-vorbis: bf7c407c2cedff20999df2af8eb42d56 -> 
========================================================================
Received Import Request.
  Time since last request: 4.577680 seconds.
  path: Assets/khs/prefabs/Slime_01.prefab
  artifactKey: Guid(0b8453e06b93bab4abd1026d128bd61c) Importer(815301076,1909f56bfc062723c751e8b465ee728b)
Start importing Assets/khs/prefabs/Slime_01.prefab using Guid(0b8453e06b93bab4abd1026d128bd61c) Importer(815301076,1909f56bfc062723c751e8b465ee728b)  -> (artifact id: 'df2ab156f17e81ba49aa9e7d5418ec1f') in 0.086790 seconds 
========================================================================
Received Prepare
Registering precompiled user dll's ...
Registered in 0.003627 seconds.
Begin MonoManager ReloadAssembly
Symbol file LoadedFromMemory doesn't match image C:\Users\USER\Documents\GitHub\2023-2-gameProgramming\My project\Library\PackageCache\com.unity.visualscripting@1.8.0\Editor\VisualScripting.Core\Dependencies\YamlDotNet\Unity.VisualScripting.YamlDotNet.dll
Symbol file LoadedFromMemory doesn't match image C:\Users\USER\Documents\GitHub\2023-2-gameProgramming\My project\Library\PackageCache\com.unity.visualscripting@1.8.0\Editor\VisualScripting.Core\Dependencies\DotNetZip\Unity.VisualScripting.IonicZip.dll
Native extension for WindowsStandalone target not found
Refreshing native plugins compatible for Editor in 0.62 ms, found 3 plugins.
Preloading 0 native plugins for Editor in 0.00 ms.
Mono: successfully reloaded assembly
- Completed reload, in  1.134 seconds
Domain Reload Profiling:
	ReloadAssembly (1134ms)
		BeginReloadAssembly (101ms)
			ExecutionOrderSort (0ms)
			DisableScriptedObjects (3ms)
			BackupInstance (0ms)
			ReleaseScriptingObjects (0ms)
			CreateAndSetChildDomain (26ms)
		EndReloadAssembly (962ms)
			LoadAssemblies (63ms)
			RebuildTransferFunctionScriptingTraits (0ms)
			SetupTypeCache (192ms)
			ReleaseScriptCaches (1ms)
			RebuildScriptCaches (48ms)
			SetupLoadedEditorAssemblies (589ms)
				LogAssemblyErrors (0ms)
				InitializePlatformSupportModulesInManaged (8ms)
				SetLoadedEditorAssemblies (1ms)
				RefreshPlugins (1ms)
				BeforeProcessingInitializeOnLoad (70ms)
				ProcessInitializeOnLoadAttributes (474ms)
				ProcessInitializeOnLoadMethodAttributes (26ms)
				AfterProcessingInitializeOnLoad (9ms)
				EditorAssembliesLoaded (0ms)
			ExecutionOrderSort2 (0ms)
			AwakeInstancesAfterBackupRestoration (9ms)
Platform modules already initialized, skipping
Shader 'SimpleURPToonLitExample(With Outline)': fallback shader 'Hidden/Universal Render Pipeline/FallbackError' not found
Shader 'SimpleURPToonLitExample(With Outline)': fallback shader 'Hidden/Universal Render Pipeline/FallbackError' not found
Refreshing native plugins compatible for Editor in 4.48 ms, found 3 plugins.
Preloading 0 native plugins for Editor in 0.00 ms.
Unloading 3135 Unused Serialized files (Serialized files now loaded: 0)
Unloading 20 unused Assets / (173.4 KB). Loaded Objects now: 3673.
Memory consumption went from 142.4 MB to 142.3 MB.
Total: 7.205900 ms (FindLiveObjects: 0.619600 ms CreateObjectMapping: 0.299700 ms MarkObjects: 5.950300 ms  DeleteObjects: 0.333900 ms)

AssetImportParameters requested are different than current active one (requested -> active):
  custom:video-decoder-ogg-theora: a1e56fd34408186e4bbccfd4996cb3dc -> 
  custom:container-muxer-webm: aa71ff27fc2769a1b78a27578f13a17b -> 
  custom:container-demuxer-webm: 4f35f7cbe854078d1ac9338744f61a02 -> 
  custom:video-encoder-webm-vp8: eb34c28f22e8b96e1ab97ce403110664 -> 
  custom:audio-encoder-webm-vorbis: bf7c407c2cedff20999df2af8eb42d56 -> 
  custom:framework-win-MediaFoundation: 216162199b28c13a410421893ffa2e32 -> 
  custom:container-demuxer-ogg: 62fdf1f143b41e24485cea50d1cbac27 -> 
  custom:video-decoder-webm-vp8: 9c59270c3fd7afecdb556c50c9e8de78 -> 
  custom:audio-decoder-ogg-vorbis: bf7c407c2cedff20999df2af8eb42d56 -> 
========================================================================
Received Import Request.
  Time since last request: 32.074131 seconds.
  path: Assets/52SpecialEffectPack/Effect/Effect(Shuriken)/DeadBall.prefab
  artifactKey: Guid(537a18d45863c794c97e81b7bc643e71) Importer(815301076,1909f56bfc062723c751e8b465ee728b)
Start importing Assets/52SpecialEffectPack/Effect/Effect(Shuriken)/DeadBall.prefab using Guid(537a18d45863c794c97e81b7bc643e71) Importer(815301076,1909f56bfc062723c751e8b465ee728b)  -> (artifact id: 'fa3a590b6488c45f2c7c135997460c37') in 0.092022 seconds 
========================================================================
Received Import Request.
  Time since last request: 0.000024 seconds.
  path: Assets/52SpecialEffectPack/Effect/Effect(Shuriken)/Explode2.prefab
  artifactKey: Guid(bf6ce3cd3c47ff64cb9bcdfc16964bd6) Importer(815301076,1909f56bfc062723c751e8b465ee728b)
Start importing Assets/52SpecialEffectPack/Effect/Effect(Shuriken)/Explode2.prefab using Guid(bf6ce3cd3c47ff64cb9bcdfc16964bd6) Importer(815301076,1909f56bfc062723c751e8b465ee728b)  -> (artifact id: 'a25461f713d6f0c7415941b0012f02fb') in 0.036901 seconds 
========================================================================
Received Import Request.
  Time since last request: 0.000040 seconds.
  path: Assets/52SpecialEffectPack/Effect/Effect(Shuriken)/Kunai3.prefab
  artifactKey: Guid(48dfdee99b415924b9bc9473c8ab3be8) Importer(815301076,1909f56bfc062723c751e8b465ee728b)
Start importing Assets/52SpecialEffectPack/Effect/Effect(Shuriken)/Kunai3.prefab using Guid(48dfdee99b415924b9bc9473c8ab3be8) Importer(815301076,1909f56bfc062723c751e8b465ee728b)  -> (artifact id: 'a371babb011abaf6ae78149fa4ac494d') in 0.029672 seconds 
========================================================================
Received Import Request.
  Time since last request: 0.000025 seconds.
  path: Assets/52SpecialEffectPack/Effect/Effect(Shuriken)/Kunai4.prefab
  artifactKey: Guid(83847459a29ab814788d190f1fd96e68) Importer(815301076,1909f56bfc062723c751e8b465ee728b)
Start importing Assets/52SpecialEffectPack/Effect/Effect(Shuriken)/Kunai4.prefab using Guid(83847459a29ab814788d190f1fd96e68) Importer(815301076,1909f56bfc062723c751e8b465ee728b)  -> (artifact id: '272dea0ffc88902dbfe261f767b6511a') in 0.021978 seconds 
========================================================================
Received Import Request.
  Time since last request: 0.000035 seconds.
  path: Assets/52SpecialEffectPack/Effect/Effect(Shuriken)/Explode8.prefab
  artifactKey: Guid(be7d9c7b953f9b143861af17cf32d4ca) Importer(815301076,1909f56bfc062723c751e8b465ee728b)
Start importing Assets/52SpecialEffectPack/Effect/Effect(Shuriken)/Explode8.prefab using Guid(be7d9c7b953f9b143861af17cf32d4ca) Importer(815301076,1909f56bfc062723c751e8b465ee728b)  -> (artifact id: 'a5ee02f32ded794b649a05b2d1583f83') in 0.014905 seconds 
========================================================================
Received Import Request.
  Time since last request: 0.000027 seconds.
  path: Assets/52SpecialEffectPack/Effect/Effect(Shuriken)/Hole.prefab
  artifactKey: Guid(7f4cd52014748b049b82f29f755c1278) Importer(815301076,1909f56bfc062723c751e8b465ee728b)
Start importing Assets/52SpecialEffectPack/Effect/Effect(Shuriken)/Hole.prefab using Guid(7f4cd52014748b049b82f29f755c1278) Importer(815301076,1909f56bfc062723c751e8b465ee728b)  -> (artifact id: 'c873f1f34be177fc0671457b60880cca') in 0.017877 seconds 
========================================================================
Received Import Request.
  Time since last request: 0.000024 seconds.
  path: Assets/52SpecialEffectPack/Effect/Effect(Shuriken)/Explode7.prefab
  artifactKey: Guid(ba4d2d4d346b55a4da5ee8548c8c5609) Importer(815301076,1909f56bfc062723c751e8b465ee728b)
Start importing Assets/52SpecialEffectPack/Effect/Effect(Shuriken)/Explode7.prefab using Guid(ba4d2d4d346b55a4da5ee8548c8c5609) Importer(815301076,1909f56bfc062723c751e8b465ee728b)  -> (artifact id: '1e8459de481675fba89916f59178a487') in 0.016703 seconds 
========================================================================
Received Import Request.
  Time since last request: 0.000023 seconds.
  path: Assets/52SpecialEffectPack/Effect/Effect(Shuriken)/ElementalBall4.prefab
  artifactKey: Guid(5da4c531ae0085f41b5f5c498270eeea) Importer(815301076,1909f56bfc062723c751e8b465ee728b)
Start importing Assets/52SpecialEffectPack/Effect/Effect(Shuriken)/ElementalBall4.prefab using Guid(5da4c531ae0085f41b5f5c498270eeea) Importer(815301076,1909f56bfc062723c751e8b465ee728b)  -> (artifact id: '0d55606fa94855abd8e8754e7f99ba0f') in 0.012931 seconds 
========================================================================
Received Import Request.
  Time since last request: 0.000018 seconds.
  path: Assets/52SpecialEffectPack/Effect/Effect(Shuriken)/ElementalArrow2.prefab
  artifactKey: Guid(a8d60f6853b51ee4ba75f1966f4f358f) Importer(815301076,1909f56bfc062723c751e8b465ee728b)
Start importing Assets/52SpecialEffectPack/Effect/Effect(Shuriken)/ElementalArrow2.prefab using Guid(a8d60f6853b51ee4ba75f1966f4f358f) Importer(815301076,1909f56bfc062723c751e8b465ee728b)  -> (artifact id: '4db9d19841dc0943dba0923d50891121') in 0.014091 seconds 
========================================================================
Received Import Request.
  Time since last request: 0.000020 seconds.
  path: Assets/52SpecialEffectPack/Effect/Effect(Shuriken)/ElementalBall3.prefab
  artifactKey: Guid(9a8672522358ff943a1a236cd32e1302) Importer(815301076,1909f56bfc062723c751e8b465ee728b)
Start importing Assets/52SpecialEffectPack/Effect/Effect(Shuriken)/ElementalBall3.prefab using Guid(9a8672522358ff943a1a236cd32e1302) Importer(815301076,1909f56bfc062723c751e8b465ee728b)  -> (artifact id: 'd4f3030e75c778ab27eb77747c932d94') in 0.014171 seconds 
========================================================================
Received Import Request.
  Time since last request: 0.000022 seconds.
  path: Assets/52SpecialEffectPack/Effect/Effect(Shuriken)/DeadExplode.prefab
  artifactKey: Guid(bf350f60afaca7e44b4533526bda51c2) Importer(815301076,1909f56bfc062723c751e8b465ee728b)
Start importing Assets/52SpecialEffectPack/Effect/Effect(Shuriken)/DeadExplode.prefab using Guid(bf350f60afaca7e44b4533526bda51c2) Importer(815301076,1909f56bfc062723c751e8b465ee728b)  -> (artifact id: '451b95670cec475711ee85782970b04f') in 0.025435 seconds 
========================================================================
Received Import Request.
  Time since last request: 0.000034 seconds.
  path: Assets/52SpecialEffectPack/Effect/Effect(Shuriken)/Kunai2.prefab
  artifactKey: Guid(4e354172ca9de2e45b3021f36963f995) Importer(815301076,1909f56bfc062723c751e8b465ee728b)
Start importing Assets/52SpecialEffectPack/Effect/Effect(Shuriken)/Kunai2.prefab using Guid(4e354172ca9de2e45b3021f36963f995) Importer(815301076,1909f56bfc062723c751e8b465ee728b)  -> (artifact id: '3a8c2a3b79340e00396afd7eed910c59') in 0.017762 seconds 
========================================================================
Received Import Request.
  Time since last request: 0.000034 seconds.
  path: Assets/52SpecialEffectPack/Effect/Effect(Shuriken)/ElementalArrow.prefab
  artifactKey: Guid(45cba24a6a5389a4ab385f65964c554a) Importer(815301076,1909f56bfc062723c751e8b465ee728b)
Start importing Assets/52SpecialEffectPack/Effect/Effect(Shuriken)/ElementalArrow.prefab using Guid(45cba24a6a5389a4ab385f65964c554a) Importer(815301076,1909f56bfc062723c751e8b465ee728b)  -> (artifact id: '0a904eb9853fd2bfc07780414d883f23') in 0.014495 seconds 
========================================================================
Received Import Request.
  Time since last request: 0.000039 seconds.
  path: Assets/52SpecialEffectPack/Effect/Effect(Shuriken)/Explode5.prefab
  artifactKey: Guid(176c17a1cb4e96d4c918b4636a95b8c7) Importer(815301076,1909f56bfc062723c751e8b465ee728b)
Start importing Assets/52SpecialEffectPack/Effect/Effect(Shuriken)/Explode5.prefab using Guid(176c17a1cb4e96d4c918b4636a95b8c7) Importer(815301076,1909f56bfc062723c751e8b465ee728b)  -> (artifact id: '6be6136c82ba455cd0427a0c4f6b0bd0') in 0.014977 seconds 
========================================================================
Received Import Request.
  Time since last request: 0.000024 seconds.
  path: Assets/52SpecialEffectPack/Effect/Effect(Shuriken)/FireBall.prefab
  artifactKey: Guid(6ff1350c2a91520479532984ca642474) Importer(815301076,1909f56bfc062723c751e8b465ee728b)
Start importing Assets/52SpecialEffectPack/Effect/Effect(Shuriken)/FireBall.prefab using Guid(6ff1350c2a91520479532984ca642474) Importer(815301076,1909f56bfc062723c751e8b465ee728b)  -> (artifact id: 'ffa28628a66086167683581048a5002d') in 0.013213 seconds 
Editor requested this worker to shutdown with reason: Scaling down because of idle timeout
AssetImportWorker is now disconnected from the server
Process exiting
Exiting without the bug reporter. Application will terminate with return code 0