Using pre-set license
Built from '2021.3/staging' branch; Version is '2021.3.22f1 (b6c551784ba3) revision 11978065'; Using compiler version '192829333'; Build Type 'Release'
OS: 'Windows 11  (10.0.22621) 64bit Professional' Language: 'ko' Physical Memory: 15943 MB
BatchMode: 1, IsHumanControllingUs: 0, StartBugReporterOnCrash: 0, Is64bit: 1, IsPro: 1

COMMAND LINE ARGUMENTS:
C:\Program Files\Unity\Hub\Editor\2021.3.22f1\Editor\Unity.exe
-adb2
-batchMode
-noUpm
-name
AssetImportWorker4
-projectPath
C:/Users/USER/Documents/GitHub/2023-2-gameProgramming/My project
-logFile
Logs/AssetImportWorker4.log
-srvPort
49839
Successfully changed project path to: C:/Users/USER/Documents/GitHub/2023-2-gameProgramming/My project
C:/Users/USER/Documents/GitHub/2023-2-gameProgramming/My project
[UnityMemory] Configuration Parameters - Can be set up in boot.config
    "memorysetup-bucket-allocator-granularity=16"
    "memorysetup-bucket-allocator-bucket-count=8"
    "memorysetup-bucket-allocator-block-size=33554432"
    "memorysetup-bucket-allocator-block-count=8"
    "memorysetup-main-allocator-block-size=16777216"
    "memorysetup-thread-allocator-block-size=16777216"
    "memorysetup-gfx-main-allocator-block-size=16777216"
    "memorysetup-gfx-thread-allocator-block-size=16777216"
    "memorysetup-cache-allocator-block-size=4194304"
    "memorysetup-typetree-allocator-block-size=2097152"
    "memorysetup-profiler-bucket-allocator-granularity=16"
    "memorysetup-profiler-bucket-allocator-bucket-count=8"
    "memorysetup-profiler-bucket-allocator-block-size=33554432"
    "memorysetup-profiler-bucket-allocator-block-count=8"
    "memorysetup-profiler-allocator-block-size=16777216"
    "memorysetup-profiler-editor-allocator-block-size=1048576"
    "memorysetup-temp-allocator-size-main=16777216"
    "memorysetup-job-temp-allocator-block-size=2097152"
    "memorysetup-job-temp-allocator-block-size-background=1048576"
    "memorysetup-job-temp-allocator-reduction-small-platforms=262144"
    "memorysetup-temp-allocator-size-background-worker=32768"
    "memorysetup-temp-allocator-size-job-worker=262144"
    "memorysetup-temp-allocator-size-preload-manager=33554432"
    "memorysetup-temp-allocator-size-nav-mesh-worker=65536"
    "memorysetup-temp-allocator-size-audio-worker=65536"
    "memorysetup-temp-allocator-size-cloud-worker=32768"
    "memorysetup-temp-allocator-size-gi-baking-worker=262144"
    "memorysetup-temp-allocator-size-gfx=262144"
Player connection [12592] Host "[IP] 192.168.159.1 [Port] 0 [Flags] 2 [Guid] 3150889149 [EditorId] 3150889149 [Version] 1048832 [Id] WindowsEditor(7,DESKTOP-DEMO7D5) [Debug] 1 [PackageName] WindowsEditor [ProjectName] Editor" joined multi-casting on [225.0.0.222:54997]...

Player connection [12592] Host "[IP] 192.168.159.1 [Port] 0 [Flags] 2 [Guid] 3150889149 [EditorId] 3150889149 [Version] 1048832 [Id] WindowsEditor(7,DESKTOP-DEMO7D5) [Debug] 1 [PackageName] WindowsEditor [ProjectName] Editor" joined alternative multi-casting on [225.0.0.222:34997]...

Refreshing native plugins compatible for Editor in 78.24 ms, found 3 plugins.
Preloading 0 native plugins for Editor in 0.00 ms.
Initialize engine version: 2021.3.22f1 (b6c551784ba3)
[Subsystems] Discovering subsystems at path C:/Program Files/Unity/Hub/Editor/2021.3.22f1/Editor/Data/Resources/UnitySubsystems
[Subsystems] Discovering subsystems at path C:/Users/USER/Documents/GitHub/2023-2-gameProgramming/My project/Assets
GfxDevice: creating device client; threaded=0; jobified=0
Direct3D:
    Version:  Direct3D 11.0 [level 11.1]
    Renderer: Intel(R) Iris(R) Xe Graphics (ID=0xa7a0)
    Vendor:   Intel
    VRAM:     7971 MB
    Driver:   31.0.101.4314
Initialize mono
Mono path[0] = 'C:/Program Files/Unity/Hub/Editor/2021.3.22f1/Editor/Data/Managed'
Mono path[1] = 'C:/Program Files/Unity/Hub/Editor/2021.3.22f1/Editor/Data/MonoBleedingEdge/lib/mono/unityjit-win32'
Mono config path = 'C:/Program Files/Unity/Hub/Editor/2021.3.22f1/Editor/Data/MonoBleedingEdge/etc'
Using monoOptions --debugger-agent=transport=dt_socket,embedding=1,server=y,suspend=n,address=127.0.0.1:56732
Begin MonoManager ReloadAssembly
Registering precompiled unity dll's ...
Register platform support module: C:/Program Files/Unity/Hub/Editor/2021.3.22f1/Editor/Data/PlaybackEngines/WindowsStandaloneSupport/UnityEditor.WindowsStandalone.Extensions.dll
Registered in 0.003303 seconds.
Native extension for WindowsStandalone target not found
Refreshing native plugins compatible for Editor in 56.00 ms, found 3 plugins.
Preloading 0 native plugins for Editor in 0.00 ms.
Mono: successfully reloaded assembly
- Completed reload, in  0.558 seconds
Domain Reload Profiling:
	ReloadAssembly (558ms)
		BeginReloadAssembly (100ms)
			ExecutionOrderSort (0ms)
			DisableScriptedObjects (0ms)
			BackupInstance (0ms)
			ReleaseScriptingObjects (0ms)
			CreateAndSetChildDomain (1ms)
		EndReloadAssembly (370ms)
			LoadAssemblies (98ms)
			RebuildTransferFunctionScriptingTraits (0ms)
			SetupTypeCache (122ms)
			ReleaseScriptCaches (0ms)
			RebuildScriptCaches (21ms)
			SetupLoadedEditorAssemblies (183ms)
				LogAssemblyErrors (0ms)
				InitializePlatformSupportModulesInManaged (5ms)
				SetLoadedEditorAssemblies (0ms)
				RefreshPlugins (56ms)
				BeforeProcessingInitializeOnLoad (1ms)
				ProcessInitializeOnLoadAttributes (88ms)
				ProcessInitializeOnLoadMethodAttributes (33ms)
				AfterProcessingInitializeOnLoad (0ms)
				EditorAssembliesLoaded (0ms)
			ExecutionOrderSort2 (0ms)
			AwakeInstancesAfterBackupRestoration (0ms)
Platform modules already initialized, skipping
Registering precompiled user dll's ...
Registered in 0.004392 seconds.
Begin MonoManager ReloadAssembly
Symbol file LoadedFromMemory doesn't match image C:\Users\USER\Documents\GitHub\2023-2-gameProgramming\My project\Library\PackageCache\com.unity.visualscripting@1.8.0\Editor\VisualScripting.Core\Dependencies\YamlDotNet\Unity.VisualScripting.YamlDotNet.dll
Symbol file LoadedFromMemory doesn't match image C:\Users\USER\Documents\GitHub\2023-2-gameProgramming\My project\Library\PackageCache\com.unity.visualscripting@1.8.0\Editor\VisualScripting.Core\Dependencies\DotNetZip\Unity.VisualScripting.IonicZip.dll
Native extension for WindowsStandalone target not found
Refreshing native plugins compatible for Editor in 0.44 ms, found 3 plugins.
Preloading 0 native plugins for Editor in 0.00 ms.
Mono: successfully reloaded assembly
- Completed reload, in  0.952 seconds
Domain Reload Profiling:
	ReloadAssembly (953ms)
		BeginReloadAssembly (106ms)
			ExecutionOrderSort (0ms)
			DisableScriptedObjects (4ms)
			BackupInstance (0ms)
			ReleaseScriptingObjects (0ms)
			CreateAndSetChildDomain (14ms)
		EndReloadAssembly (762ms)
			LoadAssemblies (112ms)
			RebuildTransferFunctionScriptingTraits (0ms)
			SetupTypeCache (189ms)
			ReleaseScriptCaches (1ms)
			RebuildScriptCaches (45ms)
			SetupLoadedEditorAssemblies (410ms)
				LogAssemblyErrors (0ms)
				InitializePlatformSupportModulesInManaged (4ms)
				SetLoadedEditorAssemblies (0ms)
				RefreshPlugins (0ms)
				BeforeProcessingInitializeOnLoad (57ms)
				ProcessInitializeOnLoadAttributes (328ms)
				ProcessInitializeOnLoadMethodAttributes (16ms)
				AfterProcessingInitializeOnLoad (4ms)
				EditorAssembliesLoaded (0ms)
			ExecutionOrderSort2 (0ms)
			AwakeInstancesAfterBackupRestoration (5ms)
Platform modules already initialized, skipping
========================================================================
Worker process is ready to serve import requests
Shader 'SimpleURPToonLitExample(With Outline)': fallback shader 'Hidden/Universal Render Pipeline/FallbackError' not found
Shader 'SimpleURPToonLitExample(With Outline)': fallback shader 'Hidden/Universal Render Pipeline/FallbackError' not found
Launched and connected shader compiler UnityShaderCompiler.exe after 0.05 seconds
Refreshing native plugins compatible for Editor in 0.45 ms, found 3 plugins.
Preloading 0 native plugins for Editor in 0.00 ms.
Unloading 3156 Unused Serialized files (Serialized files now loaded: 0)
Unloading 27 unused Assets / (206.6 KB). Loaded Objects now: 3637.
Memory consumption went from 127.0 MB to 126.8 MB.
Total: 2.663400 ms (FindLiveObjects: 0.171800 ms CreateObjectMapping: 0.070900 ms MarkObjects: 2.278200 ms  DeleteObjects: 0.141500 ms)

AssetImportParameters requested are different than current active one (requested -> active):
  custom:video-decoder-ogg-theora: a1e56fd34408186e4bbccfd4996cb3dc -> 
  custom:container-muxer-webm: aa71ff27fc2769a1b78a27578f13a17b -> 
  custom:container-demuxer-webm: 4f35f7cbe854078d1ac9338744f61a02 -> 
  custom:video-encoder-webm-vp8: eb34c28f22e8b96e1ab97ce403110664 -> 
  custom:audio-encoder-webm-vorbis: bf7c407c2cedff20999df2af8eb42d56 -> 
  custom:framework-win-MediaFoundation: 216162199b28c13a410421893ffa2e32 -> 
  custom:container-demuxer-ogg: 62fdf1f143b41e24485cea50d1cbac27 -> 
  custom:video-decoder-webm-vp8: 9c59270c3fd7afecdb556c50c9e8de78 -> 
  custom:audio-decoder-ogg-vorbis: bf7c407c2cedff20999df2af8eb42d56 -> 
========================================================================
Received Import Request.
  Time since last request: 2243.285659 seconds.
  path: Assets/52SpecialEffectPack/Texture/Smoke2.mat
  artifactKey: Guid(adaae5bb3c477e044b84ec1349b1b83f) Importer(815301076,1909f56bfc062723c751e8b465ee728b)
Start importing Assets/52SpecialEffectPack/Texture/Smoke2.mat using Guid(adaae5bb3c477e044b84ec1349b1b83f) Importer(815301076,1909f56bfc062723c751e8b465ee728b)  -> (artifact id: '98801038433a986a2c359dd3cabddcf8') in 0.094287 seconds 
========================================================================
Received Import Request.
  Time since last request: 0.099236 seconds.
  path: Assets/52SpecialEffectPack/Effect/Effect(Shuriken)/DeadBall.prefab
  artifactKey: Guid(537a18d45863c794c97e81b7bc643e71) Importer(815301076,1909f56bfc062723c751e8b465ee728b)
Start importing Assets/52SpecialEffectPack/Effect/Effect(Shuriken)/DeadBall.prefab using Guid(537a18d45863c794c97e81b7bc643e71) Importer(815301076,1909f56bfc062723c751e8b465ee728b)  -> (artifact id: '09e6965ddcaa97f7f918df54e178f10b') in 0.030966 seconds 
========================================================================
Received Import Request.
  Time since last request: 1.355257 seconds.
  path: Assets/52SpecialEffectPack/Effect/Effect(Shuriken)/DeadBall.prefab
  artifactKey: Guid(537a18d45863c794c97e81b7bc643e71) Importer(815301076,1909f56bfc062723c751e8b465ee728b)
Start importing Assets/52SpecialEffectPack/Effect/Effect(Shuriken)/DeadBall.prefab using Guid(537a18d45863c794c97e81b7bc643e71) Importer(815301076,1909f56bfc062723c751e8b465ee728b)  -> (artifact id: 'b01299a319006573ad84b0219c5d019f') in 0.011974 seconds 
========================================================================
Received Import Request.
  Time since last request: 1.179819 seconds.
  path: Assets/52SpecialEffectPack/Texture/Core4.mat
  artifactKey: Guid(9d59fd0bb2aa4e248b8cd728c1241ae9) Importer(815301076,1909f56bfc062723c751e8b465ee728b)
Start importing Assets/52SpecialEffectPack/Texture/Core4.mat using Guid(9d59fd0bb2aa4e248b8cd728c1241ae9) Importer(815301076,1909f56bfc062723c751e8b465ee728b)  -> (artifact id: '552a68f6291192090a24a42ed0127055') in 0.008073 seconds 
========================================================================
Received Import Request.
  Time since last request: 4.599661 seconds.
  path: Assets/52SpecialEffectPack/Texture/Spark5.mat
  artifactKey: Guid(7145e087e1edaf04287f49014d94a1f8) Importer(815301076,1909f56bfc062723c751e8b465ee728b)
Start importing Assets/52SpecialEffectPack/Texture/Spark5.mat using Guid(7145e087e1edaf04287f49014d94a1f8) Importer(815301076,1909f56bfc062723c751e8b465ee728b)  -> (artifact id: '93843d3565aceebfce9699984c3ca9bb') in 0.021618 seconds 
========================================================================
Received Import Request.
  Time since last request: 0.227130 seconds.
  path: Assets/52SpecialEffectPack/Effect/Effect(Shuriken)/DeadExplode.prefab
  artifactKey: Guid(bf350f60afaca7e44b4533526bda51c2) Importer(815301076,1909f56bfc062723c751e8b465ee728b)
Start importing Assets/52SpecialEffectPack/Effect/Effect(Shuriken)/DeadExplode.prefab using Guid(bf350f60afaca7e44b4533526bda51c2) Importer(815301076,1909f56bfc062723c751e8b465ee728b)  -> (artifact id: 'cbf93fb9fd288c43e750b4294fb0cc32') in 0.012395 seconds 
========================================================================
Received Import Request.
  Time since last request: 7.315676 seconds.
  path: Assets/52SpecialEffectPack/Texture/Arrow.mat
  artifactKey: Guid(16029b4eea45bc0408c115f90ae0a8fa) Importer(815301076,1909f56bfc062723c751e8b465ee728b)
Start importing Assets/52SpecialEffectPack/Texture/Arrow.mat using Guid(16029b4eea45bc0408c115f90ae0a8fa) Importer(815301076,1909f56bfc062723c751e8b465ee728b)  -> (artifact id: '0f9aa644fac0d208dfa9fc429adfd0f4') in 0.020595 seconds 
========================================================================
Received Import Request.
  Time since last request: 19.929381 seconds.
  path: Assets/52SpecialEffectPack/Texture/Star.mat
  artifactKey: Guid(4b8c7e1f32be1ca4584989c6346ea76f) Importer(815301076,1909f56bfc062723c751e8b465ee728b)
Start importing Assets/52SpecialEffectPack/Texture/Star.mat using Guid(4b8c7e1f32be1ca4584989c6346ea76f) Importer(815301076,1909f56bfc062723c751e8b465ee728b)  -> (artifact id: '2c03c78d70f8d28a2d48f96fa3f3981c') in 0.022379 seconds 
========================================================================
Received Import Request.
  Time since last request: 15.447231 seconds.
  path: Assets/52SpecialEffectPack/Effect/Effect(Shuriken)/ElementalBall2.prefab
  artifactKey: Guid(4231a198856fde244852dd542a0b0cf2) Importer(815301076,1909f56bfc062723c751e8b465ee728b)
Start importing Assets/52SpecialEffectPack/Effect/Effect(Shuriken)/ElementalBall2.prefab using Guid(4231a198856fde244852dd542a0b0cf2) Importer(815301076,1909f56bfc062723c751e8b465ee728b)  -> (artifact id: 'fb9b824b591ad4ce27cc27a2b6c42300') in 0.012673 seconds 
========================================================================
Received Import Request.
  Time since last request: 5.091282 seconds.
  path: Assets/52SpecialEffectPack/Effect/Effect(Shuriken)/ElementalBall3.prefab
  artifactKey: Guid(9a8672522358ff943a1a236cd32e1302) Importer(815301076,1909f56bfc062723c751e8b465ee728b)
Start importing Assets/52SpecialEffectPack/Effect/Effect(Shuriken)/ElementalBall3.prefab using Guid(9a8672522358ff943a1a236cd32e1302) Importer(815301076,1909f56bfc062723c751e8b465ee728b)  -> (artifact id: '6e2a3547dd53a2f06d1b848ff8f4f0b5') in 0.016162 seconds 
========================================================================
Received Import Request.
  Time since last request: 6.815604 seconds.
  path: Assets/52SpecialEffectPack/Effect/Effect(Shuriken)/Explode.prefab
  artifactKey: Guid(a905d8e5159ffeb46baa8d2a7624717f) Importer(815301076,1909f56bfc062723c751e8b465ee728b)
Start importing Assets/52SpecialEffectPack/Effect/Effect(Shuriken)/Explode.prefab using Guid(a905d8e5159ffeb46baa8d2a7624717f) Importer(815301076,1909f56bfc062723c751e8b465ee728b)  -> (artifact id: 'd3a5b0736e6c57fe3177d2a5a09c4fb3') in 0.026210 seconds 
========================================================================
Received Import Request.
  Time since last request: 0.534828 seconds.
  path: Assets/52SpecialEffectPack/Texture/Spark3.mat
  artifactKey: Guid(bbac47c68408c55409d15aec53362039) Importer(815301076,1909f56bfc062723c751e8b465ee728b)
Start importing Assets/52SpecialEffectPack/Texture/Spark3.mat using Guid(bbac47c68408c55409d15aec53362039) Importer(815301076,1909f56bfc062723c751e8b465ee728b)  -> (artifact id: '017da62dbdc5eb1b9fcb17cf49cc7528') in 0.018510 seconds 
========================================================================
Received Import Request.
  Time since last request: 0.239088 seconds.
  path: Assets/52SpecialEffectPack/Effect/Effect(Shuriken)/Explode.prefab
  artifactKey: Guid(a905d8e5159ffeb46baa8d2a7624717f) Importer(815301076,1909f56bfc062723c751e8b465ee728b)
Start importing Assets/52SpecialEffectPack/Effect/Effect(Shuriken)/Explode.prefab using Guid(a905d8e5159ffeb46baa8d2a7624717f) Importer(815301076,1909f56bfc062723c751e8b465ee728b)  -> (artifact id: '43ae23e796460431c4c106730722c5b2') in 0.017528 seconds 
========================================================================
Received Import Request.
  Time since last request: 3.809109 seconds.
  path: Assets/52SpecialEffectPack/Effect/Effect(Shuriken)/Explode.prefab
  artifactKey: Guid(a905d8e5159ffeb46baa8d2a7624717f) Importer(815301076,1909f56bfc062723c751e8b465ee728b)
Start importing Assets/52SpecialEffectPack/Effect/Effect(Shuriken)/Explode.prefab using Guid(a905d8e5159ffeb46baa8d2a7624717f) Importer(815301076,1909f56bfc062723c751e8b465ee728b)  -> (artifact id: '8db2f72e9a8e4950c988bc99cf604fc8') in 0.016187 seconds 
========================================================================
Received Import Request.
  Time since last request: 29.284357 seconds.
  path: Assets/52SpecialEffectPack/Texture/Spark.mat
  artifactKey: Guid(2e3993fb141ec334b9d10e0476cacde2) Importer(815301076,1909f56bfc062723c751e8b465ee728b)
Start importing Assets/52SpecialEffectPack/Texture/Spark.mat using Guid(2e3993fb141ec334b9d10e0476cacde2) Importer(815301076,1909f56bfc062723c751e8b465ee728b)  -> (artifact id: '0a274e4fcf38e6a0a79b56f908cb054c') in 0.019475 seconds 
========================================================================
Received Import Request.
  Time since last request: 0.174524 seconds.
  path: Assets/52SpecialEffectPack/Effect/Effect(Shuriken)/Explode.prefab
  artifactKey: Guid(a905d8e5159ffeb46baa8d2a7624717f) Importer(815301076,1909f56bfc062723c751e8b465ee728b)
Start importing Assets/52SpecialEffectPack/Effect/Effect(Shuriken)/Explode.prefab using Guid(a905d8e5159ffeb46baa8d2a7624717f) Importer(815301076,1909f56bfc062723c751e8b465ee728b)  -> (artifact id: '580a8d67ff20f54f9ac74caea342ef62') in 0.017582 seconds 
========================================================================
Received Import Request.
  Time since last request: 1.209409 seconds.
  path: Assets/52SpecialEffectPack/Effect/Effect(Shuriken)/Explode.prefab
  artifactKey: Guid(a905d8e5159ffeb46baa8d2a7624717f) Importer(815301076,1909f56bfc062723c751e8b465ee728b)
Start importing Assets/52SpecialEffectPack/Effect/Effect(Shuriken)/Explode.prefab using Guid(a905d8e5159ffeb46baa8d2a7624717f) Importer(815301076,1909f56bfc062723c751e8b465ee728b)  -> (artifact id: '4c08c6c0e535a1b320b6f088974a96a9') in 0.016251 seconds 
========================================================================
Received Import Request.
  Time since last request: 12.391823 seconds.
  path: Assets/52SpecialEffectPack/Effect/Effect(Shuriken)/LaserFire2.prefab
  artifactKey: Guid(e16ef38aa341c8b4d908e6589cde39b6) Importer(815301076,1909f56bfc062723c751e8b465ee728b)
Start importing Assets/52SpecialEffectPack/Effect/Effect(Shuriken)/LaserFire2.prefab using Guid(e16ef38aa341c8b4d908e6589cde39b6) Importer(815301076,1909f56bfc062723c751e8b465ee728b)  -> (artifact id: 'efbc38872696d6a490437136a2a411f1') in 0.046152 seconds 
========================================================================
Received Import Request.
  Time since last request: 0.000035 seconds.
  path: Assets/52SpecialEffectPack/Effect/Effect(Shuriken)/Portal.prefab
  artifactKey: Guid(c98be9ff8d0b99c4f8857faf470634cf) Importer(815301076,1909f56bfc062723c751e8b465ee728b)
Start importing Assets/52SpecialEffectPack/Effect/Effect(Shuriken)/Portal.prefab using Guid(c98be9ff8d0b99c4f8857faf470634cf) Importer(815301076,1909f56bfc062723c751e8b465ee728b)  -> (artifact id: 'a2d46c9a82930abab18c15f972931f8b') in 0.026696 seconds 
========================================================================
Received Import Request.
  Time since last request: 0.000022 seconds.
  path: Assets/52SpecialEffectPack/Effect/Effect(Shuriken)/MagicCube.prefab
  artifactKey: Guid(2c39fb930164bbd47b1b317081d8661d) Importer(815301076,1909f56bfc062723c751e8b465ee728b)
Start importing Assets/52SpecialEffectPack/Effect/Effect(Shuriken)/MagicCube.prefab using Guid(2c39fb930164bbd47b1b317081d8661d) Importer(815301076,1909f56bfc062723c751e8b465ee728b)  -> (artifact id: '0b4e3f321fe79c9e525a941f980c7d0e') in 0.029457 seconds 
========================================================================
Received Import Request.
  Time since last request: 0.000029 seconds.
  path: Assets/52SpecialEffectPack/Effect/Effect(Shuriken)/LigthningArrow.prefab
  artifactKey: Guid(f668eb933cc5b2b4385c78d3cf3c4f75) Importer(815301076,1909f56bfc062723c751e8b465ee728b)
Start importing Assets/52SpecialEffectPack/Effect/Effect(Shuriken)/LigthningArrow.prefab using Guid(f668eb933cc5b2b4385c78d3cf3c4f75) Importer(815301076,1909f56bfc062723c751e8b465ee728b)  -> (artifact id: '95646776a9f8fc3a608cc6663666d928') in 0.029251 seconds 
========================================================================
Received Import Request.
  Time since last request: 0.000020 seconds.
  path: Assets/52SpecialEffectPack/Effect/Effect(Shuriken)/MagicCircleExplode.prefab
  artifactKey: Guid(ea4ce2b1817aec64f9a23ae028ffe62c) Importer(815301076,1909f56bfc062723c751e8b465ee728b)
Start importing Assets/52SpecialEffectPack/Effect/Effect(Shuriken)/MagicCircleExplode.prefab using Guid(ea4ce2b1817aec64f9a23ae028ffe62c) Importer(815301076,1909f56bfc062723c751e8b465ee728b)  -> (artifact id: '652b3dba28ce4aa7a793c89543814440') in 0.024681 seconds 
========================================================================
Received Import Request.
  Time since last request: 0.000023 seconds.
  path: Assets/52SpecialEffectPack/Effect/Effect(Shuriken)/MagicCircleRelease.prefab
  artifactKey: Guid(fc90607984114ad4b82ab9cecd612f99) Importer(815301076,1909f56bfc062723c751e8b465ee728b)
Start importing Assets/52SpecialEffectPack/Effect/Effect(Shuriken)/MagicCircleRelease.prefab using Guid(fc90607984114ad4b82ab9cecd612f99) Importer(815301076,1909f56bfc062723c751e8b465ee728b)  -> (artifact id: 'aaf5a49fd22a09bd6edc105b98a1ba2c') in 0.026268 seconds 
========================================================================
Received Import Request.
  Time since last request: 3.953943 seconds.
  path: Assets/52SpecialEffectPack/Effect/Effect(Shuriken)/Explode5.prefab
  artifactKey: Guid(176c17a1cb4e96d4c918b4636a95b8c7) Importer(815301076,1909f56bfc062723c751e8b465ee728b)
Start importing Assets/52SpecialEffectPack/Effect/Effect(Shuriken)/Explode5.prefab using Guid(176c17a1cb4e96d4c918b4636a95b8c7) Importer(815301076,1909f56bfc062723c751e8b465ee728b)  -> (artifact id: '8d943ee190c3f155524ecbda78aee8cd') in 0.015063 seconds 
========================================================================
Received Import Request.
  Time since last request: 0.778497 seconds.
  path: Assets/52SpecialEffectPack/Effect/Effect(Shuriken)/Explode5.prefab
  artifactKey: Guid(176c17a1cb4e96d4c918b4636a95b8c7) Importer(815301076,1909f56bfc062723c751e8b465ee728b)
Start importing Assets/52SpecialEffectPack/Effect/Effect(Shuriken)/Explode5.prefab using Guid(176c17a1cb4e96d4c918b4636a95b8c7) Importer(815301076,1909f56bfc062723c751e8b465ee728b)  -> (artifact id: '9ce08ddc7ffcfa63935e989a2909446a') in 0.014717 seconds 
========================================================================
Received Import Request.
  Time since last request: 0.491372 seconds.
  path: Assets/52SpecialEffectPack/Texture/Spark6.mat
  artifactKey: Guid(d1a2286650468fe4ca4aba51af7bbe67) Importer(815301076,1909f56bfc062723c751e8b465ee728b)
Start importing Assets/52SpecialEffectPack/Texture/Spark6.mat using Guid(d1a2286650468fe4ca4aba51af7bbe67) Importer(815301076,1909f56bfc062723c751e8b465ee728b)  -> (artifact id: '7fdc6a79517c24c0133d01dec44f61b6') in 0.020365 seconds 
========================================================================
Received Import Request.
  Time since last request: 0.259921 seconds.
  path: Assets/52SpecialEffectPack/Effect/Effect(Shuriken)/Explode5.prefab
  artifactKey: Guid(176c17a1cb4e96d4c918b4636a95b8c7) Importer(815301076,1909f56bfc062723c751e8b465ee728b)
Start importing Assets/52SpecialEffectPack/Effect/Effect(Shuriken)/Explode5.prefab using Guid(176c17a1cb4e96d4c918b4636a95b8c7) Importer(815301076,1909f56bfc062723c751e8b465ee728b)  -> (artifact id: '67acbf03e89536ef1811c45403a1866d') in 0.014246 seconds 
========================================================================
Received Import Request.
  Time since last request: 0.999366 seconds.
  path: Assets/52SpecialEffectPack/Effect/Effect(Shuriken)/Explode5.prefab
  artifactKey: Guid(176c17a1cb4e96d4c918b4636a95b8c7) Importer(815301076,1909f56bfc062723c751e8b465ee728b)
Start importing Assets/52SpecialEffectPack/Effect/Effect(Shuriken)/Explode5.prefab using Guid(176c17a1cb4e96d4c918b4636a95b8c7) Importer(815301076,1909f56bfc062723c751e8b465ee728b)  -> (artifact id: 'd76e8828807431e98e161ed21d4b6538') in 0.012438 seconds 
========================================================================
Received Import Request.
  Time since last request: 1.609233 seconds.
  path: Assets/52SpecialEffectPack/Effect/Effect(Shuriken)/Explode5.prefab
  artifactKey: Guid(176c17a1cb4e96d4c918b4636a95b8c7) Importer(815301076,1909f56bfc062723c751e8b465ee728b)
Start importing Assets/52SpecialEffectPack/Effect/Effect(Shuriken)/Explode5.prefab using Guid(176c17a1cb4e96d4c918b4636a95b8c7) Importer(815301076,1909f56bfc062723c751e8b465ee728b)  -> (artifact id: '204a655864c4966315fef91c5328ba08') in 0.017281 seconds 
========================================================================
Received Import Request.
  Time since last request: 0.990509 seconds.
  path: Assets/52SpecialEffectPack/Effect/Effect(Shuriken)/Explode5.prefab
  artifactKey: Guid(176c17a1cb4e96d4c918b4636a95b8c7) Importer(815301076,1909f56bfc062723c751e8b465ee728b)
Start importing Assets/52SpecialEffectPack/Effect/Effect(Shuriken)/Explode5.prefab using Guid(176c17a1cb4e96d4c918b4636a95b8c7) Importer(815301076,1909f56bfc062723c751e8b465ee728b)  -> (artifact id: '570e5f283b56678a70434e940c74b4d1') in 0.016453 seconds 
========================================================================
Received Import Request.
  Time since last request: 3.803208 seconds.
  path: Assets/52SpecialEffectPack/Effect/Effect(Shuriken)/Hole.prefab
  artifactKey: Guid(7f4cd52014748b049b82f29f755c1278) Importer(815301076,1909f56bfc062723c751e8b465ee728b)
Start importing Assets/52SpecialEffectPack/Effect/Effect(Shuriken)/Hole.prefab using Guid(7f4cd52014748b049b82f29f755c1278) Importer(815301076,1909f56bfc062723c751e8b465ee728b)  -> (artifact id: '4b4d17aac712f3fd94d59c132dbf0ba8') in 0.014043 seconds 
========================================================================
Received Import Request.
  Time since last request: 0.016379 seconds.
  path: Assets/52SpecialEffectPack/Texture/Light3.mat
  artifactKey: Guid(2de448a9c76e96f4f9acf71a71c6a4f0) Importer(815301076,1909f56bfc062723c751e8b465ee728b)
Start importing Assets/52SpecialEffectPack/Texture/Light3.mat using Guid(2de448a9c76e96f4f9acf71a71c6a4f0) Importer(815301076,1909f56bfc062723c751e8b465ee728b)  -> (artifact id: 'b56682951cbe733ab0b925a39666d039') in 0.019668 seconds 
========================================================================
Received Import Request.
  Time since last request: 0.121596 seconds.
  path: Assets/52SpecialEffectPack/Effect/Effect(Shuriken)/Hole.prefab
  artifactKey: Guid(7f4cd52014748b049b82f29f755c1278) Importer(815301076,1909f56bfc062723c751e8b465ee728b)
Start importing Assets/52SpecialEffectPack/Effect/Effect(Shuriken)/Hole.prefab using Guid(7f4cd52014748b049b82f29f755c1278) Importer(815301076,1909f56bfc062723c751e8b465ee728b)  -> (artifact id: '26907354d7da838fa3bea33b1da590cd') in 0.013369 seconds 
========================================================================
Received Import Request.
  Time since last request: 2.308179 seconds.
  path: Assets/52SpecialEffectPack/Texture/Light.mat
  artifactKey: Guid(d8e584feecefb0e47bfdb0e4be80be34) Importer(815301076,1909f56bfc062723c751e8b465ee728b)
Start importing Assets/52SpecialEffectPack/Texture/Light.mat using Guid(d8e584feecefb0e47bfdb0e4be80be34) Importer(815301076,1909f56bfc062723c751e8b465ee728b)  -> (artifact id: '862ab43817bc45a4adcb410cac51999a') in 0.023583 seconds 
========================================================================
Received Import Request.
  Time since last request: 0.107368 seconds.
  path: Assets/52SpecialEffectPack/Effect/Effect(Shuriken)/Hole.prefab
  artifactKey: Guid(7f4cd52014748b049b82f29f755c1278) Importer(815301076,1909f56bfc062723c751e8b465ee728b)
Start importing Assets/52SpecialEffectPack/Effect/Effect(Shuriken)/Hole.prefab using Guid(7f4cd52014748b049b82f29f755c1278) Importer(815301076,1909f56bfc062723c751e8b465ee728b)  -> (artifact id: 'f88ce9ada07f0cbc16fbe808faca9892') in 0.017545 seconds 
========================================================================
Received Import Request.
  Time since last request: 1.789476 seconds.
  path: Assets/52SpecialEffectPack/Effect/Effect(Shuriken)/Hole.prefab
  artifactKey: Guid(7f4cd52014748b049b82f29f755c1278) Importer(815301076,1909f56bfc062723c751e8b465ee728b)
Start importing Assets/52SpecialEffectPack/Effect/Effect(Shuriken)/Hole.prefab using Guid(7f4cd52014748b049b82f29f755c1278) Importer(815301076,1909f56bfc062723c751e8b465ee728b)  -> (artifact id: '301c9e903dea1ae1a1b8cd5a34740910') in 0.014221 seconds 
========================================================================
Received Import Request.
  Time since last request: 0.898750 seconds.
  path: Assets/52SpecialEffectPack/Effect/Effect(Shuriken)/Portal2.prefab
  artifactKey: Guid(a8d006cd19a6a1b4b95ac07a6075d297) Importer(815301076,1909f56bfc062723c751e8b465ee728b)
Start importing Assets/52SpecialEffectPack/Effect/Effect(Shuriken)/Portal2.prefab using Guid(a8d006cd19a6a1b4b95ac07a6075d297) Importer(815301076,1909f56bfc062723c751e8b465ee728b)  -> (artifact id: '40f92332d1229430a730a14137f939ff') in 0.047815 seconds 
========================================================================
Received Import Request.
  Time since last request: 0.000022 seconds.
  path: Assets/52SpecialEffectPack/Effect/Effect(Shuriken)/StormCloud.prefab
  artifactKey: Guid(fbe02a07d24e2ce43b8e224ebcf00316) Importer(815301076,1909f56bfc062723c751e8b465ee728b)
Start importing Assets/52SpecialEffectPack/Effect/Effect(Shuriken)/StormCloud.prefab using Guid(fbe02a07d24e2ce43b8e224ebcf00316) Importer(815301076,1909f56bfc062723c751e8b465ee728b)  -> (artifact id: '14a97ed6b82b917d4ec50446a0c1c2dc') in 0.023934 seconds 
========================================================================
Received Import Request.
  Time since last request: 0.000024 seconds.
  path: Assets/52SpecialEffectPack/Effect/Effect(Shuriken)/SummonMagicCircle.prefab
  artifactKey: Guid(3aa143f52a2c20e45bf4bc03a7e127fd) Importer(815301076,1909f56bfc062723c751e8b465ee728b)
Start importing Assets/52SpecialEffectPack/Effect/Effect(Shuriken)/SummonMagicCircle.prefab using Guid(3aa143f52a2c20e45bf4bc03a7e127fd) Importer(815301076,1909f56bfc062723c751e8b465ee728b)  -> (artifact id: '0e47e014c1b73320498bb3c9836e67c6') in 0.028463 seconds 
========================================================================
Received Import Request.
  Time since last request: 0.000025 seconds.
  path: Assets/52SpecialEffectPack/Effect/Effect(Shuriken)/Swamp.prefab
  artifactKey: Guid(1fc7dfffb398d0b48b056795e222cbc4) Importer(815301076,1909f56bfc062723c751e8b465ee728b)
Start importing Assets/52SpecialEffectPack/Effect/Effect(Shuriken)/Swamp.prefab using Guid(1fc7dfffb398d0b48b056795e222cbc4) Importer(815301076,1909f56bfc062723c751e8b465ee728b)  -> (artifact id: '90b880684c07ab00f759e2f28add1bac') in 0.031109 seconds 
========================================================================
Received Import Request.
  Time since last request: 4.479214 seconds.
  path: Assets/52SpecialEffectPack/Effect/Effect(Shuriken)/SwampBall.prefab
  artifactKey: Guid(bc015426619ef584fbdac5a0359c7a98) Importer(815301076,1909f56bfc062723c751e8b465ee728b)
Start importing Assets/52SpecialEffectPack/Effect/Effect(Shuriken)/SwampBall.prefab using Guid(bc015426619ef584fbdac5a0359c7a98) Importer(815301076,1909f56bfc062723c751e8b465ee728b)  -> (artifact id: '2cfbf8db81f4e31be57065cb66aeda86') in 0.026654 seconds 
========================================================================
Received Import Request.
  Time since last request: 14.081209 seconds.
  path: Assets/52SpecialEffectPack/Effect/Effect(Shuriken)/RainbowExplode2.prefab
  artifactKey: Guid(7da46ba1a42444c44a2260d4a1c9c848) Importer(815301076,1909f56bfc062723c751e8b465ee728b)
Start importing Assets/52SpecialEffectPack/Effect/Effect(Shuriken)/RainbowExplode2.prefab using Guid(7da46ba1a42444c44a2260d4a1c9c848) Importer(815301076,1909f56bfc062723c751e8b465ee728b)  -> (artifact id: '39ededb48c3c311509e491213831d003') in 0.014847 seconds 
========================================================================
Received Import Request.
  Time since last request: 0.596588 seconds.
  path: Assets/52SpecialEffectPack/Effect/Effect(Shuriken)/RainbowExplode2.prefab
  artifactKey: Guid(7da46ba1a42444c44a2260d4a1c9c848) Importer(815301076,1909f56bfc062723c751e8b465ee728b)
Start importing Assets/52SpecialEffectPack/Effect/Effect(Shuriken)/RainbowExplode2.prefab using Guid(7da46ba1a42444c44a2260d4a1c9c848) Importer(815301076,1909f56bfc062723c751e8b465ee728b)  -> (artifact id: '3b9cb2e0ac4b1a9e9649c950e360c2ea') in 0.014168 seconds 
========================================================================
Received Import Request.
  Time since last request: 0.381705 seconds.
  path: Assets/52SpecialEffectPack/Effect/Effect(Shuriken)/RainbowExplode2.prefab
  artifactKey: Guid(7da46ba1a42444c44a2260d4a1c9c848) Importer(815301076,1909f56bfc062723c751e8b465ee728b)
Start importing Assets/52SpecialEffectPack/Effect/Effect(Shuriken)/RainbowExplode2.prefab using Guid(7da46ba1a42444c44a2260d4a1c9c848) Importer(815301076,1909f56bfc062723c751e8b465ee728b)  -> (artifact id: '47f2fed846bfc895abf331fb454de2bf') in 0.014169 seconds 
========================================================================
Received Import Request.
  Time since last request: 0.256647 seconds.
  path: Assets/52SpecialEffectPack/Texture/Star2.mat
  artifactKey: Guid(942ec76043123ba4e9a9850937176d82) Importer(815301076,1909f56bfc062723c751e8b465ee728b)
Start importing Assets/52SpecialEffectPack/Texture/Star2.mat using Guid(942ec76043123ba4e9a9850937176d82) Importer(815301076,1909f56bfc062723c751e8b465ee728b)  -> (artifact id: 'e06a5ee8a8348eabb6f7c0d91cd8e6c8') in 0.019750 seconds 
========================================================================
Received Import Request.
  Time since last request: 0.098293 seconds.
  path: Assets/52SpecialEffectPack/Effect/Effect(Shuriken)/RainbowExplode2.prefab
  artifactKey: Guid(7da46ba1a42444c44a2260d4a1c9c848) Importer(815301076,1909f56bfc062723c751e8b465ee728b)
Start importing Assets/52SpecialEffectPack/Effect/Effect(Shuriken)/RainbowExplode2.prefab using Guid(7da46ba1a42444c44a2260d4a1c9c848) Importer(815301076,1909f56bfc062723c751e8b465ee728b)  -> (artifact id: '2d5bb298706863b44265dcce76cc2078') in 0.014859 seconds 
========================================================================
Received Import Request.
  Time since last request: 1.693565 seconds.
  path: Assets/52SpecialEffectPack/Texture/Ring.mat
  artifactKey: Guid(eb881d315be7d07409ca65619ea6252e) Importer(815301076,1909f56bfc062723c751e8b465ee728b)
Start importing Assets/52SpecialEffectPack/Texture/Ring.mat using Guid(eb881d315be7d07409ca65619ea6252e) Importer(815301076,1909f56bfc062723c751e8b465ee728b)  -> (artifact id: '316c6a594594d8ccee0ef5d6ed0dcbae') in 0.018659 seconds 
========================================================================
Received Import Request.
  Time since last request: 0.099030 seconds.
  path: Assets/52SpecialEffectPack/Effect/Effect(Shuriken)/RainbowExplode2.prefab
  artifactKey: Guid(7da46ba1a42444c44a2260d4a1c9c848) Importer(815301076,1909f56bfc062723c751e8b465ee728b)
Start importing Assets/52SpecialEffectPack/Effect/Effect(Shuriken)/RainbowExplode2.prefab using Guid(7da46ba1a42444c44a2260d4a1c9c848) Importer(815301076,1909f56bfc062723c751e8b465ee728b)  -> (artifact id: 'f9065a0e620d9551cf47394c7edd4076') in 0.013606 seconds 
========================================================================
Received Import Request.
  Time since last request: 5.058298 seconds.
  path: Assets/52SpecialEffectPack/Effect/Effect(Shuriken)/Kunai2.prefab
  artifactKey: Guid(4e354172ca9de2e45b3021f36963f995) Importer(815301076,1909f56bfc062723c751e8b465ee728b)
Start importing Assets/52SpecialEffectPack/Effect/Effect(Shuriken)/Kunai2.prefab using Guid(4e354172ca9de2e45b3021f36963f995) Importer(815301076,1909f56bfc062723c751e8b465ee728b)  -> (artifact id: '950da897593863e0702fe3922c306a32') in 0.012582 seconds 
========================================================================
Received Import Request.
  Time since last request: 1.825713 seconds.
  path: Assets/52SpecialEffectPack/Effect/Effect(Shuriken)/Kunai2.prefab
  artifactKey: Guid(4e354172ca9de2e45b3021f36963f995) Importer(815301076,1909f56bfc062723c751e8b465ee728b)
Start importing Assets/52SpecialEffectPack/Effect/Effect(Shuriken)/Kunai2.prefab using Guid(4e354172ca9de2e45b3021f36963f995) Importer(815301076,1909f56bfc062723c751e8b465ee728b)  -> (artifact id: '6ad82f25c0a607ccd6138f7633cc5005') in 0.013879 seconds 
========================================================================
Received Import Request.
  Time since last request: 1.174312 seconds.
  path: Assets/52SpecialEffectPack/Effect/Effect(Shuriken)/Kunai2.prefab
  artifactKey: Guid(4e354172ca9de2e45b3021f36963f995) Importer(815301076,1909f56bfc062723c751e8b465ee728b)
Start importing Assets/52SpecialEffectPack/Effect/Effect(Shuriken)/Kunai2.prefab using Guid(4e354172ca9de2e45b3021f36963f995) Importer(815301076,1909f56bfc062723c751e8b465ee728b)  -> (artifact id: 'e17e9e5fd7f4f52adc5da6eb2f2d3364') in 0.015075 seconds 
========================================================================
Received Import Request.
  Time since last request: 0.603568 seconds.
  path: Assets/52SpecialEffectPack/Effect/Effect(Shuriken)/Kunai2.prefab
  artifactKey: Guid(4e354172ca9de2e45b3021f36963f995) Importer(815301076,1909f56bfc062723c751e8b465ee728b)
Start importing Assets/52SpecialEffectPack/Effect/Effect(Shuriken)/Kunai2.prefab using Guid(4e354172ca9de2e45b3021f36963f995) Importer(815301076,1909f56bfc062723c751e8b465ee728b)  -> (artifact id: 'd00b93e374806d78690bcd3df4e50177') in 0.014319 seconds 
========================================================================
Received Import Request.
  Time since last request: 3.227569 seconds.
  path: Assets/52SpecialEffectPack/Effect/Effect(Shuriken)/Explode11.prefab
  artifactKey: Guid(196ff0dbab9ba0d4697ff8df1cebaf6c) Importer(815301076,1909f56bfc062723c751e8b465ee728b)
Start importing Assets/52SpecialEffectPack/Effect/Effect(Shuriken)/Explode11.prefab using Guid(196ff0dbab9ba0d4697ff8df1cebaf6c) Importer(815301076,1909f56bfc062723c751e8b465ee728b)  -> (artifact id: '6d62027536675cf0c4b4c3cf4aa75986') in 0.011970 seconds 
========================================================================
Received Import Request.
  Time since last request: 1.208641 seconds.
  path: Assets/52SpecialEffectPack/Effect/Effect(Shuriken)/Explode11.prefab
  artifactKey: Guid(196ff0dbab9ba0d4697ff8df1cebaf6c) Importer(815301076,1909f56bfc062723c751e8b465ee728b)
Start importing Assets/52SpecialEffectPack/Effect/Effect(Shuriken)/Explode11.prefab using Guid(196ff0dbab9ba0d4697ff8df1cebaf6c) Importer(815301076,1909f56bfc062723c751e8b465ee728b)  -> (artifact id: 'efdf72c12b3fec377286978784fcd5bf') in 0.010381 seconds 
========================================================================
Received Import Request.
  Time since last request: 12.323379 seconds.
  path: Assets/52SpecialEffectPack/Effect/Effect(Shuriken)/Explode.prefab
  artifactKey: Guid(a905d8e5159ffeb46baa8d2a7624717f) Importer(815301076,1909f56bfc062723c751e8b465ee728b)
Start importing Assets/52SpecialEffectPack/Effect/Effect(Shuriken)/Explode.prefab using Guid(a905d8e5159ffeb46baa8d2a7624717f) Importer(815301076,1909f56bfc062723c751e8b465ee728b)  -> (artifact id: 'c9c0d04227ef7ef24894911091a4a61e') in 0.014523 seconds 
========================================================================
Received Prepare
Registering precompiled user dll's ...
Registered in 0.011384 seconds.
Begin MonoManager ReloadAssembly
Symbol file LoadedFromMemory doesn't match image C:\Users\USER\Documents\GitHub\2023-2-gameProgramming\My project\Library\PackageCache\com.unity.visualscripting@1.8.0\Editor\VisualScripting.Core\Dependencies\YamlDotNet\Unity.VisualScripting.YamlDotNet.dll
Symbol file LoadedFromMemory doesn't match image C:\Users\USER\Documents\GitHub\2023-2-gameProgramming\My project\Library\PackageCache\com.unity.visualscripting@1.8.0\Editor\VisualScripting.Core\Dependencies\DotNetZip\Unity.VisualScripting.IonicZip.dll
Native extension for WindowsStandalone target not found
Refreshing native plugins compatible for Editor in 0.75 ms, found 3 plugins.
Preloading 0 native plugins for Editor in 0.00 ms.
Mono: successfully reloaded assembly
- Completed reload, in  1.435 seconds
Domain Reload Profiling:
	ReloadAssembly (1436ms)
		BeginReloadAssembly (134ms)
			ExecutionOrderSort (0ms)
			DisableScriptedObjects (3ms)
			BackupInstance (0ms)
			ReleaseScriptingObjects (0ms)
			CreateAndSetChildDomain (36ms)
		EndReloadAssembly (1181ms)
			LoadAssemblies (95ms)
			RebuildTransferFunctionScriptingTraits (0ms)
			SetupTypeCache (339ms)
			ReleaseScriptCaches (2ms)
			RebuildScriptCaches (59ms)
			SetupLoadedEditorAssemblies (606ms)
				LogAssemblyErrors (0ms)
				InitializePlatformSupportModulesInManaged (6ms)
				SetLoadedEditorAssemblies (0ms)
				RefreshPlugins (1ms)
				BeforeProcessingInitializeOnLoad (80ms)
				ProcessInitializeOnLoadAttributes (480ms)
				ProcessInitializeOnLoadMethodAttributes (28ms)
				AfterProcessingInitializeOnLoad (10ms)
				EditorAssembliesLoaded (0ms)
			ExecutionOrderSort2 (0ms)
			AwakeInstancesAfterBackupRestoration (7ms)
Platform modules already initialized, skipping
Shader 'SimpleURPToonLitExample(With Outline)': fallback shader 'Hidden/Universal Render Pipeline/FallbackError' not found
Shader 'SimpleURPToonLitExample(With Outline)': fallback shader 'Hidden/Universal Render Pipeline/FallbackError' not found
Refreshing native plugins compatible for Editor in 1.91 ms, found 3 plugins.
Preloading 0 native plugins for Editor in 0.00 ms.
Unloading 3135 Unused Serialized files (Serialized files now loaded: 0)
Unloading 21 unused Assets / (173.8 KB). Loaded Objects now: 3684.
Memory consumption went from 130.0 MB to 129.8 MB.
Total: 3.100300 ms (FindLiveObjects: 0.268800 ms CreateObjectMapping: 0.064600 ms MarkObjects: 2.366700 ms  DeleteObjects: 0.397700 ms)

AssetImportParameters requested are different than current active one (requested -> active):
  custom:video-decoder-ogg-theora: a1e56fd34408186e4bbccfd4996cb3dc -> 
  custom:container-muxer-webm: aa71ff27fc2769a1b78a27578f13a17b -> 
  custom:container-demuxer-webm: 4f35f7cbe854078d1ac9338744f61a02 -> 
  custom:video-encoder-webm-vp8: eb34c28f22e8b96e1ab97ce403110664 -> 
  custom:audio-encoder-webm-vorbis: bf7c407c2cedff20999df2af8eb42d56 -> 
  custom:framework-win-MediaFoundation: 216162199b28c13a410421893ffa2e32 -> 
  custom:container-demuxer-ogg: 62fdf1f143b41e24485cea50d1cbac27 -> 
  custom:video-decoder-webm-vp8: 9c59270c3fd7afecdb556c50c9e8de78 -> 
  custom:audio-decoder-ogg-vorbis: bf7c407c2cedff20999df2af8eb42d56 -> 
========================================================================
Received Prepare
Registering precompiled user dll's ...
Registered in 0.017931 seconds.
Begin MonoManager ReloadAssembly
Symbol file LoadedFromMemory doesn't match image C:\Users\USER\Documents\GitHub\2023-2-gameProgramming\My project\Library\PackageCache\com.unity.visualscripting@1.8.0\Editor\VisualScripting.Core\Dependencies\YamlDotNet\Unity.VisualScripting.YamlDotNet.dll
Symbol file LoadedFromMemory doesn't match image C:\Users\USER\Documents\GitHub\2023-2-gameProgramming\My project\Library\PackageCache\com.unity.visualscripting@1.8.0\Editor\VisualScripting.Core\Dependencies\DotNetZip\Unity.VisualScripting.IonicZip.dll
Native extension for WindowsStandalone target not found
Refreshing native plugins compatible for Editor in 0.52 ms, found 3 plugins.
Preloading 0 native plugins for Editor in 0.00 ms.
Mono: successfully reloaded assembly
- Completed reload, in  2.150 seconds
Domain Reload Profiling:
	ReloadAssembly (2152ms)
		BeginReloadAssembly (272ms)
			ExecutionOrderSort (0ms)
			DisableScriptedObjects (11ms)
			BackupInstance (0ms)
			ReleaseScriptingObjects (0ms)
			CreateAndSetChildDomain (37ms)
		EndReloadAssembly (1595ms)
			LoadAssemblies (199ms)
			RebuildTransferFunctionScriptingTraits (0ms)
			SetupTypeCache (733ms)
			ReleaseScriptCaches (3ms)
			RebuildScriptCaches (127ms)
			SetupLoadedEditorAssemblies (476ms)
				LogAssemblyErrors (0ms)
				InitializePlatformSupportModulesInManaged (7ms)
				SetLoadedEditorAssemblies (0ms)
				RefreshPlugins (1ms)
				BeforeProcessingInitializeOnLoad (45ms)
				ProcessInitializeOnLoadAttributes (383ms)
				ProcessInitializeOnLoadMethodAttributes (30ms)
				AfterProcessingInitializeOnLoad (10ms)
				EditorAssembliesLoaded (0ms)
			ExecutionOrderSort2 (0ms)
			AwakeInstancesAfterBackupRestoration (8ms)
Platform modules already initialized, skipping
Shader 'SimpleURPToonLitExample(With Outline)': fallback shader 'Hidden/Universal Render Pipeline/FallbackError' not found
Shader 'SimpleURPToonLitExample(With Outline)': fallback shader 'Hidden/Universal Render Pipeline/FallbackError' not found
Refreshing native plugins compatible for Editor in 2.11 ms, found 3 plugins.
Preloading 0 native plugins for Editor in 0.00 ms.
Unloading 3135 Unused Serialized files (Serialized files now loaded: 0)
Unloading 20 unused Assets / (173.8 KB). Loaded Objects now: 3687.
Memory consumption went from 130.0 MB to 129.9 MB.
Total: 4.523100 ms (FindLiveObjects: 0.250500 ms CreateObjectMapping: 0.096100 ms MarkObjects: 3.868900 ms  DeleteObjects: 0.305600 ms)

AssetImportParameters requested are different than current active one (requested -> active):
  custom:video-decoder-ogg-theora: a1e56fd34408186e4bbccfd4996cb3dc -> 
  custom:container-muxer-webm: aa71ff27fc2769a1b78a27578f13a17b -> 
  custom:container-demuxer-webm: 4f35f7cbe854078d1ac9338744f61a02 -> 
  custom:video-encoder-webm-vp8: eb34c28f22e8b96e1ab97ce403110664 -> 
  custom:audio-encoder-webm-vorbis: bf7c407c2cedff20999df2af8eb42d56 -> 
  custom:framework-win-MediaFoundation: 216162199b28c13a410421893ffa2e32 -> 
  custom:container-demuxer-ogg: 62fdf1f143b41e24485cea50d1cbac27 -> 
  custom:video-decoder-webm-vp8: 9c59270c3fd7afecdb556c50c9e8de78 -> 
  custom:audio-decoder-ogg-vorbis: bf7c407c2cedff20999df2af8eb42d56 -> 
========================================================================
Received Prepare
Registering precompiled user dll's ...
Registered in 0.009707 seconds.
Begin MonoManager ReloadAssembly
Symbol file LoadedFromMemory doesn't match image C:\Users\USER\Documents\GitHub\2023-2-gameProgramming\My project\Library\PackageCache\com.unity.visualscripting@1.8.0\Editor\VisualScripting.Core\Dependencies\YamlDotNet\Unity.VisualScripting.YamlDotNet.dll
Symbol file LoadedFromMemory doesn't match image C:\Users\USER\Documents\GitHub\2023-2-gameProgramming\My project\Library\PackageCache\com.unity.visualscripting@1.8.0\Editor\VisualScripting.Core\Dependencies\DotNetZip\Unity.VisualScripting.IonicZip.dll
Native extension for WindowsStandalone target not found
Refreshing native plugins compatible for Editor in 0.64 ms, found 3 plugins.
Preloading 0 native plugins for Editor in 0.00 ms.
Mono: successfully reloaded assembly
- Completed reload, in  1.342 seconds
Domain Reload Profiling:
	ReloadAssembly (1343ms)
		BeginReloadAssembly (184ms)
			ExecutionOrderSort (0ms)
			DisableScriptedObjects (8ms)
			BackupInstance (0ms)
			ReleaseScriptingObjects (0ms)
			CreateAndSetChildDomain (49ms)
		EndReloadAssembly (1034ms)
			LoadAssemblies (114ms)
			RebuildTransferFunctionScriptingTraits (0ms)
			SetupTypeCache (304ms)
			ReleaseScriptCaches (1ms)
			RebuildScriptCaches (58ms)
			SetupLoadedEditorAssemblies (510ms)
				LogAssemblyErrors (0ms)
				InitializePlatformSupportModulesInManaged (6ms)
				SetLoadedEditorAssemblies (0ms)
				RefreshPlugins (1ms)
				BeforeProcessingInitializeOnLoad (70ms)
				ProcessInitializeOnLoadAttributes (400ms)
				ProcessInitializeOnLoadMethodAttributes (23ms)
				AfterProcessingInitializeOnLoad (10ms)
				EditorAssembliesLoaded (0ms)
			ExecutionOrderSort2 (0ms)
			AwakeInstancesAfterBackupRestoration (8ms)
Platform modules already initialized, skipping
Shader 'SimpleURPToonLitExample(With Outline)': fallback shader 'Hidden/Universal Render Pipeline/FallbackError' not found
Shader 'SimpleURPToonLitExample(With Outline)': fallback shader 'Hidden/Universal Render Pipeline/FallbackError' not found
Refreshing native plugins compatible for Editor in 1.29 ms, found 3 plugins.
Preloading 0 native plugins for Editor in 0.00 ms.
Unloading 3135 Unused Serialized files (Serialized files now loaded: 0)
Unloading 20 unused Assets / (173.7 KB). Loaded Objects now: 3690.
Memory consumption went from 130.0 MB to 129.9 MB.
Total: 2.582200 ms (FindLiveObjects: 0.144400 ms CreateObjectMapping: 0.047800 ms MarkObjects: 2.274100 ms  DeleteObjects: 0.115100 ms)

AssetImportParameters requested are different than current active one (requested -> active):
  custom:video-decoder-ogg-theora: a1e56fd34408186e4bbccfd4996cb3dc -> 
  custom:container-muxer-webm: aa71ff27fc2769a1b78a27578f13a17b -> 
  custom:container-demuxer-webm: 4f35f7cbe854078d1ac9338744f61a02 -> 
  custom:video-encoder-webm-vp8: eb34c28f22e8b96e1ab97ce403110664 -> 
  custom:audio-encoder-webm-vorbis: bf7c407c2cedff20999df2af8eb42d56 -> 
  custom:framework-win-MediaFoundation: 216162199b28c13a410421893ffa2e32 -> 
  custom:container-demuxer-ogg: 62fdf1f143b41e24485cea50d1cbac27 -> 
  custom:video-decoder-webm-vp8: 9c59270c3fd7afecdb556c50c9e8de78 -> 
  custom:audio-decoder-ogg-vorbis: bf7c407c2cedff20999df2af8eb42d56 -> 
========================================================================
Received Prepare
Registering precompiled user dll's ...
Registered in 0.012045 seconds.
Begin MonoManager ReloadAssembly
Symbol file LoadedFromMemory doesn't match image C:\Users\USER\Documents\GitHub\2023-2-gameProgramming\My project\Library\PackageCache\com.unity.visualscripting@1.8.0\Editor\VisualScripting.Core\Dependencies\YamlDotNet\Unity.VisualScripting.YamlDotNet.dll
Symbol file LoadedFromMemory doesn't match image C:\Users\USER\Documents\GitHub\2023-2-gameProgramming\My project\Library\PackageCache\com.unity.visualscripting@1.8.0\Editor\VisualScripting.Core\Dependencies\DotNetZip\Unity.VisualScripting.IonicZip.dll
Native extension for WindowsStandalone target not found
Refreshing native plugins compatible for Editor in 1.22 ms, found 3 plugins.
Preloading 0 native plugins for Editor in 0.00 ms.
Mono: successfully reloaded assembly
- Completed reload, in  1.902 seconds
Domain Reload Profiling:
	ReloadAssembly (1903ms)
		BeginReloadAssembly (257ms)
			ExecutionOrderSort (0ms)
			DisableScriptedObjects (10ms)
			BackupInstance (0ms)
			ReleaseScriptingObjects (0ms)
			CreateAndSetChildDomain (56ms)
		EndReloadAssembly (1450ms)
			LoadAssemblies (174ms)
			RebuildTransferFunctionScriptingTraits (0ms)
			SetupTypeCache (535ms)
			ReleaseScriptCaches (2ms)
			RebuildScriptCaches (93ms)
			SetupLoadedEditorAssemblies (596ms)
				LogAssemblyErrors (0ms)
				InitializePlatformSupportModulesInManaged (10ms)
				SetLoadedEditorAssemblies (1ms)
				RefreshPlugins (1ms)
				BeforeProcessingInitializeOnLoad (128ms)
				ProcessInitializeOnLoadAttributes (440ms)
				ProcessInitializeOnLoadMethodAttributes (13ms)
				AfterProcessingInitializeOnLoad (4ms)
				EditorAssembliesLoaded (0ms)
			ExecutionOrderSort2 (0ms)
			AwakeInstancesAfterBackupRestoration (4ms)
Platform modules already initialized, skipping
Shader 'SimpleURPToonLitExample(With Outline)': fallback shader 'Hidden/Universal Render Pipeline/FallbackError' not found
Shader 'SimpleURPToonLitExample(With Outline)': fallback shader 'Hidden/Universal Render Pipeline/FallbackError' not found
Refreshing native plugins compatible for Editor in 1.20 ms, found 3 plugins.
Preloading 0 native plugins for Editor in 0.00 ms.
Unloading 3135 Unused Serialized files (Serialized files now loaded: 0)
Unloading 20 unused Assets / (173.8 KB). Loaded Objects now: 3693.
Memory consumption went from 130.0 MB to 129.9 MB.
Total: 2.460800 ms (FindLiveObjects: 0.161100 ms CreateObjectMapping: 0.051900 ms MarkObjects: 2.122500 ms  DeleteObjects: 0.124400 ms)

AssetImportParameters requested are different than current active one (requested -> active):
  custom:video-decoder-ogg-theora: a1e56fd34408186e4bbccfd4996cb3dc -> 
  custom:container-muxer-webm: aa71ff27fc2769a1b78a27578f13a17b -> 
  custom:container-demuxer-webm: 4f35f7cbe854078d1ac9338744f61a02 -> 
  custom:video-encoder-webm-vp8: eb34c28f22e8b96e1ab97ce403110664 -> 
  custom:audio-encoder-webm-vorbis: bf7c407c2cedff20999df2af8eb42d56 -> 
  custom:framework-win-MediaFoundation: 216162199b28c13a410421893ffa2e32 -> 
  custom:container-demuxer-ogg: 62fdf1f143b41e24485cea50d1cbac27 -> 
  custom:video-decoder-webm-vp8: 9c59270c3fd7afecdb556c50c9e8de78 -> 
  custom:audio-decoder-ogg-vorbis: bf7c407c2cedff20999df2af8eb42d56 -> 
========================================================================
Received Import Request.
  Time since last request: 94.800556 seconds.
  path: Assets/52SpecialEffectPack/Effect/Effect(Shuriken)/Explode3.prefab
  artifactKey: Guid(ae7c9521250779a428ff1ed3b23c9596) Importer(815301076,1909f56bfc062723c751e8b465ee728b)
Start importing Assets/52SpecialEffectPack/Effect/Effect(Shuriken)/Explode3.prefab using Guid(ae7c9521250779a428ff1ed3b23c9596) Importer(815301076,1909f56bfc062723c751e8b465ee728b)  -> (artifact id: '733d8b51dc1230835f0f583f4fb9d207') in 0.063554 seconds 
========================================================================
Received Import Request.
  Time since last request: 2.300508 seconds.
  path: Assets/52SpecialEffectPack/Texture/Star4.mat
  artifactKey: Guid(c396f9496be2bcd428a7bd0d3a4826f5) Importer(815301076,1909f56bfc062723c751e8b465ee728b)
Start importing Assets/52SpecialEffectPack/Texture/Star4.mat using Guid(c396f9496be2bcd428a7bd0d3a4826f5) Importer(815301076,1909f56bfc062723c751e8b465ee728b)  -> (artifact id: '607f5cb6506f2031a8d999c383fb8be3') in 0.032793 seconds 
========================================================================
Received Import Request.
  Time since last request: 0.160328 seconds.
  path: Assets/52SpecialEffectPack/Effect/Effect(Shuriken)/Explode3.prefab
  artifactKey: Guid(ae7c9521250779a428ff1ed3b23c9596) Importer(815301076,1909f56bfc062723c751e8b465ee728b)
Start importing Assets/52SpecialEffectPack/Effect/Effect(Shuriken)/Explode3.prefab using Guid(ae7c9521250779a428ff1ed3b23c9596) Importer(815301076,1909f56bfc062723c751e8b465ee728b)  -> (artifact id: 'e825ce9baf92570d68b563f0cdf398f7') in 0.013895 seconds 
========================================================================
Received Import Request.
  Time since last request: 52.827951 seconds.
  path: Assets/khs/prefabs/Slime_01.prefab
  artifactKey: Guid(0b8453e06b93bab4abd1026d128bd61c) Importer(815301076,1909f56bfc062723c751e8b465ee728b)
Start importing Assets/khs/prefabs/Slime_01.prefab using Guid(0b8453e06b93bab4abd1026d128bd61c) Importer(815301076,1909f56bfc062723c751e8b465ee728b)  -> (artifact id: '757070cc01e40de8109efbd4b82bb30a') in 0.019005 seconds 
========================================================================
Received Import Request.
  Time since last request: 3.970251 seconds.
  path: Assets/khs/prefabs/Core.prefab
  artifactKey: Guid(ccf9855f9efab1546a1839dc585123ca) Importer(815301076,1909f56bfc062723c751e8b465ee728b)
Start importing Assets/khs/prefabs/Core.prefab using Guid(ccf9855f9efab1546a1839dc585123ca) Importer(815301076,1909f56bfc062723c751e8b465ee728b)  -> (artifact id: '45b750b9d766b0c6c3c73869b623533b') in 0.031548 seconds 
========================================================================
Received Import Request.
  Time since last request: 8.564723 seconds.
  path: Assets/khs/prefabs/Slime_01.prefab
  artifactKey: Guid(0b8453e06b93bab4abd1026d128bd61c) Importer(815301076,1909f56bfc062723c751e8b465ee728b)
Start importing Assets/khs/prefabs/Slime_01.prefab using Guid(0b8453e06b93bab4abd1026d128bd61c) Importer(815301076,1909f56bfc062723c751e8b465ee728b)  -> (artifact id: '561a192cb5c8fce98918f2fbcbbaeedf') in 0.016416 seconds 
========================================================================
Received Prepare
Registering precompiled user dll's ...
Registered in 0.006430 seconds.
Begin MonoManager ReloadAssembly
Symbol file LoadedFromMemory doesn't match image C:\Users\USER\Documents\GitHub\2023-2-gameProgramming\My project\Library\PackageCache\com.unity.visualscripting@1.8.0\Editor\VisualScripting.Core\Dependencies\YamlDotNet\Unity.VisualScripting.YamlDotNet.dll
Symbol file LoadedFromMemory doesn't match image C:\Users\USER\Documents\GitHub\2023-2-gameProgramming\My project\Library\PackageCache\com.unity.visualscripting@1.8.0\Editor\VisualScripting.Core\Dependencies\DotNetZip\Unity.VisualScripting.IonicZip.dll
Native extension for WindowsStandalone target not found
Refreshing native plugins compatible for Editor in 0.73 ms, found 3 plugins.
Preloading 0 native plugins for Editor in 0.00 ms.
Mono: successfully reloaded assembly
- Completed reload, in  1.032 seconds
Domain Reload Profiling:
	ReloadAssembly (1033ms)
		BeginReloadAssembly (104ms)
			ExecutionOrderSort (0ms)
			DisableScriptedObjects (3ms)
			BackupInstance (0ms)
			ReleaseScriptingObjects (0ms)
			CreateAndSetChildDomain (27ms)
		EndReloadAssembly (862ms)
			LoadAssemblies (69ms)
			RebuildTransferFunctionScriptingTraits (0ms)
			SetupTypeCache (171ms)
			ReleaseScriptCaches (2ms)
			RebuildScriptCaches (59ms)
			SetupLoadedEditorAssemblies (496ms)
				LogAssemblyErrors (0ms)
				InitializePlatformSupportModulesInManaged (6ms)
				SetLoadedEditorAssemblies (1ms)
				RefreshPlugins (1ms)
				BeforeProcessingInitializeOnLoad (59ms)
				ProcessInitializeOnLoadAttributes (399ms)
				ProcessInitializeOnLoadMethodAttributes (21ms)
				AfterProcessingInitializeOnLoad (8ms)
				EditorAssembliesLoaded (0ms)
			ExecutionOrderSort2 (0ms)
			AwakeInstancesAfterBackupRestoration (8ms)
Platform modules already initialized, skipping
Shader 'SimpleURPToonLitExample(With Outline)': fallback shader 'Hidden/Universal Render Pipeline/FallbackError' not found
Shader 'SimpleURPToonLitExample(With Outline)': fallback shader 'Hidden/Universal Render Pipeline/FallbackError' not found
Refreshing native plugins compatible for Editor in 1.65 ms, found 3 plugins.
Preloading 0 native plugins for Editor in 0.00 ms.
Unloading 3135 Unused Serialized files (Serialized files now loaded: 0)
Unloading 20 unused Assets / (173.7 KB). Loaded Objects now: 3697.
Memory consumption went from 142.7 MB to 142.5 MB.
Total: 3.021500 ms (FindLiveObjects: 0.200700 ms CreateObjectMapping: 0.156000 ms MarkObjects: 2.499900 ms  DeleteObjects: 0.163300 ms)

AssetImportParameters requested are different than current active one (requested -> active):
  custom:video-decoder-ogg-theora: a1e56fd34408186e4bbccfd4996cb3dc -> 
  custom:container-muxer-webm: aa71ff27fc2769a1b78a27578f13a17b -> 
  custom:container-demuxer-webm: 4f35f7cbe854078d1ac9338744f61a02 -> 
  custom:video-encoder-webm-vp8: eb34c28f22e8b96e1ab97ce403110664 -> 
  custom:audio-encoder-webm-vorbis: bf7c407c2cedff20999df2af8eb42d56 -> 
  custom:framework-win-MediaFoundation: 216162199b28c13a410421893ffa2e32 -> 
  custom:container-demuxer-ogg: 62fdf1f143b41e24485cea50d1cbac27 -> 
  custom:video-decoder-webm-vp8: 9c59270c3fd7afecdb556c50c9e8de78 -> 
  custom:audio-decoder-ogg-vorbis: bf7c407c2cedff20999df2af8eb42d56 -> 
========================================================================
Received Import Request.
  Time since last request: 56.337384 seconds.
  path: Assets/khs/prefabs/Core.prefab
  artifactKey: Guid(ccf9855f9efab1546a1839dc585123ca) Importer(815301076,1909f56bfc062723c751e8b465ee728b)
Start importing Assets/khs/prefabs/Core.prefab using Guid(ccf9855f9efab1546a1839dc585123ca) Importer(815301076,1909f56bfc062723c751e8b465ee728b)  -> (artifact id: '67f2e01cff2d66140190757961be607e') in 0.057944 seconds 
========================================================================
Received Import Request.
  Time since last request: 1.939429 seconds.
  path: Assets/khs/prefabs/Core.prefab
  artifactKey: Guid(ccf9855f9efab1546a1839dc585123ca) Importer(815301076,1909f56bfc062723c751e8b465ee728b)
Start importing Assets/khs/prefabs/Core.prefab using Guid(ccf9855f9efab1546a1839dc585123ca) Importer(815301076,1909f56bfc062723c751e8b465ee728b)  -> (artifact id: '3d0246ae97d1ed9fb3e3e9a23da827de') in 0.013313 seconds 
========================================================================
Received Import Request.
  Time since last request: 6.235085 seconds.
  path: Assets/khs/prefabs/Core.prefab
  artifactKey: Guid(ccf9855f9efab1546a1839dc585123ca) Importer(815301076,1909f56bfc062723c751e8b465ee728b)
Start importing Assets/khs/prefabs/Core.prefab using Guid(ccf9855f9efab1546a1839dc585123ca) Importer(815301076,1909f56bfc062723c751e8b465ee728b)  -> (artifact id: '9d6443ebf361d743e0fc65284f817938') in 0.013308 seconds 
========================================================================
Received Import Request.
  Time since last request: 2.405657 seconds.
  path: Assets/khs/prefabs/Core.prefab
  artifactKey: Guid(ccf9855f9efab1546a1839dc585123ca) Importer(815301076,1909f56bfc062723c751e8b465ee728b)
Start importing Assets/khs/prefabs/Core.prefab using Guid(ccf9855f9efab1546a1839dc585123ca) Importer(815301076,1909f56bfc062723c751e8b465ee728b)  -> (artifact id: '9087ea7820cb0a5de76f0423873d77d6') in 0.014490 seconds 
========================================================================
Received Import Request.
  Time since last request: 1.191184 seconds.
  path: Assets/khs/prefabs/Core.prefab
  artifactKey: Guid(ccf9855f9efab1546a1839dc585123ca) Importer(815301076,1909f56bfc062723c751e8b465ee728b)
Start importing Assets/khs/prefabs/Core.prefab using Guid(ccf9855f9efab1546a1839dc585123ca) Importer(815301076,1909f56bfc062723c751e8b465ee728b)  -> (artifact id: '09ac796921a0b5dc9ed9a903f1f25bbc') in 0.013155 seconds 
========================================================================
Received Import Request.
  Time since last request: 1.017538 seconds.
  path: Assets/khs/prefabs/Core.prefab
  artifactKey: Guid(ccf9855f9efab1546a1839dc585123ca) Importer(815301076,1909f56bfc062723c751e8b465ee728b)
Start importing Assets/khs/prefabs/Core.prefab using Guid(ccf9855f9efab1546a1839dc585123ca) Importer(815301076,1909f56bfc062723c751e8b465ee728b)  -> (artifact id: '4f6b3b9b7df72624fb5acceba98ed47f') in 0.012004 seconds 
========================================================================
Received Import Request.
  Time since last request: 0.789082 seconds.
  path: Assets/khs/prefabs/Core.prefab
  artifactKey: Guid(ccf9855f9efab1546a1839dc585123ca) Importer(815301076,1909f56bfc062723c751e8b465ee728b)
Start importing Assets/khs/prefabs/Core.prefab using Guid(ccf9855f9efab1546a1839dc585123ca) Importer(815301076,1909f56bfc062723c751e8b465ee728b)  -> (artifact id: '6b9e9784bbb4c01331763a806caecfff') in 0.013981 seconds 
========================================================================
Received Prepare
Registering precompiled user dll's ...
Registered in 0.005295 seconds.
Begin MonoManager ReloadAssembly
Symbol file LoadedFromMemory doesn't match image C:\Users\USER\Documents\GitHub\2023-2-gameProgramming\My project\Library\PackageCache\com.unity.visualscripting@1.8.0\Editor\VisualScripting.Core\Dependencies\YamlDotNet\Unity.VisualScripting.YamlDotNet.dll
Symbol file LoadedFromMemory doesn't match image C:\Users\USER\Documents\GitHub\2023-2-gameProgramming\My project\Library\PackageCache\com.unity.visualscripting@1.8.0\Editor\VisualScripting.Core\Dependencies\DotNetZip\Unity.VisualScripting.IonicZip.dll
Native extension for WindowsStandalone target not found
Refreshing native plugins compatible for Editor in 0.52 ms, found 3 plugins.
Preloading 0 native plugins for Editor in 0.00 ms.
Mono: successfully reloaded assembly
- Completed reload, in  1.045 seconds
Domain Reload Profiling:
	ReloadAssembly (1046ms)
		BeginReloadAssembly (101ms)
			ExecutionOrderSort (0ms)
			DisableScriptedObjects (3ms)
			BackupInstance (0ms)
			ReleaseScriptingObjects (0ms)
			CreateAndSetChildDomain (26ms)
		EndReloadAssembly (878ms)
			LoadAssemblies (69ms)
			RebuildTransferFunctionScriptingTraits (0ms)
			SetupTypeCache (178ms)
			ReleaseScriptCaches (1ms)
			RebuildScriptCaches (42ms)
			SetupLoadedEditorAssemblies (514ms)
				LogAssemblyErrors (0ms)
				InitializePlatformSupportModulesInManaged (6ms)
				SetLoadedEditorAssemblies (1ms)
				RefreshPlugins (1ms)
				BeforeProcessingInitializeOnLoad (61ms)
				ProcessInitializeOnLoadAttributes (405ms)
				ProcessInitializeOnLoadMethodAttributes (31ms)
				AfterProcessingInitializeOnLoad (10ms)
				EditorAssembliesLoaded (0ms)
			ExecutionOrderSort2 (0ms)
			AwakeInstancesAfterBackupRestoration (7ms)
Platform modules already initialized, skipping
Shader 'SimpleURPToonLitExample(With Outline)': fallback shader 'Hidden/Universal Render Pipeline/FallbackError' not found
Shader 'SimpleURPToonLitExample(With Outline)': fallback shader 'Hidden/Universal Render Pipeline/FallbackError' not found
Refreshing native plugins compatible for Editor in 1.74 ms, found 3 plugins.
Preloading 0 native plugins for Editor in 0.00 ms.
Unloading 3135 Unused Serialized files (Serialized files now loaded: 0)
Unloading 20 unused Assets / (173.8 KB). Loaded Objects now: 3700.
Memory consumption went from 142.7 MB to 142.5 MB.
Total: 3.005100 ms (FindLiveObjects: 0.224800 ms CreateObjectMapping: 0.109000 ms MarkObjects: 2.523200 ms  DeleteObjects: 0.146800 ms)

AssetImportParameters requested are different than current active one (requested -> active):
  custom:video-decoder-ogg-theora: a1e56fd34408186e4bbccfd4996cb3dc -> 
  custom:container-muxer-webm: aa71ff27fc2769a1b78a27578f13a17b -> 
  custom:container-demuxer-webm: 4f35f7cbe854078d1ac9338744f61a02 -> 
  custom:video-encoder-webm-vp8: eb34c28f22e8b96e1ab97ce403110664 -> 
  custom:audio-encoder-webm-vorbis: bf7c407c2cedff20999df2af8eb42d56 -> 
  custom:framework-win-MediaFoundation: 216162199b28c13a410421893ffa2e32 -> 
  custom:container-demuxer-ogg: 62fdf1f143b41e24485cea50d1cbac27 -> 
  custom:video-decoder-webm-vp8: 9c59270c3fd7afecdb556c50c9e8de78 -> 
  custom:audio-decoder-ogg-vorbis: bf7c407c2cedff20999df2af8eb42d56 -> 
========================================================================
Received Import Request.
  Time since last request: 16.851788 seconds.
  path: Assets/TextMesh Pro/Examples & Extras/Resources/Fonts & Materials/LiberationSans SDF - Overlay.mat
  artifactKey: Guid(9ad269c99dcf42b7aedefd83dd5a7b9d) Importer(815301076,1909f56bfc062723c751e8b465ee728b)
Start importing Assets/TextMesh Pro/Examples & Extras/Resources/Fonts & Materials/LiberationSans SDF - Overlay.mat using Guid(9ad269c99dcf42b7aedefd83dd5a7b9d) Importer(815301076,1909f56bfc062723c751e8b465ee728b)  -> (artifact id: '06d76148ab94f72f06ada6652ac67b76') in 0.107008 seconds 
========================================================================
Received Import Request.
  Time since last request: 0.000030 seconds.
  path: Assets/52SpecialEffectPack/Texture/Ring7.mat
  artifactKey: Guid(0ab4633670105af48a21aa4062e2409a) Importer(815301076,1909f56bfc062723c751e8b465ee728b)
Start importing Assets/52SpecialEffectPack/Texture/Ring7.mat using Guid(0ab4633670105af48a21aa4062e2409a) Importer(815301076,1909f56bfc062723c751e8b465ee728b)  -> (artifact id: 'f1ea4076c66ef643fb89482484d4c954') in 0.021299 seconds 
========================================================================
Received Import Request.
  Time since last request: 0.000039 seconds.
  path: Assets/52SpecialEffectPack/Texture/Line.mat
  artifactKey: Guid(9b398f9028133694dae22929f8f32a1a) Importer(815301076,1909f56bfc062723c751e8b465ee728b)
Start importing Assets/52SpecialEffectPack/Texture/Line.mat using Guid(9b398f9028133694dae22929f8f32a1a) Importer(815301076,1909f56bfc062723c751e8b465ee728b)  -> (artifact id: '9a4084a2a6d681896e365713df4ac69e') in 0.021204 seconds 
========================================================================
Received Import Request.
  Time since last request: 0.000025 seconds.
  path: Assets/52SpecialEffectPack/Texture/Star3.mat
  artifactKey: Guid(6468e83b5ee73a04287f94a26ef7a66e) Importer(815301076,1909f56bfc062723c751e8b465ee728b)
Start importing Assets/52SpecialEffectPack/Texture/Star3.mat using Guid(6468e83b5ee73a04287f94a26ef7a66e) Importer(815301076,1909f56bfc062723c751e8b465ee728b)  -> (artifact id: '7d5f8ef4d4118ddb61b4719ce2dd679d') in 0.019841 seconds 
========================================================================
Received Import Request.
  Time since last request: 0.000025 seconds.
  path: Assets/Kawaii Slimes/Materials/Slime 1/Slime1_Viking.mat
  artifactKey: Guid(a027387037c52884fbdb0ba64da507c6) Importer(815301076,1909f56bfc062723c751e8b465ee728b)
Start importing Assets/Kawaii Slimes/Materials/Slime 1/Slime1_Viking.mat using Guid(a027387037c52884fbdb0ba64da507c6) Importer(815301076,1909f56bfc062723c751e8b465ee728b)  -> (artifact id: 'ae5815022db158f0f9e1c9b0c7985101') in 0.028991 seconds 
========================================================================
Received Import Request.
  Time since last request: 0.000024 seconds.
  path: Assets/52SpecialEffectPack/Texture/MagicCircle2.mat
  artifactKey: Guid(68f946c2ec132c140a06e9ef96a205e9) Importer(815301076,1909f56bfc062723c751e8b465ee728b)
Start importing Assets/52SpecialEffectPack/Texture/MagicCircle2.mat using Guid(68f946c2ec132c140a06e9ef96a205e9) Importer(815301076,1909f56bfc062723c751e8b465ee728b)  -> (artifact id: '55318cd275ca97145eb44d7c63038351') in 0.022553 seconds 
========================================================================
Received Import Request.
  Time since last request: 0.000032 seconds.
  path: Assets/52SpecialEffectPack/Texture/MagicLine.mat
  artifactKey: Guid(3fa4b2049340b4f4e9f7b0045a73b543) Importer(815301076,1909f56bfc062723c751e8b465ee728b)
Start importing Assets/52SpecialEffectPack/Texture/MagicLine.mat using Guid(3fa4b2049340b4f4e9f7b0045a73b543) Importer(815301076,1909f56bfc062723c751e8b465ee728b)  -> (artifact id: '15907ab7974ff77a9724e00d84525eda') in 0.027896 seconds 
========================================================================
Received Import Request.
  Time since last request: 0.000020 seconds.
  path: Assets/52SpecialEffectPack/Texture/Spark4.mat
  artifactKey: Guid(68a18fadc3832fe4a92ab0c9e7567997) Importer(815301076,1909f56bfc062723c751e8b465ee728b)
Start importing Assets/52SpecialEffectPack/Texture/Spark4.mat using Guid(68a18fadc3832fe4a92ab0c9e7567997) Importer(815301076,1909f56bfc062723c751e8b465ee728b)  -> (artifact id: 'd25774b0acef5469cdb6f80d96cf7837') in 0.019890 seconds 
========================================================================
Received Import Request.
  Time since last request: 0.000019 seconds.
  path: Assets/Kevin Iglesias/Melee Warrior Animations/Materials/MeleeWarriorFloorMaterial.mat
  artifactKey: Guid(e5d65fad54349b94eb4a31a73cdc7323) Importer(815301076,1909f56bfc062723c751e8b465ee728b)
Start importing Assets/Kevin Iglesias/Melee Warrior Animations/Materials/MeleeWarriorFloorMaterial.mat using Guid(e5d65fad54349b94eb4a31a73cdc7323) Importer(815301076,1909f56bfc062723c751e8b465ee728b)  -> (artifact id: '7c77448eb06fe86b2e88bfabd37c68fb') in 0.051440 seconds 
========================================================================
Received Import Request.
  Time since last request: 0.000042 seconds.
  path: Assets/52SpecialEffectPack/Texture/Ring4.mat
  artifactKey: Guid(efc9e3eaad961d64489e52fc06b53ea8) Importer(815301076,1909f56bfc062723c751e8b465ee728b)
Start importing Assets/52SpecialEffectPack/Texture/Ring4.mat using Guid(efc9e3eaad961d64489e52fc06b53ea8) Importer(815301076,1909f56bfc062723c751e8b465ee728b)  -> (artifact id: '1212e93f965ff606be20a768622f8939') in 0.018274 seconds 
========================================================================
Received Import Request.
  Time since last request: 0.000054 seconds.
  path: Assets/Kawaii Slimes/Materials/Slime 1/Slime1_White.mat
  artifactKey: Guid(8c3f067d97073e844a53d8283b2d3820) Importer(815301076,1909f56bfc062723c751e8b465ee728b)
Start importing Assets/Kawaii Slimes/Materials/Slime 1/Slime1_White.mat using Guid(8c3f067d97073e844a53d8283b2d3820) Importer(815301076,1909f56bfc062723c751e8b465ee728b)  -> (artifact id: '727aa53ef880903d3327e0788a5721d3') in 0.019683 seconds 
========================================================================
Received Import Request.
  Time since last request: 0.000027 seconds.
  path: Assets/TextMesh Pro/Examples & Extras/Resources/Fonts & Materials/Roboto-Bold SDF.asset
  artifactKey: Guid(5302535af1044152a457ed104f1f4b91) Importer(815301076,1909f56bfc062723c751e8b465ee728b)
Start importing Assets/TextMesh Pro/Examples & Extras/Resources/Fonts & Materials/Roboto-Bold SDF.asset using Guid(5302535af1044152a457ed104f1f4b91) Importer(815301076,1909f56bfc062723c751e8b465ee728b)  -> (artifact id: 'dec0143a30fcfcf7861befa852fbca0c') in 0.056644 seconds 
========================================================================
Received Import Request.
  Time since last request: 0.000026 seconds.
  path: Assets/52SpecialEffectPack/Texture/MagicCircle3.mat
  artifactKey: Guid(d07d35f4cb5a3d148a20340d9f822706) Importer(815301076,1909f56bfc062723c751e8b465ee728b)
Start importing Assets/52SpecialEffectPack/Texture/MagicCircle3.mat using Guid(d07d35f4cb5a3d148a20340d9f822706) Importer(815301076,1909f56bfc062723c751e8b465ee728b)  -> (artifact id: '843fafb34ea0d72cd03a1a0a55454bce') in 0.019458 seconds 
========================================================================
Received Import Request.
  Time since last request: 0.000027 seconds.
  path: Assets/52SpecialEffectPack/Texture/Ring5.mat
  artifactKey: Guid(c061c555d0180d54d8d4a51514f0d2d5) Importer(815301076,1909f56bfc062723c751e8b465ee728b)
Start importing Assets/52SpecialEffectPack/Texture/Ring5.mat using Guid(c061c555d0180d54d8d4a51514f0d2d5) Importer(815301076,1909f56bfc062723c751e8b465ee728b)  -> (artifact id: '0846fe5166efc967b305bf3fbc2d50ff') in 0.009495 seconds 
========================================================================
Received Import Request.
  Time since last request: 0.000055 seconds.
  path: Assets/52SpecialEffectPack/Texture/Ring3.mat
  artifactKey: Guid(c358ce2baab9c294b89630c7e3f48b1a) Importer(815301076,1909f56bfc062723c751e8b465ee728b)
Start importing Assets/52SpecialEffectPack/Texture/Ring3.mat using Guid(c358ce2baab9c294b89630c7e3f48b1a) Importer(815301076,1909f56bfc062723c751e8b465ee728b)  -> (artifact id: '858b0e01303a6addcbee450c152bd70f') in 0.019656 seconds 
========================================================================
Received Import Request.
  Time since last request: 0.000023 seconds.
  path: Assets/Kawaii Slimes/Materials/Slime 1/Slime1_King.mat
  artifactKey: Guid(507fed0338ce65948937cd10a0904a51) Importer(815301076,1909f56bfc062723c751e8b465ee728b)
Start importing Assets/Kawaii Slimes/Materials/Slime 1/Slime1_King.mat using Guid(507fed0338ce65948937cd10a0904a51) Importer(815301076,1909f56bfc062723c751e8b465ee728b)  -> (artifact id: '221bea2fc1ef96dd9a0c248ca2aece57') in 0.033982 seconds 
========================================================================
Received Import Request.
  Time since last request: 0.000025 seconds.
  path: Assets/TextMesh Pro/Examples & Extras/Resources/Fonts & Materials/Roboto-Bold SDF - Surface.mat
  artifactKey: Guid(e6b276ec991f467aa14ef1f3cc665993) Importer(815301076,1909f56bfc062723c751e8b465ee728b)
Start importing Assets/TextMesh Pro/Examples & Extras/Resources/Fonts & Materials/Roboto-Bold SDF - Surface.mat using Guid(e6b276ec991f467aa14ef1f3cc665993) Importer(815301076,1909f56bfc062723c751e8b465ee728b)  -> (artifact id: 'fa738e9cf518c81bedcc7220168f944b') in 0.051416 seconds 
========================================================================
Received Import Request.
  Time since last request: 0.000023 seconds.
  path: Assets/52SpecialEffectPack/Texture/Star5.mat
  artifactKey: Guid(3c536db6bf666d74e99d046d6a933d61) Importer(815301076,1909f56bfc062723c751e8b465ee728b)
Start importing Assets/52SpecialEffectPack/Texture/Star5.mat using Guid(3c536db6bf666d74e99d046d6a933d61) Importer(815301076,1909f56bfc062723c751e8b465ee728b)  -> (artifact id: '5e885f0d21eef9280a9202e60245a60c') in 0.020535 seconds 
========================================================================
Received Import Request.
  Time since last request: 0.000045 seconds.
  path: Assets/52SpecialEffectPack/Texture/Line2.mat
  artifactKey: Guid(2fad6ffb40190b1469e647211c335c80) Importer(815301076,1909f56bfc062723c751e8b465ee728b)
Start importing Assets/52SpecialEffectPack/Texture/Line2.mat using Guid(2fad6ffb40190b1469e647211c335c80) Importer(815301076,1909f56bfc062723c751e8b465ee728b)  -> (artifact id: '28bce6053d4760782c98ef4dcdc215c8') in 0.024554 seconds 
========================================================================
Received Import Request.
  Time since last request: 0.000026 seconds.
  path: Assets/TextMesh Pro/Examples & Extras/Materials/Small Crate_diffuse.mat
  artifactKey: Guid(22262639920f43d6be32430e4e58350d) Importer(815301076,1909f56bfc062723c751e8b465ee728b)
Start importing Assets/TextMesh Pro/Examples & Extras/Materials/Small Crate_diffuse.mat using Guid(22262639920f43d6be32430e4e58350d) Importer(815301076,1909f56bfc062723c751e8b465ee728b)  -> (artifact id: '2b45f1dbe35e1f2a9cdb96d3c615b0aa') in 0.238425 seconds 
========================================================================
Received Prepare
Registering precompiled user dll's ...
Registered in 0.006162 seconds.
Begin MonoManager ReloadAssembly
Symbol file LoadedFromMemory doesn't match image C:\Users\USER\Documents\GitHub\2023-2-gameProgramming\My project\Library\PackageCache\com.unity.visualscripting@1.8.0\Editor\VisualScripting.Core\Dependencies\YamlDotNet\Unity.VisualScripting.YamlDotNet.dll
Symbol file LoadedFromMemory doesn't match image C:\Users\USER\Documents\GitHub\2023-2-gameProgramming\My project\Library\PackageCache\com.unity.visualscripting@1.8.0\Editor\VisualScripting.Core\Dependencies\DotNetZip\Unity.VisualScripting.IonicZip.dll
Native extension for WindowsStandalone target not found
Refreshing native plugins compatible for Editor in 0.67 ms, found 3 plugins.
Preloading 0 native plugins for Editor in 0.00 ms.
Mono: successfully reloaded assembly
- Completed reload, in  1.252 seconds
Domain Reload Profiling:
	ReloadAssembly (1253ms)
		BeginReloadAssembly (111ms)
			ExecutionOrderSort (0ms)
			DisableScriptedObjects (3ms)
			BackupInstance (0ms)
			ReleaseScriptingObjects (0ms)
			CreateAndSetChildDomain (27ms)
		EndReloadAssembly (1050ms)
			LoadAssemblies (72ms)
			RebuildTransferFunctionScriptingTraits (0ms)
			SetupTypeCache (228ms)
			ReleaseScriptCaches (2ms)
			RebuildScriptCaches (53ms)
			SetupLoadedEditorAssemblies (620ms)
				LogAssemblyErrors (0ms)
				InitializePlatformSupportModulesInManaged (7ms)
				SetLoadedEditorAssemblies (1ms)
				RefreshPlugins (1ms)
				BeforeProcessingInitializeOnLoad (73ms)
				ProcessInitializeOnLoadAttributes (501ms)
				ProcessInitializeOnLoadMethodAttributes (27ms)
				AfterProcessingInitializeOnLoad (10ms)
				EditorAssembliesLoaded (0ms)
			ExecutionOrderSort2 (0ms)
			AwakeInstancesAfterBackupRestoration (7ms)
Platform modules already initialized, skipping
Shader 'SimpleURPToonLitExample(With Outline)': fallback shader 'Hidden/Universal Render Pipeline/FallbackError' not found
Shader 'SimpleURPToonLitExample(With Outline)': fallback shader 'Hidden/Universal Render Pipeline/FallbackError' not found
Refreshing native plugins compatible for Editor in 4.34 ms, found 3 plugins.
Preloading 0 native plugins for Editor in 0.00 ms.
Unloading 3135 Unused Serialized files (Serialized files now loaded: 0)
Unloading 20 unused Assets / (173.7 KB). Loaded Objects now: 3706.
Memory consumption went from 142.8 MB to 142.7 MB.
Total: 4.003000 ms (FindLiveObjects: 0.357500 ms CreateObjectMapping: 0.061300 ms MarkObjects: 3.360400 ms  DeleteObjects: 0.221700 ms)

AssetImportParameters requested are different than current active one (requested -> active):
  custom:video-decoder-ogg-theora: a1e56fd34408186e4bbccfd4996cb3dc -> 
  custom:container-muxer-webm: aa71ff27fc2769a1b78a27578f13a17b -> 
  custom:container-demuxer-webm: 4f35f7cbe854078d1ac9338744f61a02 -> 
  custom:video-encoder-webm-vp8: eb34c28f22e8b96e1ab97ce403110664 -> 
  custom:audio-encoder-webm-vorbis: bf7c407c2cedff20999df2af8eb42d56 -> 
  custom:framework-win-MediaFoundation: 216162199b28c13a410421893ffa2e32 -> 
  custom:container-demuxer-ogg: 62fdf1f143b41e24485cea50d1cbac27 -> 
  custom:video-decoder-webm-vp8: 9c59270c3fd7afecdb556c50c9e8de78 -> 
  custom:audio-decoder-ogg-vorbis: bf7c407c2cedff20999df2af8eb42d56 -> 
========================================================================
Received Prepare
Registering precompiled user dll's ...
Registered in 0.009824 seconds.
Begin MonoManager ReloadAssembly
Symbol file LoadedFromMemory doesn't match image C:\Users\USER\Documents\GitHub\2023-2-gameProgramming\My project\Library\PackageCache\com.unity.visualscripting@1.8.0\Editor\VisualScripting.Core\Dependencies\YamlDotNet\Unity.VisualScripting.YamlDotNet.dll
Symbol file LoadedFromMemory doesn't match image C:\Users\USER\Documents\GitHub\2023-2-gameProgramming\My project\Library\PackageCache\com.unity.visualscripting@1.8.0\Editor\VisualScripting.Core\Dependencies\DotNetZip\Unity.VisualScripting.IonicZip.dll
Native extension for WindowsStandalone target not found
Refreshing native plugins compatible for Editor in 0.98 ms, found 3 plugins.
Preloading 0 native plugins for Editor in 0.00 ms.
Mono: successfully reloaded assembly
- Completed reload, in  1.410 seconds
Domain Reload Profiling:
	ReloadAssembly (1411ms)
		BeginReloadAssembly (123ms)
			ExecutionOrderSort (0ms)
			DisableScriptedObjects (4ms)
			BackupInstance (0ms)
			ReleaseScriptingObjects (0ms)
			CreateAndSetChildDomain (33ms)
		EndReloadAssembly (1171ms)
			LoadAssemblies (83ms)
			RebuildTransferFunctionScriptingTraits (0ms)
			SetupTypeCache (370ms)
			ReleaseScriptCaches (2ms)
			RebuildScriptCaches (50ms)
			SetupLoadedEditorAssemblies (581ms)
				LogAssemblyErrors (0ms)
				InitializePlatformSupportModulesInManaged (8ms)
				SetLoadedEditorAssemblies (1ms)
				RefreshPlugins (1ms)
				BeforeProcessingInitializeOnLoad (73ms)
				ProcessInitializeOnLoadAttributes (459ms)
				ProcessInitializeOnLoadMethodAttributes (28ms)
				AfterProcessingInitializeOnLoad (10ms)
				EditorAssembliesLoaded (0ms)
			ExecutionOrderSort2 (0ms)
			AwakeInstancesAfterBackupRestoration (9ms)
Platform modules already initialized, skipping
Shader 'SimpleURPToonLitExample(With Outline)': fallback shader 'Hidden/Universal Render Pipeline/FallbackError' not found
Shader 'SimpleURPToonLitExample(With Outline)': fallback shader 'Hidden/Universal Render Pipeline/FallbackError' not found
Refreshing native plugins compatible for Editor in 2.44 ms, found 3 plugins.
Preloading 0 native plugins for Editor in 0.00 ms.
Unloading 3135 Unused Serialized files (Serialized files now loaded: 0)
Unloading 20 unused Assets / (173.8 KB). Loaded Objects now: 3709.
Memory consumption went from 142.8 MB to 142.7 MB.
Total: 3.601900 ms (FindLiveObjects: 0.249200 ms CreateObjectMapping: 0.091900 ms MarkObjects: 3.089000 ms  DeleteObjects: 0.169700 ms)

AssetImportParameters requested are different than current active one (requested -> active):
  custom:video-decoder-ogg-theora: a1e56fd34408186e4bbccfd4996cb3dc -> 
  custom:container-muxer-webm: aa71ff27fc2769a1b78a27578f13a17b -> 
  custom:container-demuxer-webm: 4f35f7cbe854078d1ac9338744f61a02 -> 
  custom:video-encoder-webm-vp8: eb34c28f22e8b96e1ab97ce403110664 -> 
  custom:audio-encoder-webm-vorbis: bf7c407c2cedff20999df2af8eb42d56 -> 
  custom:framework-win-MediaFoundation: 216162199b28c13a410421893ffa2e32 -> 
  custom:container-demuxer-ogg: 62fdf1f143b41e24485cea50d1cbac27 -> 
  custom:video-decoder-webm-vp8: 9c59270c3fd7afecdb556c50c9e8de78 -> 
  custom:audio-decoder-ogg-vorbis: bf7c407c2cedff20999df2af8eb42d56 -> 
Editor requested this worker to shutdown with reason: Scaling down because of idle timeout
AssetImportWorkerClient::OnTransportError - code=2 error=End of file
AssetImportWorker is now disconnected from the server
Process exiting
Exiting without the bug reporter. Application will terminate with return code 0